#
# A fatal error has been detected by the Java Runtime Environment:
#
#  EXCEPTION_ACCESS_VIOLATION (0xc0000005) at pc=0x000000006c5070a2, pid=16412, tid=0x0000000000000cd8
#
# JRE version: Java(TM) SE Runtime Environment (8.0_121-b13) (build 1.8.0_121-b13)
# Java VM: Java HotSpot(TM) 64-Bit Server VM (25.121-b13 mixed mode windows-amd64 compressed oops)
# Problematic frame:
# C  [csound64.dll+0x70a2]
#
# Failed to write core dump. Minidumps are not enabled by default on client versions of Windows
#
# If you would like to submit a bug report, please visit:
#   http://bugreport.java.com/bugreport/crash.jsp
# The crash happened outside the Java Virtual Machine in native code.
# See problematic frame for where to report the bug.
#

---------------  T H R E A D  ---------------

Current thread (0x00000000026e1000):  JavaThread "main" [_thread_in_native, id=3288, stack(0x0000000000eb0000,0x0000000000fb0000)]

siginfo: ExceptionCode=0xc0000005, reading address 0x0000000000000000

Registers:
RAX=0x000000001c949720, RBX=0x000000001bc63230, RCX=0x0000000000000000, RDX=0x0000000000000000
RSP=0x0000000000faeef0, RBP=0x0000000000000000, RSI=0x0000000000000000, RDI=0x0000000000000000
R8 =0x0000000000000000, R9 =0x0000000000000003, R10=0x0000000000000000, R11=0x00007ffe31eeca4b
R12=0x0000000000000000, R13=0x000000001938aee0, R14=0x0000000000faf078, R15=0x00000000026e1000
RIP=0x000000006c5070a2, EFLAGS=0x0000000000010246

Top of Stack: (sp=0x0000000000faeef0)
0x0000000000faeef0:   000000001bc63230 000000006c506ed1
0x0000000000faef00:   000000001b874fb0 0000000000000000
0x0000000000faef10:   000000001b874fb0 0000000000000000
0x0000000000faef20:   000000001b882830 000000006c5046d4
0x0000000000faef30:   00000000026e0610 0000000071b3b616
0x0000000000faef40:   0000000000faf358 0000000000000000
0x0000000000faef50:   0000000000000000 00000000026e11f8
0x0000000000faef60:   0000000000fb1b60 0000000066389291
0x0000000000faef70:   000000001938aee0 00000000026e1000
0x0000000000faef80:   00000000029b7da0 00000000029c7e06
0x0000000000faef90:   00000000026e0600 000000001938aee0
0x0000000000faefa0:   0000000040000021 00000000029b7da0
0x0000000000faefb0:   0000000000faf040 00000000029c7f74
0x0000000000faefc0:   00000000029b7da0 00000000029c7cdd
0x0000000000faefd0:   00000000026e1000 000000001938aee0
0x0000000000faefe0:   0000000000000000 00000000026e1000 

Instructions: (pc=0x000000006c5070a2)
0x000000006c507082:   4e 79 23 00 48 8d 15 fe 9e 1d 00 48 8d 48 60 e8
0x000000006c507092:   ba fd ff ff b9 07 00 00 00 e8 10 59 19 00 31 ff
0x000000006c5070a2:   80 3e 00 89 d1 0f 85 41 ff ff ff eb 85 90 56 53
0x000000006c5070b2:   48 83 ec 28 48 8b 31 48 89 cb 48 89 f1 e8 54 57 


Register to memory mapping:

RAX=0x000000001c949720 is an unknown value
RBX=0x000000001bc63230 is an unknown value
RCX=0x0000000000000000 is an unknown value
RDX=0x0000000000000000 is an unknown value
RSP=0x0000000000faeef0 is pointing into the stack for thread: 0x00000000026e1000
RBP=0x0000000000000000 is an unknown value
RSI=0x0000000000000000 is an unknown value
RDI=0x0000000000000000 is an unknown value
R8 =0x0000000000000000 is an unknown value
R9 =0x0000000000000003 is an unknown value
R10=0x0000000000000000 is an unknown value
R11=0x00007ffe31eeca4b is an unknown value
R12=0x0000000000000000 is an unknown value
R13={method} {0x000000001938aee8} 'Csound_ReadScore' '(JLcsnd6/Csound;Ljava/lang/String;)I' in 'csnd6/csnd6JNI'
R14=0x0000000000faf078 is pointing into the stack for thread: 0x00000000026e1000
R15=0x00000000026e1000 is a thread


Stack: [0x0000000000eb0000,0x0000000000fb0000],  sp=0x0000000000faeef0,  free space=1019k
Native frames: (J=compiled Java code, j=interpreted, Vv=VM code, C=native code)

Java frames: (J=compiled Java code, j=interpreted, Vv=VM code)
j  csnd6.csnd6JNI.Csound_ReadScore(JLcsnd6/Csound;Ljava/lang/String;)I+0
j  csnd6.Csound.ReadScore(Ljava/lang/String;)I+6
j  audio.RenderGrains.main([Ljava/lang/String;)V+96
v  ~StubRoutines::call_stub

---------------  P R O C E S S  ---------------

Java Threads: ( => current thread )
  0x000000001b270800 JavaThread "Service Thread" daemon [_thread_blocked, id=4612, stack(0x000000001b650000,0x000000001b750000)]
  0x0000000019909800 JavaThread "C1 CompilerThread2" daemon [_thread_blocked, id=10892, stack(0x000000001b150000,0x000000001b250000)]
  0x00000000198ff800 JavaThread "C2 CompilerThread1" daemon [_thread_blocked, id=9592, stack(0x000000001b050000,0x000000001b150000)]
  0x00000000198fd000 JavaThread "C2 CompilerThread0" daemon [_thread_blocked, id=13736, stack(0x000000001af50000,0x000000001b050000)]
  0x00000000198fb800 JavaThread "Attach Listener" daemon [_thread_blocked, id=15324, stack(0x000000001ae50000,0x000000001af50000)]
  0x0000000019905000 JavaThread "Signal Dispatcher" daemon [_thread_blocked, id=13168, stack(0x000000001ad50000,0x000000001ae50000)]
  0x00000000198ea800 JavaThread "Finalizer" daemon [_thread_blocked, id=13880, stack(0x000000001ab60000,0x000000001ac60000)]
  0x00000000027d0000 JavaThread "Reference Handler" daemon [_thread_blocked, id=1800, stack(0x000000001aa60000,0x000000001ab60000)]
=>0x00000000026e1000 JavaThread "main" [_thread_in_native, id=3288, stack(0x0000000000eb0000,0x0000000000fb0000)]

Other Threads:
  0x00000000198c8800 VMThread [stack: 0x000000001a960000,0x000000001aa60000] [id=14356]
  0x000000001b299000 WatcherThread [stack: 0x000000001b750000,0x000000001b850000] [id=7300]

VM state:not at safepoint (normal execution)

VM Mutex/Monitor currently owned by a thread: None

Heap:
 PSYoungGen      total 56832K, used 2949K [0x0000000780b00000, 0x0000000784a00000, 0x00000007c0000000)
  eden space 49152K, 6% used [0x0000000780b00000,0x0000000780de14b8,0x0000000783b00000)
  from space 7680K, 0% used [0x0000000784280000,0x0000000784280000,0x0000000784a00000)
  to   space 7680K, 0% used [0x0000000783b00000,0x0000000783b00000,0x0000000784280000)
 ParOldGen       total 130048K, used 0K [0x0000000702000000, 0x0000000709f00000, 0x0000000780b00000)
  object space 130048K, 0% used [0x0000000702000000,0x0000000702000000,0x0000000709f00000)
 Metaspace       used 3955K, capacity 4880K, committed 5120K, reserved 1056768K
  class space    used 443K, capacity 460K, committed 512K, reserved 1048576K

Card table byte_map: [0x0000000011d70000,0x0000000012370000] byte_map_base: 0x000000000e560000

Marking Bits: (ParMarkBitMap*) 0x000000007229b6d0
 Begin Bits: [0x0000000012a70000, 0x00000000159f0000)
 End Bits:   [0x00000000159f0000, 0x0000000018970000)

Polling page: 0x00000000005f0000

CodeCache: size=245760Kb used=1246Kb max_used=1246Kb free=244513Kb
 bounds [0x00000000029b0000, 0x0000000002c20000, 0x00000000119b0000]
 total_blobs=402 nmethods=74 adapters=241
 compilation: enabled

Compilation events (10 events):
Event: 0.109 Thread 0x0000000019909800   70       1       java.nio.Buffer::limit (5 bytes)
Event: 0.109 Thread 0x0000000019909800 nmethod 70 0x0000000002ae6850 code [0x0000000002ae69a0, 0x0000000002ae6ab0]
Event: 0.109 Thread 0x0000000019909800   71       3       sun.nio.cs.SingleByte$Encoder::encode (32 bytes)
Event: 0.109 Thread 0x0000000019909800 nmethod 71 0x0000000002ae6b10 code [0x0000000002ae6c80, 0x0000000002ae6e90]
Event: 0.109 Thread 0x0000000019909800   72       3       java.lang.StringBuilder::<init> (7 bytes)
Event: 0.109 Thread 0x0000000019909800 nmethod 72 0x0000000002ae6fd0 code [0x0000000002ae7140, 0x0000000002ae73f0]
Event: 0.109 Thread 0x0000000019909800   73       1       java.net.URL::getProtocol (5 bytes)
Event: 0.109 Thread 0x0000000019909800 nmethod 73 0x0000000002ae7510 code [0x0000000002ae7660, 0x0000000002ae7770]
Event: 0.110 Thread 0x0000000019909800   74       3       java.nio.Buffer::checkIndex (22 bytes)
Event: 0.110 Thread 0x0000000019909800 nmethod 74 0x0000000002ae77d0 code [0x0000000002ae7940, 0x0000000002ae7b88]

GC Heap History (0 events):
No events

Deoptimization events (0 events):
No events

Internal exceptions (7 events):
Event: 0.029 Thread 0x00000000026e1000 Exception <a 'java/lang/NoSuchMethodError': Method sun.misc.Unsafe.defineClass(Ljava/lang/String;[BII)Ljava/lang/Class; name or signature does not match> (0x0000000780b07ca8) thrown at [C:\re\workspace\8-2-build-windows-amd64-cygwin\jdk8u121\8372\hotspot\
Event: 0.029 Thread 0x00000000026e1000 Exception <a 'java/lang/NoSuchMethodError': Method sun.misc.Unsafe.prefetchRead(Ljava/lang/Object;J)V name or signature does not match> (0x0000000780b07f90) thrown at [C:\re\workspace\8-2-build-windows-amd64-cygwin\jdk8u121\8372\hotspot\src\share\vm\prims
Event: 0.102 Thread 0x00000000026e1000 Exception <a 'java/security/PrivilegedActionException'> (0x0000000780cec978) thrown at [C:\re\workspace\8-2-build-windows-amd64-cygwin\jdk8u121\8372\hotspot\src\share\vm\prims\jvm.cpp, line 1390]
Event: 0.102 Thread 0x00000000026e1000 Exception <a 'java/security/PrivilegedActionException'> (0x0000000780cecd70) thrown at [C:\re\workspace\8-2-build-windows-amd64-cygwin\jdk8u121\8372\hotspot\src\share\vm\prims\jvm.cpp, line 1390]
Event: 0.102 Thread 0x00000000026e1000 Exception <a 'java/security/PrivilegedActionException'> (0x0000000780cf0bc8) thrown at [C:\re\workspace\8-2-build-windows-amd64-cygwin\jdk8u121\8372\hotspot\src\share\vm\prims\jvm.cpp, line 1390]
Event: 0.102 Thread 0x00000000026e1000 Exception <a 'java/security/PrivilegedActionException'> (0x0000000780cf0fc0) thrown at [C:\re\workspace\8-2-build-windows-amd64-cygwin\jdk8u121\8372\hotspot\src\share\vm\prims\jvm.cpp, line 1390]
Event: 0.108 Thread 0x00000000026e1000 Exception <a 'java/io/FileNotFoundException'> (0x0000000780d07118) thrown at [C:\re\workspace\8-2-build-windows-amd64-cygwin\jdk8u121\8372\hotspot\src\share\vm\prims\jni.cpp, line 709]

Events (10 events):
Event: 0.108 loading class java/lang/Throwable$WrappedPrintStream
Event: 0.108 loading class java/lang/Throwable$PrintStreamOrWriter
Event: 0.108 loading class java/lang/Throwable$PrintStreamOrWriter done
Event: 0.108 loading class java/lang/Throwable$WrappedPrintStream done
Event: 0.108 loading class java/util/IdentityHashMap
Event: 0.108 loading class java/util/IdentityHashMap done
Event: 0.109 loading class java/util/IdentityHashMap$KeySet
Event: 0.109 loading class java/util/IdentityHashMap$KeySet done
Event: 0.109 loading class csnd6/Csound
Event: 0.109 loading class csnd6/Csound done


Dynamic libraries:
0x00007ff6a3e70000 - 0x00007ff6a3ea7000 	C:\Program Files\Java\jre1.8.0_121\bin\javaw.exe
0x00007ffe31e40000 - 0x00007ffe32011000 	C:\WINDOWS\SYSTEM32\ntdll.dll
0x00007ffe31610000 - 0x00007ffe316bc000 	C:\WINDOWS\System32\KERNEL32.DLL
0x00007ffe2e330000 - 0x00007ffe2e54d000 	C:\WINDOWS\System32\KERNELBASE.dll
0x00007ffe31730000 - 0x00007ffe317d2000 	C:\WINDOWS\System32\ADVAPI32.dll
0x00007ffe2fb80000 - 0x00007ffe2fc1e000 	C:\WINDOWS\System32\msvcrt.dll
0x00007ffe316d0000 - 0x00007ffe31729000 	C:\WINDOWS\System32\sechost.dll
0x00007ffe31370000 - 0x00007ffe31491000 	C:\WINDOWS\System32\RPCRT4.dll
0x00007ffe314a0000 - 0x00007ffe31605000 	C:\WINDOWS\System32\USER32.dll
0x00007ffe2e550000 - 0x00007ffe2e56e000 	C:\WINDOWS\System32\win32u.dll
0x00007ffe31e00000 - 0x00007ffe31e34000 	C:\WINDOWS\System32\GDI32.dll
0x00007ffe2ed70000 - 0x00007ffe2eef2000 	C:\WINDOWS\System32\gdi32full.dll
0x00007ffe23130000 - 0x00007ffe233aa000 	C:\WINDOWS\WinSxS\amd64_microsoft.windows.common-controls_6595b64144ccf1df_6.0.14393.953_none_42151e83c686086b\COMCTL32.dll
0x00007ffe31920000 - 0x00007ffe31be8000 	C:\WINDOWS\System32\combase.dll
0x00007ffe2f2d0000 - 0x00007ffe2f3c5000 	C:\WINDOWS\System32\ucrtbase.dll
0x00007ffe2ec50000 - 0x00007ffe2ecba000 	C:\WINDOWS\System32\bcryptPrimitives.dll
0x00007ffe2f530000 - 0x00007ffe2f55e000 	C:\WINDOWS\System32\IMM32.DLL
0x0000000073de0000 - 0x0000000073eb2000 	C:\Program Files\Java\jre1.8.0_121\bin\msvcr100.dll
0x0000000071a80000 - 0x000000007231b000 	C:\Program Files\Java\jre1.8.0_121\bin\server\jvm.dll
0x00007ffe316c0000 - 0x00007ffe316c8000 	C:\WINDOWS\System32\PSAPI.DLL
0x00007ffe1e110000 - 0x00007ffe1e119000 	C:\WINDOWS\SYSTEM32\WSOCK32.dll
0x00007ffe2c720000 - 0x00007ffe2c743000 	C:\WINDOWS\SYSTEM32\WINMM.dll
0x00007ffe233c0000 - 0x00007ffe233ca000 	C:\WINDOWS\SYSTEM32\VERSION.dll
0x00007ffe31300000 - 0x00007ffe3136a000 	C:\WINDOWS\System32\WS2_32.dll
0x00000000009d0000 - 0x00000000009fb000 	C:\WINDOWS\SYSTEM32\WINMMBASE.dll
0x00007ffe2ef60000 - 0x00007ffe2efa2000 	C:\WINDOWS\System32\cfgmgr32.dll
0x00000000744c0000 - 0x00000000744cf000 	C:\Program Files\Java\jre1.8.0_121\bin\verify.dll
0x0000000074490000 - 0x00000000744b9000 	C:\Program Files\Java\jre1.8.0_121\bin\java.dll
0x0000000074470000 - 0x0000000074486000 	C:\Program Files\Java\jre1.8.0_121\bin\zip.dll
0x00007ffe2fd80000 - 0x00007ffe31288000 	C:\WINDOWS\System32\SHELL32.dll
0x00007ffe2e570000 - 0x00007ffe2ec4a000 	C:\WINDOWS\System32\windows.storage.dll
0x00007ffe2e2c0000 - 0x00007ffe2e30c000 	C:\WINDOWS\System32\powrprof.dll
0x00007ffe2f990000 - 0x00007ffe2f9e2000 	C:\WINDOWS\System32\shlwapi.dll
0x00007ffe2e310000 - 0x00007ffe2e31f000 	C:\WINDOWS\System32\kernel.appcore.dll
0x00007ffe2efb0000 - 0x00007ffe2f059000 	C:\WINDOWS\System32\shcore.dll
0x00007ffe2e2a0000 - 0x00007ffe2e2b4000 	C:\WINDOWS\System32\profapi.dll
0x0000000066380000 - 0x0000000066632000 	C:\Program Files\Csound6_x64\bin\_jcsound6.dll
0x000000006c500000 - 0x000000006d3ef000 	C:\Program Files\Csound6_x64\bin\csound64.dll
0x000000006fe00000 - 0x0000000070110000 	C:\Program Files\Csound6_x64\bin\csnd6.dll
0x0000000070440000 - 0x00000000705c0000 	C:\Program Files\Csound6_x64\bin\libsndfile-1.dll
0x0000000074450000 - 0x000000007446a000 	C:\Program Files\Java\jre1.8.0_121\bin\net.dll
0x00007ffe2db70000 - 0x00007ffe2dbcc000 	C:\WINDOWS\system32\mswsock.dll
0x0000000074430000 - 0x0000000074441000 	C:\Program Files\Java\jre1.8.0_121\bin\nio.dll
0x0000000064c40000 - 0x0000000064c6d000 	C:\Program Files\Csound6_x64\plugins64\ampmidid.dll
0x0000000067d40000 - 0x0000000067d6f000 	C:\Program Files\Csound6_x64\plugins64\buchla.dll
0x0000000069380000 - 0x00000000693a7000 	C:\Program Files\Csound6_x64\plugins64\cellular.dll
0x0000000065c40000 - 0x0000000065da4000 	C:\Program Files\Csound6_x64\plugins64\chua.dll
0x00000000679c0000 - 0x00000000679e8000 	C:\Program Files\Csound6_x64\plugins64\cs_date.dll
0x0000000062140000 - 0x0000000062288000 	C:\Program Files\Csound6_x64\plugins64\doppler.dll
0x0000000068740000 - 0x000000006876d000 	C:\Program Files\Csound6_x64\plugins64\exciter.dll
0x00000000027e0000 - 0x0000000002808000 	C:\Program Files\Csound6_x64\plugins64\fareygen.dll
0x0000000063fc0000 - 0x000000006438b000 	C:\Program Files\Csound6_x64\plugins64\fluidOpcodes.dll
0x00007ffe317e0000 - 0x00007ffe31918000 	C:\WINDOWS\System32\ole32.dll
0x00007ffe2f560000 - 0x00007ffe2f989000 	C:\WINDOWS\System32\SETUPAPI.dll
0x00007ffe09cd0000 - 0x00007ffe09d6b000 	C:\WINDOWS\SYSTEM32\DSOUND.dll
0x00007ffe2ca80000 - 0x00007ffe2cb15000 	C:\WINDOWS\system32\uxtheme.dll
0x00007ffe2fa10000 - 0x00007ffe2fb6a000 	C:\WINDOWS\System32\MSCTF.dll
0x00007ffe2f470000 - 0x00007ffe2f52f000 	C:\WINDOWS\System32\OLEAUT32.dll
0x00007ffe2f060000 - 0x00007ffe2f0fc000 	C:\WINDOWS\System32\msvcp_win.dll
0x00007ffe09c30000 - 0x00007ffe09cc8000 	C:\Program Files\Common Files\microsoft shared\ink\tiptsf.dll
0x00007ffe2bf80000 - 0x00007ffe2bfa6000 	C:\WINDOWS\system32\dwmapi.dll
0x0000000061c80000 - 0x0000000061ccc000 	C:\Program Files\Csound6_x64\plugins64\fractalnoise.dll
0x0000000066080000 - 0x00000000660b4000 	C:\Program Files\Csound6_x64\plugins64\framebuffer.dll
0x000000001bdc0000 - 0x000000001bf34000 	C:\Program Files\Csound6_x64\plugins64\ftsamplebank.dll
0x0000000069840000 - 0x0000000069884000 	C:\Program Files\Csound6_x64\plugins64\getftargs.dll
0x0000000068ac0000 - 0x0000000068de3000 	C:\Program Files\Csound6_x64\plugins64\hdf5ops.dll
0x0000000066c80000 - 0x0000000066d03000 	C:\Program Files\Csound6_x64\plugins64\image.dll
0x0000000067300000 - 0x0000000067328000 	C:\Program Files\Csound6_x64\plugins64\ipmidi.dll
0x000000001bf40000 - 0x000000001c289000 	C:\Program Files\Csound6_x64\plugins64\linear_algebra.dll
0x000000006d780000 - 0x000000006d8df000 	C:\Program Files\Csound6_x64\plugins64\LuaCsound.dll
0x0000000066d80000 - 0x0000000066dec000 	C:\Program Files\Csound6_x64\bin\lua51.dll
0x0000000064500000 - 0x0000000064692000 	C:\Program Files\Csound6_x64\plugins64\mixer.dll
0x0000000067a80000 - 0x0000000067ae5000 	C:\Program Files\Csound6_x64\plugins64\osc.dll
0x00007ffe2d8f0000 - 0x00007ffe2d928000 	C:\WINDOWS\SYSTEM32\IPHLPAPI.DLL
0x000000001c290000 - 0x000000001c3bc000 	C:\Program Files\Csound6_x64\plugins64\padsynth.dll
0x000000006f600000 - 0x000000006f633000 	C:\Program Files\Csound6_x64\plugins64\platerev.dll
0x000000006a640000 - 0x000000006a68c000 	C:\Program Files\Csound6_x64\plugins64\pmidi.dll
0x000000001bc80000 - 0x000000001bce0000 	C:\Program Files\Csound6_x64\plugins64\py.dll
0x000000001e000000 - 0x000000001e306000 	C:\Program Files\Csound6_x64\bin\python27.dll
0x0000000073540000 - 0x00000000735e3000 	C:\WINDOWS\WinSxS\amd64_microsoft.vc90.crt_1fc8b3b9a1e18e3b_9.0.30729.9247_none_08e394a1a83e212f\MSVCR90.dll
0x000000001c3c0000 - 0x000000001c3e8000 	C:\Program Files\Csound6_x64\plugins64\quadbezier.dll
0x0000000066e40000 - 0x0000000066ec7000 	C:\Program Files\Csound6_x64\plugins64\rtpa.dll
0x0000000062c40000 - 0x0000000062c70000 	C:\Program Files\Csound6_x64\plugins64\rtwinmm.dll
0x0000000067440000 - 0x00000000674a5000 	C:\Program Files\Csound6_x64\plugins64\scansyn.dll
0x0000000061ec0000 - 0x0000000061ee7000 	C:\Program Files\Csound6_x64\plugins64\select.dll
0x0000000066ac0000 - 0x0000000066ae9000 	C:\Program Files\Csound6_x64\plugins64\serial.dll
0x0000000061780000 - 0x0000000061bcd000 	C:\Program Files\Csound6_x64\plugins64\signalflowgraph.dll
0x000000006f440000 - 0x000000006f58d000 	C:\Program Files\Csound6_x64\plugins64\stdutil.dll
0x000000001c3f0000 - 0x000000001c60e000 	C:\Program Files\Csound6_x64\plugins64\stkops.dll
0x000000001c610000 - 0x000000001c637000 	C:\Program Files\Csound6_x64\plugins64\system_call.dll
0x000000006e740000 - 0x000000006e955000 	C:\Program Files\Csound6_x64\plugins64\virtual.dll
0x000000001c640000 - 0x000000001c917000 	C:\Program Files\Csound6_x64\plugins64\widgets.dll
0x00007ffe2acd0000 - 0x00007ffe2ae62000 	C:\WINDOWS\SYSTEM32\dbghelp.dll

VM Arguments:
jvm_args: -Dfile.encoding=Cp1252 
java_command: audio.RenderGrains
java_class_path (initial): C:\Users\Griffin\Projects\Csound\workspace\Mandelgrain\bin;C:\Users\Griffin\Projects\Csound\workspace\Mandelgrain\csnd6.jar;C:\Users\Griffin\Projects\Csound\workspace\Mandelgrain\core.jar
Launcher Type: SUN_STANDARD

Environment Variables:
PATH=C:/Program Files/Java/jre1.8.0_121/bin/server;C:/Program Files/Java/jre1.8.0_121/bin;C:/Program Files/Java/jre1.8.0_121/lib/amd64;C:\ProgramData\Oracle\Java\javapath;C:\Program Files (x86)\Intel\iCLS Client\;C:\Program Files\Intel\iCLS Client\;C:\WINDOWS\system32;C:\WINDOWS;C:\WINDOWS\System32\Wbem;C:\WINDOWS\System32\WindowsPowerShell\v1.0\;C:\Program Files (x86)\Intel\Intel(R) Management Engine Components\DAL;C:\Program Files\Intel\Intel(R) Management Engine Components\DAL;C:\Program Files (x86)\Intel\Intel(R) Management Engine Components\IPT;C:\Program Files\Intel\Intel(R) Management Engine Components\IPT;C:\Program Files\Intel\WiFi\bin\;C:\Program Files\Common Files\Intel\WirelessCommon\;C:\Program Files\Csound6_x64\bin;C:\Users\Griffin\Anaconda3;C:\Users\Griffin\Anaconda3\Scripts;C:\Users\Griffin\Anaconda3\Library\bin;C:\Users\Griffin\AppData\Local\Microsoft\WindowsApps;;C:\Users\Griffin\eclipse\java-neon\eclipse;
USERNAME=Griffin
OS=Windows_NT
PROCESSOR_IDENTIFIER=Intel64 Family 6 Model 142 Stepping 9, GenuineIntel



---------------  S Y S T E M  ---------------

OS: Windows 10.0 , 64 bit Build 14393 (10.0.14393.1198)

CPU:total 4 (2 cores per cpu, 2 threads per core) family 6 model 142 stepping 9, cmov, cx8, fxsr, mmx, sse, sse2, sse3, ssse3, sse4.1, sse4.2, popcnt, avx, avx2, aes, clmul, erms, 3dnowpref, lzcnt, ht, tsc, tscinvbit, bmi1, bmi2, adx

Memory: 4k page, physical 12449004k(6307496k free), swap 14349548k(7338244k free)

vm_info: Java HotSpot(TM) 64-Bit Server VM (25.121-b13) for windows-amd64 JRE (1.8.0_121-b13), built on Dec 12 2016 18:21:36 by "java_re" with MS VC++ 10.0 (VS2010)

time: Fri May 19 16:45:35 2017
elapsed time: 0 seconds (0d 0h 0m 0s)

