#
# A fatal error has been detected by the Java Runtime Environment:
#
#  EXCEPTION_ACCESS_VIOLATION (0xc0000005) at pc=0x000000006c5070a2, pid=12560, tid=0x00000000000028d0
#
# JRE version: Java(TM) SE Runtime Environment (8.0_121-b13) (build 1.8.0_121-b13)
# Java VM: Java HotSpot(TM) 64-Bit Server VM (25.121-b13 mixed mode windows-amd64 compressed oops)
# Problematic frame:
# C  [csound64.dll+0x70a2]
#
# Failed to write core dump. Minidumps are not enabled by default on client versions of Windows
#
# If you would like to submit a bug report, please visit:
#   http://bugreport.java.com/bugreport/crash.jsp
# The crash happened outside the Java Virtual Machine in native code.
# See problematic frame for where to report the bug.
#

---------------  T H R E A D  ---------------

Current thread (0x0000000002c51000):  JavaThread "main" [_thread_in_native, id=10448, stack(0x0000000002ad0000,0x0000000002bd0000)]

siginfo: ExceptionCode=0xc0000005, reading address 0x0000000000000000

Registers:
RAX=0x000000001ec19720, RBX=0x000000001db72e70, RCX=0x0000000000000000, RDX=0x0000000000000000
RSP=0x0000000002bcecf0, RBP=0x0000000000000000, RSI=0x0000000000000000, RDI=0x0000000000000000
R8 =0x0000000000000000, R9 =0x0000000000000003, R10=0x0000000000000000, R11=0x00007ffbc05bbf0b
R12=0x0000000000000000, R13=0x00000000198c5b20, R14=0x0000000002bcee78, R15=0x0000000002c51000
RIP=0x000000006c5070a2, EFLAGS=0x0000000000010246

Top of Stack: (sp=0x0000000002bcecf0)
0x0000000002bcecf0:   000000001db72e70 000000006c506ed1
0x0000000002bced00:   000000001d4f48a0 0000000000000000
0x0000000002bced10:   000000001d4f48a0 0000000000000000
0x0000000002bced20:   000000001d502120 000000006c5046d4
0x0000000002bced30:   0000000002c503d0 000000005f30b616
0x0000000002bced40:   0000000002bcf378 0000000000000000
0x0000000002bced50:   0000000000000000 0000000002c511f8
0x0000000002bced60:   0000000000bb1b80 0000000066389291
0x0000000002bced70:   00000000198c5b20 0000000002c51000
0x0000000002bced80:   0000000002d57da0 0000000002d67e06
0x0000000002bced90:   0000000002c50300 00000000198c5b20
0x0000000002bceda0:   000000000000006a 0000000002d57da0
0x0000000002bcedb0:   0000000002bcee40 0000000002d67f74
0x0000000002bcedc0:   0000000002d57da0 0000000002d67cdd
0x0000000002bcedd0:   0000000002c51000 00000000198c5b20
0x0000000002bcede0:   0000000000000000 0000000002c51000 

Instructions: (pc=0x000000006c5070a2)
0x000000006c507082:   4e 79 23 00 48 8d 15 fe 9e 1d 00 48 8d 48 60 e8
0x000000006c507092:   ba fd ff ff b9 07 00 00 00 e8 10 59 19 00 31 ff
0x000000006c5070a2:   80 3e 00 89 d1 0f 85 41 ff ff ff eb 85 90 56 53
0x000000006c5070b2:   48 83 ec 28 48 8b 31 48 89 cb 48 89 f1 e8 54 57 


Register to memory mapping:

RAX=0x000000001ec19720 is an unknown value
RBX=0x000000001db72e70 is an unknown value
RCX=0x0000000000000000 is an unknown value
RDX=0x0000000000000000 is an unknown value
RSP=0x0000000002bcecf0 is pointing into the stack for thread: 0x0000000002c51000
RBP=0x0000000000000000 is an unknown value
RSI=0x0000000000000000 is an unknown value
RDI=0x0000000000000000 is an unknown value
R8 =0x0000000000000000 is an unknown value
R9 =0x0000000000000003 is an unknown value
R10=0x0000000000000000 is an unknown value
R11=0x00007ffbc05bbf0b is an unknown value
R12=0x0000000000000000 is an unknown value
R13={method} {0x00000000198c5b28} 'Csound_ReadScore' '(JLcsnd6/Csound;Ljava/lang/String;)I' in 'csnd6/csnd6JNI'
R14=0x0000000002bcee78 is pointing into the stack for thread: 0x0000000002c51000
R15=0x0000000002c51000 is a thread


Stack: [0x0000000002ad0000,0x0000000002bd0000],  sp=0x0000000002bcecf0,  free space=1019k
Native frames: (J=compiled Java code, j=interpreted, Vv=VM code, C=native code)

Java frames: (J=compiled Java code, j=interpreted, Vv=VM code)
j  csnd6.csnd6JNI.Csound_ReadScore(JLcsnd6/Csound;Ljava/lang/String;)I+0
j  csnd6.Csound.ReadScore(Ljava/lang/String;)I+6
j  main.Performer.main([Ljava/lang/String;)V+252
j  main.MediaThread.run()V+14
j  grain.GrainManager.renderAll(Ljava/lang/String;)V+205
j  main.FractalSynth.renderAll(Ljava/lang/String;)V+5
j  main.ScriptReader.render(Ljava/lang/String;)V+5
j  main.ScriptReader.main([Ljava/lang/String;)V+23
v  ~StubRoutines::call_stub

---------------  P R O C E S S  ---------------

Java Threads: ( => current thread )
  0x000000001b710800 JavaThread "Service Thread" daemon [_thread_blocked, id=12340, stack(0x000000001bae0000,0x000000001bbe0000)]
  0x0000000019db2800 JavaThread "C1 CompilerThread2" daemon [_thread_blocked, id=8300, stack(0x000000001b5e0000,0x000000001b6e0000)]
  0x0000000019da5000 JavaThread "C2 CompilerThread1" daemon [_thread_blocked, id=9460, stack(0x000000001b4e0000,0x000000001b5e0000)]
  0x0000000019d9f800 JavaThread "C2 CompilerThread0" daemon [_thread_blocked, id=2676, stack(0x000000001b3e0000,0x000000001b4e0000)]
  0x0000000019d9e000 JavaThread "Attach Listener" daemon [_thread_blocked, id=13216, stack(0x000000001b2e0000,0x000000001b3e0000)]
  0x0000000019d9d000 JavaThread "Signal Dispatcher" daemon [_thread_blocked, id=13132, stack(0x000000001b1e0000,0x000000001b2e0000)]
  0x0000000019d8a800 JavaThread "Finalizer" daemon [_thread_blocked, id=12488, stack(0x000000001aff0000,0x000000001b0f0000)]
  0x0000000002d3f000 JavaThread "Reference Handler" daemon [_thread_blocked, id=10924, stack(0x000000001aef0000,0x000000001aff0000)]
=>0x0000000002c51000 JavaThread "main" [_thread_in_native, id=10448, stack(0x0000000002ad0000,0x0000000002bd0000)]

Other Threads:
  0x0000000019d67800 VMThread [stack: 0x000000001adf0000,0x000000001aef0000] [id=4388]
  0x000000001b733000 WatcherThread [stack: 0x000000001bbe0000,0x000000001bce0000] [id=11508]

VM state:not at safepoint (normal execution)

VM Mutex/Monitor currently owned by a thread: None

Heap:
 PSYoungGen      total 691712K, used 418046K [0x0000000780b00000, 0x00000007c0000000, 0x00000007c0000000)
  eden space 346112K, 59% used [0x0000000780b00000,0x000000078d5b3b28,0x0000000795d00000)
  from space 345600K, 60% used [0x0000000795d00000,0x00000007a2a8c060,0x00000007aae80000)
  to   space 345600K, 0% used [0x00000007aae80000,0x00000007aae80000,0x00000007c0000000)
 ParOldGen       total 1216000K, used 351729K [0x0000000702000000, 0x000000074c380000, 0x0000000780b00000)
  object space 1216000K, 28% used [0x0000000702000000,0x000000071777c6f0,0x000000074c380000)
 Metaspace       used 5547K, capacity 5762K, committed 5888K, reserved 1056768K
  class space    used 610K, capacity 703K, committed 768K, reserved 1048576K

Card table byte_map: [0x0000000012110000,0x0000000012710000] byte_map_base: 0x000000000e900000

Marking Bits: (ParMarkBitMap*) 0x000000005fa6b6d0
 Begin Bits: [0x0000000012f10000, 0x0000000015e90000)
 End Bits:   [0x0000000015e90000, 0x0000000018e10000)

Polling page: 0x0000000002a90000

CodeCache: size=245760Kb used=3023Kb max_used=3023Kb free=242736Kb
 bounds [0x0000000002d50000, 0x0000000003050000, 0x0000000011d50000]
 total_blobs=1043 nmethods=678 adapters=278
 compilation: enabled

Compilation events (10 events):
Event: 33.716 Thread 0x0000000019db2800  674       3       java.nio.CharBuffer::length (5 bytes)
Event: 33.716 Thread 0x0000000019db2800 nmethod 674 0x0000000003044590 code [0x00000000030446e0, 0x0000000003044910]
Event: 33.716 Thread 0x0000000019db2800  677       3       java.nio.CharBuffer::charAt (16 bytes)
Event: 33.716 Thread 0x0000000019db2800 nmethod 677 0x00000000030449d0 code [0x0000000003044b60, 0x0000000003044fd8]
Event: 33.716 Thread 0x0000000019db2800  678       3       java.nio.Buffer::checkIndex (24 bytes)
Event: 33.717 Thread 0x0000000019db2800 nmethod 678 0x0000000003045150 code [0x00000000030452c0, 0x0000000003045508]
Event: 33.717 Thread 0x0000000019db2800  675       3       java.util.regex.Pattern$Dollar::match (209 bytes)
Event: 33.718 Thread 0x0000000019db2800 nmethod 675 0x00000000030455d0 code [0x00000000030457e0, 0x00000000030464d8]
Event: 33.718 Thread 0x0000000019db2800  676       1       java.util.regex.Pattern$All::isSatisfiedBy (2 bytes)
Event: 33.718 Thread 0x0000000019db2800 nmethod 676 0x0000000003046810 code [0x0000000003046960, 0x0000000003046a70]

GC Heap History (10 events):
Event: 23.095 GC heap before
{Heap before GC invocations=25 (full 9):
 PSYoungGen      total 691712K, used 339483K [0x0000000780b00000, 0x00000007c0000000, 0x00000007c0000000)
  eden space 346112K, 0% used [0x0000000780b00000,0x0000000780b00000,0x0000000795d00000)
  from space 345600K, 98% used [0x00000007aae80000,0x00000007bfa06f70,0x00000007c0000000)
  to   space 345600K, 0% used [0x0000000795d00000,0x0000000795d00000,0x00000007aae80000)
 ParOldGen       total 1187328K, used 887727K [0x0000000702000000, 0x000000074a780000, 0x0000000780b00000)
  object space 1187328K, 74% used [0x0000000702000000,0x00000007382ebe28,0x000000074a780000)
 Metaspace       used 4965K, capacity 5090K, committed 5248K, reserved 1056768K
  class space    used 566K, capacity 607K, committed 640K, reserved 1048576K
Event: 23.251 GC heap after
Heap after GC invocations=25 (full 9):
 PSYoungGen      total 691712K, used 0K [0x0000000780b00000, 0x00000007c0000000, 0x00000007c0000000)
  eden space 346112K, 0% used [0x0000000780b00000,0x0000000780b00000,0x0000000795d00000)
  from space 345600K, 0% used [0x00000007aae80000,0x00000007aae80000,0x00000007c0000000)
  to   space 345600K, 0% used [0x0000000795d00000,0x0000000795d00000,0x00000007aae80000)
 ParOldGen       total 938496K, used 179250K [0x0000000702000000, 0x000000073b480000, 0x0000000780b00000)
  object space 938496K, 19% used [0x0000000702000000,0x000000070cf0c928,0x000000073b480000)
 Metaspace       used 4965K, capacity 5090K, committed 5248K, reserved 1056768K
  class space    used 566K, capacity 607K, committed 640K, reserved 1048576K
}
Event: 25.229 GC heap before
{Heap before GC invocations=26 (full 9):
 PSYoungGen      total 691712K, used 346112K [0x0000000780b00000, 0x00000007c0000000, 0x00000007c0000000)
  eden space 346112K, 100% used [0x0000000780b00000,0x0000000795d00000,0x0000000795d00000)
  from space 345600K, 0% used [0x00000007aae80000,0x00000007aae80000,0x00000007c0000000)
  to   space 345600K, 0% used [0x0000000795d00000,0x0000000795d00000,0x00000007aae80000)
 ParOldGen       total 938496K, used 179250K [0x0000000702000000, 0x000000073b480000, 0x0000000780b00000)
  object space 938496K, 19% used [0x0000000702000000,0x000000070cf0c928,0x000000073b480000)
 Metaspace       used 4965K, capacity 5090K, committed 5248K, reserved 1056768K
  class space    used 566K, capacity 607K, committed 640K, reserved 1048576K
Event: 25.292 GC heap after
Heap after GC invocations=26 (full 9):
 PSYoungGen      total 691712K, used 345600K [0x0000000780b00000, 0x00000007c0000000, 0x00000007c0000000)
  eden space 346112K, 0% used [0x0000000780b00000,0x0000000780b00000,0x0000000795d00000)
  from space 345600K, 100% used [0x0000000795d00000,0x00000007aae80000,0x00000007aae80000)
  to   space 345600K, 0% used [0x00000007aae80000,0x00000007aae80000,0x00000007c0000000)
 ParOldGen       total 938496K, used 185762K [0x0000000702000000, 0x000000073b480000, 0x0000000780b00000)
  object space 938496K, 19% used [0x0000000702000000,0x000000070d568958,0x000000073b480000)
 Metaspace       used 4965K, capacity 5090K, committed 5248K, reserved 1056768K
  class space    used 566K, capacity 607K, committed 640K, reserved 1048576K
}
Event: 27.702 GC heap before
{Heap before GC invocations=27 (full 9):
 PSYoungGen      total 691712K, used 691712K [0x0000000780b00000, 0x00000007c0000000, 0x00000007c0000000)
  eden space 346112K, 100% used [0x0000000780b00000,0x0000000795d00000,0x0000000795d00000)
  from space 345600K, 100% used [0x0000000795d00000,0x00000007aae80000,0x00000007aae80000)
  to   space 345600K, 0% used [0x00000007aae80000,0x00000007aae80000,0x00000007c0000000)
 ParOldGen       total 938496K, used 185762K [0x0000000702000000, 0x000000073b480000, 0x0000000780b00000)
  object space 938496K, 19% used [0x0000000702000000,0x000000070d568958,0x000000073b480000)
 Metaspace       used 4965K, capacity 5090K, committed 5248K, reserved 1056768K
  class space    used 566K, capacity 607K, committed 640K, reserved 1048576K
Event: 27.819 GC heap after
Heap after GC invocations=27 (full 9):
 PSYoungGen      total 691712K, used 345594K [0x0000000780b00000, 0x00000007c0000000, 0x00000007c0000000)
  eden space 346112K, 0% used [0x0000000780b00000,0x0000000780b00000,0x0000000795d00000)
  from space 345600K, 99% used [0x00000007aae80000,0x00000007bfffe930,0x00000007c0000000)
  to   space 345600K, 0% used [0x0000000795d00000,0x0000000795d00000,0x00000007aae80000)
 ParOldGen       total 938496K, used 537802K [0x0000000702000000, 0x000000073b480000, 0x0000000780b00000)
  object space 938496K, 57% used [0x0000000702000000,0x0000000722d32958,0x000000073b480000)
 Metaspace       used 4965K, capacity 5090K, committed 5248K, reserved 1056768K
  class space    used 566K, capacity 607K, committed 640K, reserved 1048576K
}
Event: 27.819 GC heap before
{Heap before GC invocations=28 (full 10):
 PSYoungGen      total 691712K, used 345594K [0x0000000780b00000, 0x00000007c0000000, 0x00000007c0000000)
  eden space 346112K, 0% used [0x0000000780b00000,0x0000000780b00000,0x0000000795d00000)
  from space 345600K, 99% used [0x00000007aae80000,0x00000007bfffe930,0x00000007c0000000)
  to   space 345600K, 0% used [0x0000000795d00000,0x0000000795d00000,0x00000007aae80000)
 ParOldGen       total 938496K, used 537802K [0x0000000702000000, 0x000000073b480000, 0x0000000780b00000)
  object space 938496K, 57% used [0x0000000702000000,0x0000000722d32958,0x000000073b480000)
 Metaspace       used 4965K, capacity 5090K, committed 5248K, reserved 1056768K
  class space    used 566K, capacity 607K, committed 640K, reserved 1048576K
Event: 28.017 GC heap after
Heap after GC invocations=28 (full 10):
 PSYoungGen      total 691712K, used 0K [0x0000000780b00000, 0x00000007c0000000, 0x00000007c0000000)
  eden space 346112K, 0% used [0x0000000780b00000,0x0000000780b00000,0x0000000795d00000)
  from space 345600K, 0% used [0x00000007aae80000,0x00000007aae80000,0x00000007c0000000)
  to   space 345600K, 0% used [0x0000000795d00000,0x0000000795d00000,0x00000007aae80000)
 ParOldGen       total 1216000K, used 351729K [0x0000000702000000, 0x000000074c380000, 0x0000000780b00000)
  object space 1216000K, 28% used [0x0000000702000000,0x000000071777c6f0,0x000000074c380000)
 Metaspace       used 4965K, capacity 5090K, committed 5248K, reserved 1056768K
  class space    used 566K, capacity 607K, committed 640K, reserved 1048576K
}
Event: 33.056 GC heap before
{Heap before GC invocations=29 (full 10):
 PSYoungGen      total 691712K, used 346112K [0x0000000780b00000, 0x00000007c0000000, 0x00000007c0000000)
  eden space 346112K, 100% used [0x0000000780b00000,0x0000000795d00000,0x0000000795d00000)
  from space 345600K, 0% used [0x00000007aae80000,0x00000007aae80000,0x00000007c0000000)
  to   space 345600K, 0% used [0x0000000795d00000,0x0000000795d00000,0x00000007aae80000)
 ParOldGen       total 1216000K, used 351729K [0x0000000702000000, 0x000000074c380000, 0x0000000780b00000)
  object space 1216000K, 28% used [0x0000000702000000,0x000000071777c6f0,0x000000074c380000)
 Metaspace       used 4965K, capacity 5090K, committed 5248K, reserved 1056768K
  class space    used 566K, capacity 607K, committed 640K, reserved 1048576K
Event: 33.098 GC heap after
Heap after GC invocations=29 (full 10):
 PSYoungGen      total 691712K, used 210480K [0x0000000780b00000, 0x00000007c0000000, 0x00000007c0000000)
  eden space 346112K, 0% used [0x0000000780b00000,0x0000000780b00000,0x0000000795d00000)
  from space 345600K, 60% used [0x0000000795d00000,0x00000007a2a8c060,0x00000007aae80000)
  to   space 345600K, 0% used [0x00000007aae80000,0x00000007aae80000,0x00000007c0000000)
 ParOldGen       total 1216000K, used 351729K [0x0000000702000000, 0x000000074c380000, 0x0000000780b00000)
  object space 1216000K, 28% used [0x0000000702000000,0x000000071777c6f0,0x000000074c380000)
 Metaspace       used 4965K, capacity 5090K, committed 5248K, reserved 1056768K
  class space    used 566K, capacity 607K, committed 640K, reserved 1048576K
}

Deoptimization events (10 events):
Event: 15.963 Thread 0x0000000002c51000 Uncommon trap: reason=unstable_if action=reinterpret pc=0x0000000002f80520 method=java.io.ObjectOutputStream.defaultWriteFields(Ljava/lang/Object;Ljava/io/ObjectStreamClass;)V @ 43
Event: 15.963 Thread 0x0000000002c51000 Uncommon trap: reason=unstable_if action=reinterpret pc=0x0000000002f7dc48 method=java.io.ObjectStreamClass$FieldReflector.getObjFieldValues(Ljava/lang/Object;[Ljava/lang/Object;)V @ 23
Event: 15.963 Thread 0x0000000002c51000 Uncommon trap: reason=unstable_if action=reinterpret pc=0x0000000002f85c28 method=java.io.ObjectOutputStream$BlockDataOutputStream.setBlockDataMode(Z)Z @ 5
Event: 15.964 Thread 0x0000000002c51000 Uncommon trap: reason=unstable_if action=reinterpret pc=0x0000000002f75018 method=java.lang.ref.SoftReference.get()Ljava/lang/Object; @ 17
Event: 15.964 Thread 0x0000000002c51000 Uncommon trap: reason=unstable_if action=reinterpret pc=0x0000000002f7bae8 method=java.io.ObjectOutputStream.defaultWriteFields(Ljava/lang/Object;Ljava/io/ObjectStreamClass;)V @ 53
Event: 15.964 Thread 0x0000000002c51000 Uncommon trap: reason=unstable_if action=reinterpret pc=0x0000000002f777c0 method=java.io.ObjectOutputStream$BlockDataOutputStream.drain()V @ 12
Event: 22.139 Thread 0x0000000002c51000 Uncommon trap: reason=unstable_if action=reinterpret pc=0x0000000002f44b40 method=grain.GrainManager.genPulsarMatrix(IIIIIIIDILtable/Table;Ltable/Table;)I @ 271
Event: 22.141 Thread 0x0000000002c51000 Uncommon trap: reason=unstable_if action=reinterpret pc=0x0000000002fa8ab4 method=java.lang.Integer.getChars(II[C)V @ 20
Event: 32.816 Thread 0x0000000002c51000 Uncommon trap: reason=unstable_if action=reinterpret pc=0x0000000002fba2ac method=sun.misc.FloatingDecimal$BinaryToASCIIBuffer.dtoa(IJIZ)V @ 1004
Event: 33.714 Thread 0x0000000002c51000 Uncommon trap: reason=unstable_if action=reinterpret pc=0x0000000002f78120 method=java.util.concurrent.ConcurrentHashMap.get(Ljava/lang/Object;)Ljava/lang/Object; @ 62

Internal exceptions (10 events):
Event: 0.140 Thread 0x0000000002c51000 Exception <a 'java/security/PrivilegedActionException'> (0x0000000780b95010) thrown at [C:\re\workspace\8-2-build-windows-amd64-cygwin\jdk8u121\8372\hotspot\src\share\vm\prims\jvm.cpp, line 1390]
Event: 0.140 Thread 0x0000000002c51000 Exception <a 'java/security/PrivilegedActionException'> (0x0000000780b98e68) thrown at [C:\re\workspace\8-2-build-windows-amd64-cygwin\jdk8u121\8372\hotspot\src\share\vm\prims\jvm.cpp, line 1390]
Event: 0.140 Thread 0x0000000002c51000 Exception <a 'java/security/PrivilegedActionException'> (0x0000000780b99260) thrown at [C:\re\workspace\8-2-build-windows-amd64-cygwin\jdk8u121\8372\hotspot\src\share\vm\prims\jvm.cpp, line 1390]
Event: 0.189 Thread 0x0000000002c51000 Exception <a 'java/lang/NoSuchFieldError': method resolution failed> (0x0000000780d7ff20) thrown at [C:\re\workspace\8-2-build-windows-amd64-cygwin\jdk8u121\8372\hotspot\src\share\vm\prims\methodHandles.cpp, line 1146]
Event: 0.191 Thread 0x0000000002c51000 Exception <a 'java/lang/NoSuchFieldError': method resolution failed> (0x0000000780d8d320) thrown at [C:\re\workspace\8-2-build-windows-amd64-cygwin\jdk8u121\8372\hotspot\src\share\vm\prims\methodHandles.cpp, line 1146]
Event: 0.335 Thread 0x0000000002c51000 Implicit null exception at 0x0000000002ef84c7 to 0x0000000002ef85ad
Event: 0.362 Thread 0x0000000002c51000 Implicit null exception at 0x0000000002f00458 to 0x0000000002f00995
Event: 15.963 Thread 0x0000000002c51000 Implicit null exception at 0x0000000002f7d236 to 0x0000000002f7d57d
Event: 15.963 Thread 0x0000000002c51000 Implicit null exception at 0x0000000002f7f9dc to 0x0000000002f804e5
Event: 33.716 Thread 0x0000000002c51000 Exception <a 'java/io/FileNotFoundException'> (0x000000078d32f0a8) thrown at [C:\re\workspace\8-2-build-windows-amd64-cygwin\jdk8u121\8372\hotspot\src\share\vm\prims\jni.cpp, line 709]

Events (10 events):
Event: 33.716 loading class java/lang/Throwable$WrappedPrintStream
Event: 33.716 loading class java/lang/Throwable$PrintStreamOrWriter
Event: 33.716 loading class java/lang/Throwable$PrintStreamOrWriter done
Event: 33.716 loading class java/lang/Throwable$WrappedPrintStream done
Event: 33.716 loading class java/util/IdentityHashMap
Event: 33.717 loading class java/util/IdentityHashMap done
Event: 33.717 loading class java/util/IdentityHashMap$KeySet
Event: 33.717 loading class java/util/IdentityHashMap$KeySet done
Event: 33.718 loading class csnd6/Csound
Event: 33.718 loading class csnd6/Csound done


Dynamic libraries:
0x00007ff658240000 - 0x00007ff658277000 	C:\Program Files\Java\jre1.8.0_121\bin\javaw.exe
0x00007ffbc0510000 - 0x00007ffbc06eb000 	C:\WINDOWS\SYSTEM32\ntdll.dll
0x00007ffbbe230000 - 0x00007ffbbe2de000 	C:\WINDOWS\System32\KERNEL32.DLL
0x00007ffbbcea0000 - 0x00007ffbbd0e9000 	C:\WINDOWS\System32\KERNELBASE.dll
0x00007ffbbe2e0000 - 0x00007ffbbe381000 	C:\WINDOWS\System32\ADVAPI32.dll
0x00007ffbbe550000 - 0x00007ffbbe5ed000 	C:\WINDOWS\System32\msvcrt.dll
0x00007ffbbe430000 - 0x00007ffbbe489000 	C:\WINDOWS\System32\sechost.dll
0x00007ffbc0270000 - 0x00007ffbc0395000 	C:\WINDOWS\System32\RPCRT4.dll
0x00007ffbc0110000 - 0x00007ffbc025a000 	C:\WINDOWS\System32\USER32.dll
0x00007ffbbca30000 - 0x00007ffbbca4e000 	C:\WINDOWS\System32\win32u.dll
0x00007ffbbe200000 - 0x00007ffbbe227000 	C:\WINDOWS\System32\GDI32.dll
0x00007ffbbd140000 - 0x00007ffbbd2c7000 	C:\WINDOWS\System32\gdi32full.dll
0x00007ffbbd2d0000 - 0x00007ffbbd36a000 	C:\WINDOWS\System32\msvcp_win.dll
0x00007ffbbcd30000 - 0x00007ffbbce26000 	C:\WINDOWS\System32\ucrtbase.dll
0x00007ffbadb80000 - 0x00007ffbadde7000 	C:\WINDOWS\WinSxS\amd64_microsoft.windows.common-controls_6595b64144ccf1df_6.0.15063.483_none_26002d27e7c744a2\COMCTL32.dll
0x00007ffbbdc60000 - 0x00007ffbbdf59000 	C:\WINDOWS\System32\combase.dll
0x00007ffbbce30000 - 0x00007ffbbce9a000 	C:\WINDOWS\System32\bcryptPrimitives.dll
0x00007ffbbdfc0000 - 0x00007ffbbdfed000 	C:\WINDOWS\System32\IMM32.DLL
0x000000005efc0000 - 0x000000005f092000 	C:\Program Files\Java\jre1.8.0_121\bin\msvcr100.dll
0x000000005f250000 - 0x000000005faeb000 	C:\Program Files\Java\jre1.8.0_121\bin\server\jvm.dll
0x00007ffbc0260000 - 0x00007ffbc0268000 	C:\WINDOWS\System32\PSAPI.DLL
0x00007ffba9df0000 - 0x00007ffba9df9000 	C:\WINDOWS\SYSTEM32\WSOCK32.dll
0x00007ffbb9c90000 - 0x00007ffbb9cb3000 	C:\WINDOWS\SYSTEM32\WINMM.dll
0x00007ffbbe610000 - 0x00007ffbbe67c000 	C:\WINDOWS\System32\WS2_32.dll
0x00007ffbade30000 - 0x00007ffbade3a000 	C:\WINDOWS\SYSTEM32\VERSION.dll
0x00007ffbb9c60000 - 0x00007ffbb9c8b000 	C:\WINDOWS\SYSTEM32\WINMMBASE.dll
0x00007ffbbd0f0000 - 0x00007ffbbd139000 	C:\WINDOWS\System32\cfgmgr32.dll
0x000000005f160000 - 0x000000005f16f000 	C:\Program Files\Java\jre1.8.0_121\bin\verify.dll
0x000000005f130000 - 0x000000005f159000 	C:\Program Files\Java\jre1.8.0_121\bin\java.dll
0x000000005f110000 - 0x000000005f126000 	C:\Program Files\Java\jre1.8.0_121\bin\zip.dll
0x00007ffbbecd0000 - 0x00007ffbc0106000 	C:\WINDOWS\System32\SHELL32.dll
0x00007ffbbe4a0000 - 0x00007ffbbe54a000 	C:\WINDOWS\System32\shcore.dll
0x00007ffbbd370000 - 0x00007ffbbda61000 	C:\WINDOWS\System32\windows.storage.dll
0x00007ffbbead0000 - 0x00007ffbbeb21000 	C:\WINDOWS\System32\shlwapi.dll
0x00007ffbbc9f0000 - 0x00007ffbbca01000 	C:\WINDOWS\System32\kernel.appcore.dll
0x00007ffbbc9a0000 - 0x00007ffbbc9ec000 	C:\WINDOWS\System32\powrprof.dll
0x00007ffbbca10000 - 0x00007ffbbca25000 	C:\WINDOWS\System32\profapi.dll
0x000000005f0f0000 - 0x000000005f10a000 	C:\Program Files\Java\jre1.8.0_121\bin\net.dll
0x00007ffbbc230000 - 0x00007ffbbc28c000 	C:\WINDOWS\system32\mswsock.dll
0x000000005f0d0000 - 0x000000005f0e1000 	C:\Program Files\Java\jre1.8.0_121\bin\nio.dll
0x0000000066380000 - 0x0000000066632000 	C:\Program Files\Csound6_x64\bin\_jcsound6.dll
0x000000006c500000 - 0x000000006d3ef000 	C:\Program Files\Csound6_x64\bin\csound64.dll
0x000000006fe00000 - 0x0000000070110000 	C:\Program Files\Csound6_x64\bin\csnd6.dll
0x0000000070440000 - 0x00000000705c0000 	C:\Program Files\Csound6_x64\bin\libsndfile-1.dll
0x0000000064c40000 - 0x0000000064c6d000 	C:\Program Files\Csound6_x64\plugins64\ampmidid.dll
0x0000000067d40000 - 0x0000000067d6f000 	C:\Program Files\Csound6_x64\plugins64\buchla.dll
0x0000000069380000 - 0x00000000693a7000 	C:\Program Files\Csound6_x64\plugins64\cellular.dll
0x0000000065c40000 - 0x0000000065da4000 	C:\Program Files\Csound6_x64\plugins64\chua.dll
0x00000000679c0000 - 0x00000000679e8000 	C:\Program Files\Csound6_x64\plugins64\cs_date.dll
0x0000000062140000 - 0x0000000062288000 	C:\Program Files\Csound6_x64\plugins64\doppler.dll
0x0000000068740000 - 0x000000006876d000 	C:\Program Files\Csound6_x64\plugins64\exciter.dll
0x000000001db90000 - 0x000000001dbb8000 	C:\Program Files\Csound6_x64\plugins64\fareygen.dll
0x0000000063fc0000 - 0x000000006438b000 	C:\Program Files\Csound6_x64\plugins64\fluidOpcodes.dll
0x00007ffbbe0b0000 - 0x00007ffbbe1f5000 	C:\WINDOWS\System32\ole32.dll
0x00007ffbbe690000 - 0x00007ffbbeacb000 	C:\WINDOWS\System32\SETUPAPI.dll
0x00007ffb88c90000 - 0x00007ffb88d1c000 	C:\WINDOWS\SYSTEM32\DSOUND.dll
0x00007ffbbb280000 - 0x00007ffbbb315000 	C:\WINDOWS\system32\uxtheme.dll
0x00007ffbbdaf0000 - 0x00007ffbbdc56000 	C:\WINDOWS\System32\MSCTF.dll
0x00007ffbbdff0000 - 0x00007ffbbe0b0000 	C:\WINDOWS\System32\OLEAUT32.dll
0x00007ffba2850000 - 0x00007ffba28f1000 	C:\Program Files\Common Files\microsoft shared\ink\tiptsf.dll
0x00007ffbb9ba0000 - 0x00007ffbb9bca000 	C:\WINDOWS\system32\dwmapi.dll
0x0000000061c80000 - 0x0000000061ccc000 	C:\Program Files\Csound6_x64\plugins64\fractalnoise.dll
0x0000000066080000 - 0x00000000660b4000 	C:\Program Files\Csound6_x64\plugins64\framebuffer.dll
0x000000001dd20000 - 0x000000001de94000 	C:\Program Files\Csound6_x64\plugins64\ftsamplebank.dll
0x0000000069840000 - 0x0000000069884000 	C:\Program Files\Csound6_x64\plugins64\getftargs.dll
0x0000000068ac0000 - 0x0000000068de3000 	C:\Program Files\Csound6_x64\plugins64\hdf5ops.dll
0x0000000066c80000 - 0x0000000066d03000 	C:\Program Files\Csound6_x64\plugins64\image.dll
0x0000000067300000 - 0x0000000067328000 	C:\Program Files\Csound6_x64\plugins64\ipmidi.dll
0x000000001dec0000 - 0x000000001e209000 	C:\Program Files\Csound6_x64\plugins64\linear_algebra.dll
0x000000006d780000 - 0x000000006d8df000 	C:\Program Files\Csound6_x64\plugins64\LuaCsound.dll
0x0000000066d80000 - 0x0000000066dec000 	C:\Program Files\Csound6_x64\bin\lua51.dll
0x0000000064500000 - 0x0000000064692000 	C:\Program Files\Csound6_x64\plugins64\mixer.dll
0x0000000067a80000 - 0x0000000067ae5000 	C:\Program Files\Csound6_x64\plugins64\osc.dll
0x00007ffbbbfd0000 - 0x00007ffbbc007000 	C:\WINDOWS\SYSTEM32\IPHLPAPI.DLL
0x000000001e210000 - 0x000000001e33c000 	C:\Program Files\Csound6_x64\plugins64\padsynth.dll
0x000000006f600000 - 0x000000006f633000 	C:\Program Files\Csound6_x64\plugins64\platerev.dll
0x000000006a640000 - 0x000000006a68c000 	C:\Program Files\Csound6_x64\plugins64\pmidi.dll
0x000000001dcb0000 - 0x000000001dd10000 	C:\Program Files\Csound6_x64\plugins64\py.dll
0x000000001e340000 - 0x000000001e646000 	C:\Program Files\Csound6_x64\bin\python27.dll
0x000000005ef10000 - 0x000000005efb3000 	C:\WINDOWS\WinSxS\amd64_microsoft.vc90.crt_1fc8b3b9a1e18e3b_9.0.30729.9279_none_08e667efa83ba076\MSVCR90.dll
0x000000001e670000 - 0x000000001e698000 	C:\Program Files\Csound6_x64\plugins64\quadbezier.dll
0x0000000066e40000 - 0x0000000066ec7000 	C:\Program Files\Csound6_x64\plugins64\rtpa.dll
0x0000000062c40000 - 0x0000000062c70000 	C:\Program Files\Csound6_x64\plugins64\rtwinmm.dll
0x0000000067440000 - 0x00000000674a5000 	C:\Program Files\Csound6_x64\plugins64\scansyn.dll
0x0000000061ec0000 - 0x0000000061ee7000 	C:\Program Files\Csound6_x64\plugins64\select.dll
0x0000000066ac0000 - 0x0000000066ae9000 	C:\Program Files\Csound6_x64\plugins64\serial.dll
0x0000000061780000 - 0x0000000061bcd000 	C:\Program Files\Csound6_x64\plugins64\signalflowgraph.dll
0x000000006f440000 - 0x000000006f58d000 	C:\Program Files\Csound6_x64\plugins64\stdutil.dll
0x000000001e6c0000 - 0x000000001e8de000 	C:\Program Files\Csound6_x64\plugins64\stkops.dll
0x000000001e8e0000 - 0x000000001e907000 	C:\Program Files\Csound6_x64\plugins64\system_call.dll
0x000000006e740000 - 0x000000006e955000 	C:\Program Files\Csound6_x64\plugins64\virtual.dll
0x000000001e910000 - 0x000000001ebe7000 	C:\Program Files\Csound6_x64\plugins64\widgets.dll
0x00007ffbb9070000 - 0x00007ffbb9219000 	C:\WINDOWS\SYSTEM32\dbghelp.dll

VM Arguments:
jvm_args: -Dfile.encoding=Cp1252 
java_command: main.ScriptReader mid s_test6_mid_full
java_class_path (initial): C:\Users\Griffin\git\sound\FractalSynth\bin;C:\Users\Griffin\git\sound\FractalSynth\lib\csnd6.jar;C:\Users\Griffin\git\sound\FractalSynth\lib\core.jar
Launcher Type: SUN_STANDARD

Environment Variables:
PATH=C:/Program Files/Java/jre1.8.0_121/bin/server;C:/Program Files/Java/jre1.8.0_121/bin;C:/Program Files/Java/jre1.8.0_121/lib/amd64;C:\ProgramData\Oracle\Java\javapath;C:\Program Files (x86)\Intel\iCLS Client\;C:\Program Files\Intel\iCLS Client\;C:\WINDOWS\system32;C:\WINDOWS;C:\WINDOWS\System32\Wbem;C:\WINDOWS\System32\WindowsPowerShell\v1.0\;C:\Program Files (x86)\Intel\Intel(R) Management Engine Components\DAL;C:\Program Files\Intel\Intel(R) Management Engine Components\DAL;C:\Program Files (x86)\Intel\Intel(R) Management Engine Components\IPT;C:\Program Files\Intel\Intel(R) Management Engine Components\IPT;C:\Program Files\Intel\WiFi\bin\;C:\Program Files\Common Files\Intel\WirelessCommon\;C:\Program Files\Csound6_x64\bin;C:\Program Files\PuTTY\;C:\Users\Griffin\Anaconda3;C:\Users\Griffin\Anaconda3\Scripts;C:\Users\Griffin\Anaconda3\Library\bin;C:\Users\Griffin\AppData\Local\Microsoft\WindowsApps;C:\Users\Griffin\AppData\Local\GitHubDesktop\bin;C:\Users\Griffin\eclipse\java-neon\eclipse;
USERNAME=Griffin
OS=Windows_NT
PROCESSOR_IDENTIFIER=Intel64 Family 6 Model 142 Stepping 9, GenuineIntel



---------------  S Y S T E M  ---------------

OS: Windows 10.0 , 64 bit Build 15063 (10.0.15063.296)

CPU:total 4 (2 cores per cpu, 2 threads per core) family 6 model 142 stepping 9, cmov, cx8, fxsr, mmx, sse, sse2, sse3, ssse3, sse4.1, sse4.2, popcnt, avx, avx2, aes, clmul, erms, 3dnowpref, lzcnt, ht, tsc, tscinvbit, bmi1, bmi2, adx

Memory: 4k page, physical 12449004k(5539016k free), swap 14349548k(6762244k free)

vm_info: Java HotSpot(TM) 64-Bit Server VM (25.121-b13) for windows-amd64 JRE (1.8.0_121-b13), built on Dec 12 2016 18:21:36 by "java_re" with MS VC++ 10.0 (VS2010)

time: Sat Oct 21 20:29:03 2017
elapsed time: 34 seconds (0d 0h 0m 34s)

