#
# A fatal error has been detected by the Java Runtime Environment:
#
#  EXCEPTION_ACCESS_VIOLATION (0xc0000005) at pc=0x000000006c5070a2, pid=2008, tid=0x000000000000087c
#
# JRE version: Java(TM) SE Runtime Environment (8.0_121-b13) (build 1.8.0_121-b13)
# Java VM: Java HotSpot(TM) 64-Bit Server VM (25.121-b13 mixed mode windows-amd64 compressed oops)
# Problematic frame:
# C  [csound64.dll+0x70a2]
#
# Failed to write core dump. Minidumps are not enabled by default on client versions of Windows
#
# If you would like to submit a bug report, please visit:
#   http://bugreport.java.com/bugreport/crash.jsp
# The crash happened outside the Java Virtual Machine in native code.
# See problematic frame for where to report the bug.
#

---------------  T H R E A D  ---------------

Current thread (0x0000000002e5d800):  JavaThread "main" [_thread_in_native, id=2172, stack(0x0000000002ca0000,0x0000000002da0000)]

siginfo: ExceptionCode=0xc0000005, reading address 0x0000000000000000

Registers:
RAX=0x000000001ee8e5d0, RBX=0x000000001f1cfbc0, RCX=0x0000000000000000, RDX=0x0000000000000000
RSP=0x0000000002d9f100, RBP=0x0000000000000000, RSI=0x0000000000000000, RDI=0x0000000000000000
R8 =0x0000000000000000, R9 =0x0000000000000003, R10=0x0000000000000000, R11=0x00007ffbc05bbf0b
R12=0x0000000000000000, R13=0x0000000019ac4390, R14=0x0000000002d9f288, R15=0x0000000002e5d800
RIP=0x000000006c5070a2, EFLAGS=0x0000000000010246

Top of Stack: (sp=0x0000000002d9f100)
0x0000000002d9f100:   000000001f1cfbc0 000000006c506ed1
0x0000000002d9f110:   000000001ee07780 0000000000000000
0x0000000002d9f120:   000000001ee07780 0000000000000000
0x0000000002d9f130:   000000001ee15000 000000006c5046d4
0x0000000002d9f140:   000000001bc48ca0 000000005f390f61
0x0000000002d9f150:   0000000000000000 000000001bc48ca0
0x0000000002d9f160:   0000000000000000 0000000002e5d9f8
0x0000000002d9f170:   000000001edcf870 0000000066389291
0x0000000002d9f180:   000000001ee07780 000000001bc48ca0
0x0000000002d9f190:   0000000000000000 0000000019ac4260
0x0000000002d9f1a0:   0000000002d9f260 0000000019ac4390
0x0000000002d9f1b0:   0000000000000062 0000000002f67da0
0x0000000002d9f1c0:   0000000002d9f250 0000000002f77f74
0x0000000002d9f1d0:   0000000000000002 00000000031b30d9
0x0000000002d9f1e0:   000000001edcf870 0000000019ac7d28
0x0000000002d9f1f0:   0000000000000000 0000000002f784a0 

Instructions: (pc=0x000000006c5070a2)
0x000000006c507082:   4e 79 23 00 48 8d 15 fe 9e 1d 00 48 8d 48 60 e8
0x000000006c507092:   ba fd ff ff b9 07 00 00 00 e8 10 59 19 00 31 ff
0x000000006c5070a2:   80 3e 00 89 d1 0f 85 41 ff ff ff eb 85 90 56 53
0x000000006c5070b2:   48 83 ec 28 48 8b 31 48 89 cb 48 89 f1 e8 54 57 


Register to memory mapping:

RAX=0x000000001ee8e5d0 is an unknown value
RBX=0x000000001f1cfbc0 is an unknown value
RCX=0x0000000000000000 is an unknown value
RDX=0x0000000000000000 is an unknown value
RSP=0x0000000002d9f100 is pointing into the stack for thread: 0x0000000002e5d800
RBP=0x0000000000000000 is an unknown value
RSI=0x0000000000000000 is an unknown value
RDI=0x0000000000000000 is an unknown value
R8 =0x0000000000000000 is an unknown value
R9 =0x0000000000000003 is an unknown value
R10=0x0000000000000000 is an unknown value
R11=0x00007ffbc05bbf0b is an unknown value
R12=0x0000000000000000 is an unknown value
R13={method} {0x0000000019ac4398} 'Csound_ReadScore' '(JLcsnd6/Csound;Ljava/lang/String;)I' in 'csnd6/csnd6JNI'
R14=0x0000000002d9f288 is pointing into the stack for thread: 0x0000000002e5d800
R15=0x0000000002e5d800 is a thread


Stack: [0x0000000002ca0000,0x0000000002da0000],  sp=0x0000000002d9f100,  free space=1020k
Native frames: (J=compiled Java code, j=interpreted, Vv=VM code, C=native code)

Java frames: (J=compiled Java code, j=interpreted, Vv=VM code)
j  csnd6.csnd6JNI.Csound_ReadScore(JLcsnd6/Csound;Ljava/lang/String;)I+0
j  csnd6.Csound.ReadScore(Ljava/lang/String;)I+6
j  main.Performer.main([Ljava/lang/String;)V+252
j  main.MediaThread.run()V+14
j  grain.GrainManager.renderAll(Ljava/lang/String;)V+205
j  main.FractalSynth.renderAll(Ljava/lang/String;)V+5
j  main.ScriptReader.render(Ljava/lang/String;)V+5
j  main.ScriptReader.main([Ljava/lang/String;)V+23
v  ~StubRoutines::call_stub

---------------  P R O C E S S  ---------------

Java Threads: ( => current thread )
  0x000000001b910800 JavaThread "Service Thread" daemon [_thread_blocked, id=2644, stack(0x000000001bcf0000,0x000000001bdf0000)]
  0x0000000019fb9800 JavaThread "C1 CompilerThread2" daemon [_thread_blocked, id=2624, stack(0x000000001b7f0000,0x000000001b8f0000)]
  0x0000000019fb1000 JavaThread "C2 CompilerThread1" daemon [_thread_blocked, id=2520, stack(0x000000001b6f0000,0x000000001b7f0000)]
  0x0000000019fae800 JavaThread "C2 CompilerThread0" daemon [_thread_blocked, id=2512, stack(0x000000001b5f0000,0x000000001b6f0000)]
  0x0000000019fad000 JavaThread "Attach Listener" daemon [_thread_blocked, id=10052, stack(0x000000001b4f0000,0x000000001b5f0000)]
  0x0000000019fb6800 JavaThread "Signal Dispatcher" daemon [_thread_blocked, id=2416, stack(0x000000001b3f0000,0x000000001b4f0000)]
  0x0000000019f9a800 JavaThread "Finalizer" daemon [_thread_blocked, id=2392, stack(0x000000001b200000,0x000000001b300000)]
  0x0000000002f52000 JavaThread "Reference Handler" daemon [_thread_blocked, id=2400, stack(0x000000001b100000,0x000000001b200000)]
=>0x0000000002e5d800 JavaThread "main" [_thread_in_native, id=2172, stack(0x0000000002ca0000,0x0000000002da0000)]

Other Threads:
  0x0000000019f77800 VMThread [stack: 0x000000001b000000,0x000000001b100000] [id=2388]
  0x000000001b93a000 WatcherThread [stack: 0x000000001bdf0000,0x000000001bef0000] [id=3048]

VM state:not at safepoint (normal execution)

VM Mutex/Monitor currently owned by a thread: None

Heap:
 PSYoungGen      total 691712K, used 621906K [0x0000000780b00000, 0x00000007c0000000, 0x00000007c0000000)
  eden space 346112K, 79% used [0x0000000780b00000,0x00000007918d6270,0x0000000795d00000)
  from space 345600K, 99% used [0x00000007aae80000,0x00000007bfffe888,0x00000007c0000000)
  to   space 345600K, 0% used [0x0000000795d00000,0x0000000795d00000,0x00000007aae80000)
 ParOldGen       total 1356288K, used 960870K [0x0000000702000000, 0x0000000754c80000, 0x0000000780b00000)
  object space 1356288K, 70% used [0x0000000702000000,0x000000073ca59a30,0x0000000754c80000)
 Metaspace       used 5540K, capacity 5762K, committed 5888K, reserved 1056768K
  class space    used 609K, capacity 703K, committed 768K, reserved 1048576K

Card table byte_map: [0x0000000012320000,0x0000000012920000] byte_map_base: 0x000000000eb10000

Marking Bits: (ParMarkBitMap*) 0x000000005fa6b6d0
 Begin Bits: [0x0000000013120000, 0x00000000160a0000)
 End Bits:   [0x00000000160a0000, 0x0000000019020000)

Polling page: 0x0000000002da0000

CodeCache: size=245760Kb used=2947Kb max_used=2958Kb free=242812Kb
 bounds [0x0000000002f60000, 0x0000000003250000, 0x0000000011f60000]
 total_blobs=1028 nmethods=666 adapters=275
 compilation: enabled

Compilation events (10 events):
Event: 24.050 Thread 0x0000000019fb9800 nmethod 662 0x0000000003232790 code [0x00000000032328e0, 0x0000000003232a10]
Event: 24.052 Thread 0x0000000019fb9800  663       3       java.nio.HeapByteBuffer::ix (7 bytes)
Event: 24.052 Thread 0x0000000019fb9800 nmethod 663 0x0000000003232450 code [0x00000000032325a0, 0x00000000032326f0]
Event: 24.054 Thread 0x0000000019fb1000 nmethod 658 0x000000000323f950 code [0x000000000323fac0, 0x0000000003240018]
Event: 24.057 Thread 0x0000000019fae800  664 %     4       java.util.regex.Pattern$Curly::match0 @ 61 (174 bytes)
Event: 24.069 Thread 0x0000000019fae800 nmethod 664% 0x0000000003243d50 code [0x0000000003243ee0, 0x0000000003244b28]
Event: 32.124 Thread 0x0000000019fb9800  665       3       sun.nio.cs.SingleByte::access$000 (10 bytes)
Event: 32.124 Thread 0x0000000019fb9800 nmethod 665 0x000000000322ab10 code [0x000000000322aca0, 0x000000000322b158]
Event: 32.124 Thread 0x0000000019fb9800  666       3       sun.nio.cs.SingleByte::withResult (25 bytes)
Event: 32.124 Thread 0x0000000019fb9800 nmethod 666 0x000000000322a390 code [0x000000000322a520, 0x000000000322a978]

GC Heap History (10 events):
Event: 10.844 GC heap before
{Heap before GC invocations=19 (full 6):
 PSYoungGen      total 677888K, used 333978K [0x0000000780b00000, 0x00000007c0000000, 0x00000007c0000000)
  eden space 332288K, 0% used [0x0000000780b00000,0x0000000780b00000,0x0000000794f80000)
  from space 345600K, 96% used [0x0000000794f80000,0x00000007a95a6930,0x00000007aa100000)
  to   space 345600K, 0% used [0x00000007aae80000,0x00000007aae80000,0x00000007c0000000)
 ParOldGen       total 642048K, used 474178K [0x0000000702000000, 0x0000000729300000, 0x0000000780b00000)
  object space 642048K, 73% used [0x0000000702000000,0x000000071ef10a08,0x0000000729300000)
 Metaspace       used 4934K, capacity 5088K, committed 5248K, reserved 1056768K
  class space    used 564K, capacity 605K, committed 640K, reserved 1048576K
Event: 10.900 GC heap after
Heap after GC invocations=19 (full 6):
 PSYoungGen      total 677888K, used 0K [0x0000000780b00000, 0x00000007c0000000, 0x00000007c0000000)
  eden space 332288K, 0% used [0x0000000780b00000,0x0000000780b00000,0x0000000794f80000)
  from space 345600K, 0% used [0x0000000794f80000,0x0000000794f80000,0x00000007aa100000)
  to   space 345600K, 0% used [0x00000007aae80000,0x00000007aae80000,0x00000007c0000000)
 ParOldGen       total 769536K, used 277401K [0x0000000702000000, 0x0000000730f80000, 0x0000000780b00000)
  object space 769536K, 36% used [0x0000000702000000,0x0000000712ee65c8,0x0000000730f80000)
 Metaspace       used 4934K, capacity 5088K, committed 5248K, reserved 1056768K
  class space    used 564K, capacity 605K, committed 640K, reserved 1048576K
}
Event: 12.140 GC heap before
{Heap before GC invocations=20 (full 6):
 PSYoungGen      total 677888K, used 332288K [0x0000000780b00000, 0x00000007c0000000, 0x00000007c0000000)
  eden space 332288K, 100% used [0x0000000780b00000,0x0000000794f80000,0x0000000794f80000)
  from space 345600K, 0% used [0x0000000794f80000,0x0000000794f80000,0x00000007aa100000)
  to   space 345600K, 0% used [0x00000007aae80000,0x00000007aae80000,0x00000007c0000000)
 ParOldGen       total 769536K, used 277401K [0x0000000702000000, 0x0000000730f80000, 0x0000000780b00000)
  object space 769536K, 36% used [0x0000000702000000,0x0000000712ee65c8,0x0000000730f80000)
 Metaspace       used 4934K, capacity 5088K, committed 5248K, reserved 1056768K
  class space    used 564K, capacity 605K, committed 640K, reserved 1048576K
Event: 12.196 GC heap after
Heap after GC invocations=20 (full 6):
 PSYoungGen      total 691712K, used 338626K [0x0000000780b00000, 0x00000007c0000000, 0x00000007c0000000)
  eden space 346112K, 0% used [0x0000000780b00000,0x0000000780b00000,0x0000000795d00000)
  from space 345600K, 97% used [0x00000007aae80000,0x00000007bf930950,0x00000007c0000000)
  to   space 345600K, 0% used [0x0000000795d00000,0x0000000795d00000,0x00000007aae80000)
 ParOldGen       total 769536K, used 277401K [0x0000000702000000, 0x0000000730f80000, 0x0000000780b00000)
  object space 769536K, 36% used [0x0000000702000000,0x0000000712ee65c8,0x0000000730f80000)
 Metaspace       used 4934K, capacity 5088K, committed 5248K, reserved 1056768K
  class space    used 564K, capacity 605K, committed 640K, reserved 1048576K
}
Event: 13.474 GC heap before
{Heap before GC invocations=21 (full 6):
 PSYoungGen      total 691712K, used 684738K [0x0000000780b00000, 0x00000007c0000000, 0x00000007c0000000)
  eden space 346112K, 100% used [0x0000000780b00000,0x0000000795d00000,0x0000000795d00000)
  from space 345600K, 97% used [0x00000007aae80000,0x00000007bf930950,0x00000007c0000000)
  to   space 345600K, 0% used [0x0000000795d00000,0x0000000795d00000,0x00000007aae80000)
 ParOldGen       total 769536K, used 277401K [0x0000000702000000, 0x0000000730f80000, 0x0000000780b00000)
  object space 769536K, 36% used [0x0000000702000000,0x0000000712ee65c8,0x0000000730f80000)
 Metaspace       used 4934K, capacity 5088K, committed 5248K, reserved 1056768K
  class space    used 564K, capacity 605K, committed 640K, reserved 1048576K
Event: 13.567 GC heap after
Heap after GC invocations=21 (full 6):
 PSYoungGen      total 691712K, used 345584K [0x0000000780b00000, 0x00000007c0000000, 0x00000007c0000000)
  eden space 346112K, 0% used [0x0000000780b00000,0x0000000780b00000,0x0000000795d00000)
  from space 345600K, 99% used [0x0000000795d00000,0x00000007aae7c030,0x00000007aae80000)
  to   space 345600K, 0% used [0x00000007aae80000,0x00000007aae80000,0x00000007c0000000)
 ParOldGen       total 769536K, used 621915K [0x0000000702000000, 0x0000000730f80000, 0x0000000780b00000)
  object space 769536K, 80% used [0x0000000702000000,0x0000000727f56ef8,0x0000000730f80000)
 Metaspace       used 4934K, capacity 5088K, committed 5248K, reserved 1056768K
  class space    used 564K, capacity 605K, committed 640K, reserved 1048576K
}
Event: 13.567 GC heap before
{Heap before GC invocations=22 (full 7):
 PSYoungGen      total 691712K, used 345584K [0x0000000780b00000, 0x00000007c0000000, 0x00000007c0000000)
  eden space 346112K, 0% used [0x0000000780b00000,0x0000000780b00000,0x0000000795d00000)
  from space 345600K, 99% used [0x0000000795d00000,0x00000007aae7c030,0x00000007aae80000)
  to   space 345600K, 0% used [0x00000007aae80000,0x00000007aae80000,0x00000007c0000000)
 ParOldGen       total 769536K, used 621915K [0x0000000702000000, 0x0000000730f80000, 0x0000000780b00000)
  object space 769536K, 80% used [0x0000000702000000,0x0000000727f56ef8,0x0000000730f80000)
 Metaspace       used 4934K, capacity 5088K, committed 5248K, reserved 1056768K
  class space    used 564K, capacity 605K, committed 640K, reserved 1048576K
Event: 13.727 GC heap after
Heap after GC invocations=22 (full 7):
 PSYoungGen      total 691712K, used 181704K [0x0000000780b00000, 0x00000007c0000000, 0x00000007c0000000)
  eden space 346112K, 0% used [0x0000000780b00000,0x0000000780b00000,0x0000000795d00000)
  from space 345600K, 52% used [0x0000000795d00000,0x00000007a0e72190,0x00000007aae80000)
  to   space 345600K, 0% used [0x00000007aae80000,0x00000007aae80000,0x00000007c0000000)
 ParOldGen       total 1356288K, used 769166K [0x0000000702000000, 0x0000000754c80000, 0x0000000780b00000)
  object space 1356288K, 56% used [0x0000000702000000,0x0000000730f23a30,0x0000000754c80000)
 Metaspace       used 4934K, capacity 5088K, committed 5248K, reserved 1056768K
  class space    used 564K, capacity 605K, committed 640K, reserved 1048576K
}
Event: 15.149 GC heap before
{Heap before GC invocations=23 (full 7):
 PSYoungGen      total 691712K, used 527816K [0x0000000780b00000, 0x00000007c0000000, 0x00000007c0000000)
  eden space 346112K, 100% used [0x0000000780b00000,0x0000000795d00000,0x0000000795d00000)
  from space 345600K, 52% used [0x0000000795d00000,0x00000007a0e72190,0x00000007aae80000)
  to   space 345600K, 0% used [0x00000007aae80000,0x00000007aae80000,0x00000007c0000000)
 ParOldGen       total 1356288K, used 769166K [0x0000000702000000, 0x0000000754c80000, 0x0000000780b00000)
  object space 1356288K, 56% used [0x0000000702000000,0x0000000730f23a30,0x0000000754c80000)
 Metaspace       used 4936K, capacity 5088K, committed 5248K, reserved 1056768K
  class space    used 564K, capacity 605K, committed 640K, reserved 1048576K
Event: 15.254 GC heap after
Heap after GC invocations=23 (full 7):
 PSYoungGen      total 691712K, used 345594K [0x0000000780b00000, 0x00000007c0000000, 0x00000007c0000000)
  eden space 346112K, 0% used [0x0000000780b00000,0x0000000780b00000,0x0000000795d00000)
  from space 345600K, 99% used [0x00000007aae80000,0x00000007bfffe888,0x00000007c0000000)
  to   space 345600K, 0% used [0x0000000795d00000,0x0000000795d00000,0x00000007aae80000)
 ParOldGen       total 1356288K, used 960870K [0x0000000702000000, 0x0000000754c80000, 0x0000000780b00000)
  object space 1356288K, 70% used [0x0000000702000000,0x000000073ca59a30,0x0000000754c80000)
 Metaspace       used 4936K, capacity 5088K, committed 5248K, reserved 1056768K
  class space    used 564K, capacity 605K, committed 640K, reserved 1048576K
}

Deoptimization events (10 events):
Event: 9.726 Thread 0x0000000002e5d800 Uncommon trap: reason=speculate_class_check action=maybe_recompile pc=0x00000000031c39f4 method=java.io.ObjectOutputStream.writeObject0(Ljava/lang/Object;Z)V @ 436
Event: 9.726 Thread 0x0000000002e5d800 Uncommon trap: reason=unstable_if action=reinterpret pc=0x00000000031a9374 method=java.io.ObjectOutputStream.writeClassDesc(Ljava/io/ObjectStreamClass;Z)V @ 26
Event: 9.726 Thread 0x0000000002e5d800 Uncommon trap: reason=unstable_if action=reinterpret pc=0x00000000031967d8 method=java.io.ObjectOutputStream.writeClassDesc(Ljava/io/ObjectStreamClass;Z)V @ 1
Event: 9.727 Thread 0x0000000002e5d800 Uncommon trap: reason=unstable_if action=reinterpret pc=0x00000000031c35a8 method=java.io.ObjectOutputStream$BlockDataOutputStream.setBlockDataMode(Z)Z @ 5
Event: 9.727 Thread 0x0000000002e5d800 Uncommon trap: reason=unstable_if action=reinterpret pc=0x0000000003191640 method=java.io.ObjectOutputStream$BlockDataOutputStream.drain()V @ 12
Event: 9.732 Thread 0x0000000002e5d800 Uncommon trap: reason=unstable_if action=reinterpret pc=0x0000000003193d20 method=java.lang.ref.SoftReference.get()Ljava/lang/Object; @ 17
Event: 9.732 Thread 0x0000000002e5d800 Uncommon trap: reason=unstable_if action=reinterpret pc=0x00000000031922d8 method=java.lang.ref.SoftReference.get()Ljava/lang/Object; @ 17
Event: 16.335 Thread 0x0000000002e5d800 Uncommon trap: reason=unstable_if action=reinterpret pc=0x00000000031c9f38 method=sun.misc.FloatingDecimal$BinaryToASCIIBuffer.dtoa(IJIZ)V @ 1004
Event: 16.451 Thread 0x0000000002e5d800 Uncommon trap: reason=unstable_if action=reinterpret pc=0x000000000318eb28 method=java.util.concurrent.ConcurrentHashMap.get(Ljava/lang/Object;)Ljava/lang/Object; @ 62
Event: 16.487 Thread 0x0000000002e5d800 Uncommon trap: reason=unstable_if action=reinterpret pc=0x000000000322fcf8 method=java.util.regex.Pattern$Curly.match0(Ljava/util/regex/Matcher;IILjava/lang/CharSequence;)Z @ 80

Internal exceptions (10 events):
Event: 0.094 Thread 0x0000000002e5d800 Exception <a 'java/security/PrivilegedActionException'> (0x0000000780b95060) thrown at [C:\re\workspace\8-2-build-windows-amd64-cygwin\jdk8u121\8372\hotspot\src\share\vm\prims\jvm.cpp, line 1390]
Event: 0.095 Thread 0x0000000002e5d800 Exception <a 'java/security/PrivilegedActionException'> (0x0000000780b98eb8) thrown at [C:\re\workspace\8-2-build-windows-amd64-cygwin\jdk8u121\8372\hotspot\src\share\vm\prims\jvm.cpp, line 1390]
Event: 0.095 Thread 0x0000000002e5d800 Exception <a 'java/security/PrivilegedActionException'> (0x0000000780b992b0) thrown at [C:\re\workspace\8-2-build-windows-amd64-cygwin\jdk8u121\8372\hotspot\src\share\vm\prims\jvm.cpp, line 1390]
Event: 0.158 Thread 0x0000000002e5d800 Exception <a 'java/lang/NoSuchFieldError': method resolution failed> (0x0000000780d7f798) thrown at [C:\re\workspace\8-2-build-windows-amd64-cygwin\jdk8u121\8372\hotspot\src\share\vm\prims\methodHandles.cpp, line 1146]
Event: 0.166 Thread 0x0000000002e5d800 Exception <a 'java/lang/NoSuchFieldError': method resolution failed> (0x0000000780d8cb98) thrown at [C:\re\workspace\8-2-build-windows-amd64-cygwin\jdk8u121\8372\hotspot\src\share\vm\prims\methodHandles.cpp, line 1146]
Event: 2.517 Thread 0x0000000002e5d800 Implicit null exception at 0x00000000031204c7 to 0x00000000031205ad
Event: 2.530 Thread 0x0000000002e5d800 Implicit null exception at 0x0000000003124858 to 0x0000000003124d95
Event: 2.531 Thread 0x0000000002e5d800 Implicit null exception at 0x000000000312fc91 to 0x00000000031301d9
Event: 9.726 Thread 0x0000000002e5d800 Implicit null exception at 0x0000000003196476 to 0x00000000031967bd
Event: 32.124 Thread 0x0000000002e5d800 Exception <a 'java/io/FileNotFoundException'> (0x0000000791284838) thrown at [C:\re\workspace\8-2-build-windows-amd64-cygwin\jdk8u121\8372\hotspot\src\share\vm\prims\jni.cpp, line 709]

Events (10 events):
Event: 24.053 Thread 0x0000000002e5d800 DEOPT PACKING pc=0x0000000003224aa6 sp=0x0000000002d9ee00
Event: 24.053 Thread 0x0000000002e5d800 DEOPT UNPACKING pc=0x0000000002fa787f sp=0x0000000002d9ec00 mode 0
Event: 32.124 loading class java/lang/Throwable$WrappedPrintStream
Event: 32.125 loading class java/lang/Throwable$PrintStreamOrWriter
Event: 32.131 loading class java/lang/Throwable$PrintStreamOrWriter done
Event: 32.131 loading class java/lang/Throwable$WrappedPrintStream done
Event: 32.131 loading class java/util/IdentityHashMap
Event: 32.131 loading class java/util/IdentityHashMap done
Event: 32.131 loading class java/util/IdentityHashMap$KeySet
Event: 32.132 loading class java/util/IdentityHashMap$KeySet done


Dynamic libraries:
0x00007ff658240000 - 0x00007ff658277000 	C:\Program Files\Java\jre1.8.0_121\bin\javaw.exe
0x00007ffbc0510000 - 0x00007ffbc06eb000 	C:\WINDOWS\SYSTEM32\ntdll.dll
0x00007ffbbe230000 - 0x00007ffbbe2de000 	C:\WINDOWS\System32\KERNEL32.DLL
0x00007ffbbcea0000 - 0x00007ffbbd0e9000 	C:\WINDOWS\System32\KERNELBASE.dll
0x00007ffbbe2e0000 - 0x00007ffbbe381000 	C:\WINDOWS\System32\ADVAPI32.dll
0x00007ffbbe550000 - 0x00007ffbbe5ed000 	C:\WINDOWS\System32\msvcrt.dll
0x00007ffbbe430000 - 0x00007ffbbe489000 	C:\WINDOWS\System32\sechost.dll
0x00007ffbc0270000 - 0x00007ffbc0395000 	C:\WINDOWS\System32\RPCRT4.dll
0x00007ffbc0110000 - 0x00007ffbc025a000 	C:\WINDOWS\System32\USER32.dll
0x00007ffbbca30000 - 0x00007ffbbca4e000 	C:\WINDOWS\System32\win32u.dll
0x00007ffbbe200000 - 0x00007ffbbe227000 	C:\WINDOWS\System32\GDI32.dll
0x00007ffbbd140000 - 0x00007ffbbd2c7000 	C:\WINDOWS\System32\gdi32full.dll
0x00007ffbbd2d0000 - 0x00007ffbbd36a000 	C:\WINDOWS\System32\msvcp_win.dll
0x00007ffbbcd30000 - 0x00007ffbbce26000 	C:\WINDOWS\System32\ucrtbase.dll
0x00007ffbadb80000 - 0x00007ffbadde7000 	C:\WINDOWS\WinSxS\amd64_microsoft.windows.common-controls_6595b64144ccf1df_6.0.15063.483_none_26002d27e7c744a2\COMCTL32.dll
0x00007ffbbdc60000 - 0x00007ffbbdf59000 	C:\WINDOWS\System32\combase.dll
0x00007ffbbce30000 - 0x00007ffbbce9a000 	C:\WINDOWS\System32\bcryptPrimitives.dll
0x00007ffbbdfc0000 - 0x00007ffbbdfed000 	C:\WINDOWS\System32\IMM32.DLL
0x000000005efc0000 - 0x000000005f092000 	C:\Program Files\Java\jre1.8.0_121\bin\msvcr100.dll
0x000000005f250000 - 0x000000005faeb000 	C:\Program Files\Java\jre1.8.0_121\bin\server\jvm.dll
0x00007ffbc0260000 - 0x00007ffbc0268000 	C:\WINDOWS\System32\PSAPI.DLL
0x00007ffba9df0000 - 0x00007ffba9df9000 	C:\WINDOWS\SYSTEM32\WSOCK32.dll
0x00007ffbade30000 - 0x00007ffbade3a000 	C:\WINDOWS\SYSTEM32\VERSION.dll
0x00007ffbb9c90000 - 0x00007ffbb9cb3000 	C:\WINDOWS\SYSTEM32\WINMM.dll
0x00007ffbbe610000 - 0x00007ffbbe67c000 	C:\WINDOWS\System32\WS2_32.dll
0x00007ffbb9c60000 - 0x00007ffbb9c8b000 	C:\WINDOWS\SYSTEM32\winmmbase.dll
0x00007ffbbd0f0000 - 0x00007ffbbd139000 	C:\WINDOWS\System32\cfgmgr32.dll
0x000000005f160000 - 0x000000005f16f000 	C:\Program Files\Java\jre1.8.0_121\bin\verify.dll
0x000000005f130000 - 0x000000005f159000 	C:\Program Files\Java\jre1.8.0_121\bin\java.dll
0x000000005f110000 - 0x000000005f126000 	C:\Program Files\Java\jre1.8.0_121\bin\zip.dll
0x00007ffbbecd0000 - 0x00007ffbc0106000 	C:\WINDOWS\System32\SHELL32.dll
0x00007ffbbe4a0000 - 0x00007ffbbe54a000 	C:\WINDOWS\System32\shcore.dll
0x00007ffbbd370000 - 0x00007ffbbda61000 	C:\WINDOWS\System32\windows.storage.dll
0x00007ffbbead0000 - 0x00007ffbbeb21000 	C:\WINDOWS\System32\shlwapi.dll
0x00007ffbbc9f0000 - 0x00007ffbbca01000 	C:\WINDOWS\System32\kernel.appcore.dll
0x00007ffbbc9a0000 - 0x00007ffbbc9ec000 	C:\WINDOWS\System32\powrprof.dll
0x00007ffbbca10000 - 0x00007ffbbca25000 	C:\WINDOWS\System32\profapi.dll
0x000000005f0f0000 - 0x000000005f10a000 	C:\Program Files\Java\jre1.8.0_121\bin\net.dll
0x00007ffbbc230000 - 0x00007ffbbc28c000 	C:\WINDOWS\system32\mswsock.dll
0x000000005f0d0000 - 0x000000005f0e1000 	C:\Program Files\Java\jre1.8.0_121\bin\nio.dll
0x0000000066380000 - 0x0000000066632000 	C:\Program Files\Csound6_x64\bin\_jcsound6.dll
0x000000006c500000 - 0x000000006d3ef000 	C:\Program Files\Csound6_x64\bin\csound64.dll
0x000000006fe00000 - 0x0000000070110000 	C:\Program Files\Csound6_x64\bin\csnd6.dll
0x0000000070440000 - 0x00000000705c0000 	C:\Program Files\Csound6_x64\bin\libsndfile-1.dll
0x0000000064c40000 - 0x0000000064c6d000 	C:\Program Files\Csound6_x64\plugins64\ampmidid.dll
0x0000000067d40000 - 0x0000000067d6f000 	C:\Program Files\Csound6_x64\plugins64\buchla.dll
0x0000000069380000 - 0x00000000693a7000 	C:\Program Files\Csound6_x64\plugins64\cellular.dll
0x0000000065c40000 - 0x0000000065da4000 	C:\Program Files\Csound6_x64\plugins64\chua.dll
0x00000000679c0000 - 0x00000000679e8000 	C:\Program Files\Csound6_x64\plugins64\cs_date.dll
0x0000000062140000 - 0x0000000062288000 	C:\Program Files\Csound6_x64\plugins64\doppler.dll
0x0000000068740000 - 0x000000006876d000 	C:\Program Files\Csound6_x64\plugins64\exciter.dll
0x0000000002e20000 - 0x0000000002e48000 	C:\Program Files\Csound6_x64\plugins64\fareygen.dll
0x0000000063fc0000 - 0x000000006438b000 	C:\Program Files\Csound6_x64\plugins64\fluidOpcodes.dll
0x00007ffbbe0b0000 - 0x00007ffbbe1f5000 	C:\WINDOWS\System32\ole32.dll
0x00007ffbbe690000 - 0x00007ffbbeacb000 	C:\WINDOWS\System32\SETUPAPI.dll
0x00007ffb88c90000 - 0x00007ffb88d1c000 	C:\WINDOWS\SYSTEM32\DSOUND.dll
0x00007ffbbb280000 - 0x00007ffbbb315000 	C:\WINDOWS\system32\uxtheme.dll
0x00007ffbbdaf0000 - 0x00007ffbbdc56000 	C:\WINDOWS\System32\MSCTF.dll
0x00007ffbbdff0000 - 0x00007ffbbe0b0000 	C:\WINDOWS\System32\OLEAUT32.dll
0x00007ffba2850000 - 0x00007ffba28f1000 	C:\Program Files\Common Files\microsoft shared\ink\tiptsf.dll
0x00007ffbb9ba0000 - 0x00007ffbb9bca000 	C:\WINDOWS\system32\dwmapi.dll
0x0000000061c80000 - 0x0000000061ccc000 	C:\Program Files\Csound6_x64\plugins64\fractalnoise.dll
0x0000000066080000 - 0x00000000660b4000 	C:\Program Files\Csound6_x64\plugins64\framebuffer.dll
0x000000001dbf0000 - 0x000000001dd64000 	C:\Program Files\Csound6_x64\plugins64\ftsamplebank.dll
0x0000000069840000 - 0x0000000069884000 	C:\Program Files\Csound6_x64\plugins64\getftargs.dll
0x0000000068ac0000 - 0x0000000068de3000 	C:\Program Files\Csound6_x64\plugins64\hdf5ops.dll
0x0000000066c80000 - 0x0000000066d03000 	C:\Program Files\Csound6_x64\plugins64\image.dll
0x0000000067300000 - 0x0000000067328000 	C:\Program Files\Csound6_x64\plugins64\ipmidi.dll
0x000000001dd80000 - 0x000000001e0c9000 	C:\Program Files\Csound6_x64\plugins64\linear_algebra.dll
0x000000006d780000 - 0x000000006d8df000 	C:\Program Files\Csound6_x64\plugins64\LuaCsound.dll
0x0000000066d80000 - 0x0000000066dec000 	C:\Program Files\Csound6_x64\bin\lua51.dll
0x0000000064500000 - 0x0000000064692000 	C:\Program Files\Csound6_x64\plugins64\mixer.dll
0x0000000067a80000 - 0x0000000067ae5000 	C:\Program Files\Csound6_x64\plugins64\osc.dll
0x00007ffbbbfd0000 - 0x00007ffbbc007000 	C:\WINDOWS\SYSTEM32\IPHLPAPI.DLL
0x000000001e0d0000 - 0x000000001e1fc000 	C:\Program Files\Csound6_x64\plugins64\padsynth.dll
0x000000006f600000 - 0x000000006f633000 	C:\Program Files\Csound6_x64\plugins64\platerev.dll
0x000000006a640000 - 0x000000006a68c000 	C:\Program Files\Csound6_x64\plugins64\pmidi.dll
0x000000001e200000 - 0x000000001e260000 	C:\Program Files\Csound6_x64\plugins64\py.dll
0x000000001e260000 - 0x000000001e566000 	C:\Program Files\Csound6_x64\bin\python27.dll
0x000000005ef10000 - 0x000000005efb3000 	C:\WINDOWS\WinSxS\amd64_microsoft.vc90.crt_1fc8b3b9a1e18e3b_9.0.30729.9279_none_08e667efa83ba076\MSVCR90.dll
0x000000001e570000 - 0x000000001e598000 	C:\Program Files\Csound6_x64\plugins64\quadbezier.dll
0x0000000066e40000 - 0x0000000066ec7000 	C:\Program Files\Csound6_x64\plugins64\rtpa.dll
0x0000000062c40000 - 0x0000000062c70000 	C:\Program Files\Csound6_x64\plugins64\rtwinmm.dll
0x0000000067440000 - 0x00000000674a5000 	C:\Program Files\Csound6_x64\plugins64\scansyn.dll
0x0000000061ec0000 - 0x0000000061ee7000 	C:\Program Files\Csound6_x64\plugins64\select.dll
0x0000000066ac0000 - 0x0000000066ae9000 	C:\Program Files\Csound6_x64\plugins64\serial.dll
0x0000000061780000 - 0x0000000061bcd000 	C:\Program Files\Csound6_x64\plugins64\signalflowgraph.dll
0x000000006f440000 - 0x000000006f58d000 	C:\Program Files\Csound6_x64\plugins64\stdutil.dll
0x000000001e6c0000 - 0x000000001e8de000 	C:\Program Files\Csound6_x64\plugins64\stkops.dll
0x000000001e5a0000 - 0x000000001e5c7000 	C:\Program Files\Csound6_x64\plugins64\system_call.dll
0x000000006e740000 - 0x000000006e955000 	C:\Program Files\Csound6_x64\plugins64\virtual.dll
0x000000001e8e0000 - 0x000000001ebb7000 	C:\Program Files\Csound6_x64\plugins64\widgets.dll
0x00007ffbb9070000 - 0x00007ffbb9219000 	C:\WINDOWS\SYSTEM32\dbghelp.dll

VM Arguments:
jvm_args: -Dfile.encoding=Cp1252 
java_command: main.ScriptReader low_harmony s_test5_lowh
java_class_path (initial): C:\Users\Griffin\git\sound\FractalSynth\bin;C:\Users\Griffin\git\sound\FractalSynth\lib\csnd6.jar;C:\Users\Griffin\git\sound\FractalSynth\lib\core.jar
Launcher Type: SUN_STANDARD

Environment Variables:
PATH=C:/Program Files/Java/jre1.8.0_121/bin/server;C:/Program Files/Java/jre1.8.0_121/bin;C:/Program Files/Java/jre1.8.0_121/lib/amd64;C:\ProgramData\Oracle\Java\javapath;C:\Program Files (x86)\Intel\iCLS Client\;C:\Program Files\Intel\iCLS Client\;C:\WINDOWS\system32;C:\WINDOWS;C:\WINDOWS\System32\Wbem;C:\WINDOWS\System32\WindowsPowerShell\v1.0\;C:\Program Files (x86)\Intel\Intel(R) Management Engine Components\DAL;C:\Program Files\Intel\Intel(R) Management Engine Components\DAL;C:\Program Files (x86)\Intel\Intel(R) Management Engine Components\IPT;C:\Program Files\Intel\Intel(R) Management Engine Components\IPT;C:\Program Files\Intel\WiFi\bin\;C:\Program Files\Common Files\Intel\WirelessCommon\;C:\Program Files\Csound6_x64\bin;C:\Program Files\PuTTY\;C:\Users\Griffin\Anaconda3;C:\Users\Griffin\Anaconda3\Scripts;C:\Users\Griffin\Anaconda3\Library\bin;C:\Users\Griffin\AppData\Local\Microsoft\WindowsApps;C:\Users\Griffin\AppData\Local\GitHubDesktop\bin;C:\Users\Griffin\eclipse\java-neon\eclipse;
USERNAME=Griffin
OS=Windows_NT
PROCESSOR_IDENTIFIER=Intel64 Family 6 Model 142 Stepping 9, GenuineIntel



---------------  S Y S T E M  ---------------

OS: Windows 10.0 , 64 bit Build 15063 (10.0.15063.296)

CPU:total 4 (2 cores per cpu, 2 threads per core) family 6 model 142 stepping 9, cmov, cx8, fxsr, mmx, sse, sse2, sse3, ssse3, sse4.1, sse4.2, popcnt, avx, avx2, aes, clmul, erms, 3dnowpref, lzcnt, ht, tsc, tscinvbit, bmi1, bmi2, adx

Memory: 4k page, physical 12449004k(6623296k free), swap 14349548k(7899872k free)

vm_info: Java HotSpot(TM) 64-Bit Server VM (25.121-b13) for windows-amd64 JRE (1.8.0_121-b13), built on Dec 12 2016 18:21:36 by "java_re" with MS VC++ 10.0 (VS2010)

time: Fri Oct 20 19:15:49 2017
elapsed time: 32 seconds (0d 0h 0m 32s)

