#
# A fatal error has been detected by the Java Runtime Environment:
#
#  EXCEPTION_ACCESS_VIOLATION (0xc0000005) at pc=0x000000006c5070a2, pid=6616, tid=0x0000000000000e54
#
# JRE version: Java(TM) SE Runtime Environment (8.0_121-b13) (build 1.8.0_121-b13)
# Java VM: Java HotSpot(TM) 64-Bit Server VM (25.121-b13 mixed mode windows-amd64 compressed oops)
# Problematic frame:
# C  [csound64.dll+0x70a2]
#
# Failed to write core dump. Minidumps are not enabled by default on client versions of Windows
#
# If you would like to submit a bug report, please visit:
#   http://bugreport.java.com/bugreport/crash.jsp
# The crash happened outside the Java Virtual Machine in native code.
# See problematic frame for where to report the bug.
#

---------------  T H R E A D  ---------------

Current thread (0x0000000002761000):  JavaThread "main" [_thread_in_native, id=3668, stack(0x00000000025b0000,0x00000000026b0000)]

siginfo: ExceptionCode=0xc0000005, reading address 0x0000000000000000

Registers:
RAX=0x000000001e9edd20, RBX=0x000000001eb53270, RCX=0x0000000000000000, RDX=0x0000000000000000
RSP=0x00000000026af380, RBP=0x0000000000000000, RSI=0x0000000000000000, RDI=0x0000000000000000
R8 =0x0000000000000000, R9 =0x0000000000000003, R10=0x0000000000000000, R11=0x00007ffbc05bbf0b
R12=0x0000000000000000, R13=0x00000000193c5b20, R14=0x00000000026af508, R15=0x0000000002761000
RIP=0x000000006c5070a2, EFLAGS=0x0000000000010246

Top of Stack: (sp=0x00000000026af380)
0x00000000026af380:   000000001eb53270 000000006c506ed1
0x00000000026af390:   000000001ebf3010 0000000000000000
0x00000000026af3a0:   000000001ebf3010 0000000000000000
0x00000000026af3b0:   000000001ec00890 000000006c5046d4
0x00000000026af3c0:   000000001b5361f0 000000005f390f61
0x00000000026af3d0:   0000000000000000 000000001b5361f0
0x00000000026af3e0:   0000000000000000 00000000027611f8
0x00000000026af3f0:   000000001d2a24d0 0000000066389291
0x00000000026af400:   000000001ebf3010 000000001b5361f0
0x00000000026af410:   0000000000000000 00000000193c59f0
0x00000000026af420:   00000000026af4e0 00000000193c5b20
0x00000000026af430:   000000000000006a 0000000002867da0
0x00000000026af440:   00000000026af4d0 0000000002877f74
0x00000000026af450:   0000000000000002 0000000002aa0c19
0x00000000026af460:   000000001d2a24d0 00000000193c94b8
0x00000000026af470:   0000000000000000 00000000028784a0 

Instructions: (pc=0x000000006c5070a2)
0x000000006c507082:   4e 79 23 00 48 8d 15 fe 9e 1d 00 48 8d 48 60 e8
0x000000006c507092:   ba fd ff ff b9 07 00 00 00 e8 10 59 19 00 31 ff
0x000000006c5070a2:   80 3e 00 89 d1 0f 85 41 ff ff ff eb 85 90 56 53
0x000000006c5070b2:   48 83 ec 28 48 8b 31 48 89 cb 48 89 f1 e8 54 57 


Register to memory mapping:

RAX=0x000000001e9edd20 is an unknown value
RBX=0x000000001eb53270 is an unknown value
RCX=0x0000000000000000 is an unknown value
RDX=0x0000000000000000 is an unknown value
RSP=0x00000000026af380 is pointing into the stack for thread: 0x0000000002761000
RBP=0x0000000000000000 is an unknown value
RSI=0x0000000000000000 is an unknown value
RDI=0x0000000000000000 is an unknown value
R8 =0x0000000000000000 is an unknown value
R9 =0x0000000000000003 is an unknown value
R10=0x0000000000000000 is an unknown value
R11=0x00007ffbc05bbf0b is an unknown value
R12=0x0000000000000000 is an unknown value
R13={method} {0x00000000193c5b28} 'Csound_ReadScore' '(JLcsnd6/Csound;Ljava/lang/String;)I' in 'csnd6/csnd6JNI'
R14=0x00000000026af508 is pointing into the stack for thread: 0x0000000002761000
R15=0x0000000002761000 is a thread


Stack: [0x00000000025b0000,0x00000000026b0000],  sp=0x00000000026af380,  free space=1020k
Native frames: (J=compiled Java code, j=interpreted, Vv=VM code, C=native code)

Java frames: (J=compiled Java code, j=interpreted, Vv=VM code)
j  csnd6.csnd6JNI.Csound_ReadScore(JLcsnd6/Csound;Ljava/lang/String;)I+0
j  csnd6.Csound.ReadScore(Ljava/lang/String;)I+6
j  main.Performer.main([Ljava/lang/String;)V+252
j  main.MediaThread.run()V+14
j  grain.GrainManager.renderAll(Ljava/lang/String;)V+205
j  main.FractalSynth.renderAll(Ljava/lang/String;)V+5
j  main.ScriptReader.render(Ljava/lang/String;)V+5
j  main.ScriptReader.main([Ljava/lang/String;)V+23
v  ~StubRoutines::call_stub

---------------  P R O C E S S  ---------------

Java Threads: ( => current thread )
  0x000000001b218800 JavaThread "Service Thread" daemon [_thread_blocked, id=10436, stack(0x000000001b5f0000,0x000000001b6f0000)]
  0x00000000198ba000 JavaThread "C1 CompilerThread2" daemon [_thread_blocked, id=4284, stack(0x000000001b0f0000,0x000000001b1f0000)]
  0x00000000198b0000 JavaThread "C2 CompilerThread1" daemon [_thread_blocked, id=10512, stack(0x000000001aff0000,0x000000001b0f0000)]
  0x00000000198ac800 JavaThread "C2 CompilerThread0" daemon [_thread_blocked, id=10020, stack(0x000000001aef0000,0x000000001aff0000)]
  0x00000000198ab000 JavaThread "Attach Listener" daemon [_thread_blocked, id=7684, stack(0x000000001adf0000,0x000000001aef0000)]
  0x00000000198aa800 JavaThread "Signal Dispatcher" daemon [_thread_blocked, id=10176, stack(0x000000001acf0000,0x000000001adf0000)]
  0x0000000019899000 JavaThread "Finalizer" daemon [_thread_blocked, id=5104, stack(0x000000001ab00000,0x000000001ac00000)]
  0x0000000002851000 JavaThread "Reference Handler" daemon [_thread_blocked, id=6448, stack(0x000000001aa00000,0x000000001ab00000)]
=>0x0000000002761000 JavaThread "main" [_thread_in_native, id=3668, stack(0x00000000025b0000,0x00000000026b0000)]

Other Threads:
  0x0000000019876800 VMThread [stack: 0x000000001a900000,0x000000001aa00000] [id=11296]
  0x000000001b242000 WatcherThread [stack: 0x000000001b6f0000,0x000000001b7f0000] [id=11628]

VM state:not at safepoint (normal execution)

VM Mutex/Monitor currently owned by a thread: None

Heap:
 PSYoungGen      total 691712K, used 249784K [0x0000000780b00000, 0x00000007c0000000, 0x00000007c0000000)
  eden space 346112K, 69% used [0x0000000780b00000,0x000000078f6b2a68,0x0000000795d00000)
  from space 345600K, 2% used [0x00000007aae80000,0x00000007ab6bb5e8,0x00000007c0000000)
  to   space 345600K, 0% used [0x0000000795d00000,0x0000000795d00000,0x00000007aae80000)
 ParOldGen       total 1135104K, used 552231K [0x0000000702000000, 0x0000000747480000, 0x0000000780b00000)
  object space 1135104K, 48% used [0x0000000702000000,0x0000000723b49c30,0x0000000747480000)
 Metaspace       used 5577K, capacity 5762K, committed 5888K, reserved 1056768K
  class space    used 610K, capacity 703K, committed 768K, reserved 1048576K

Card table byte_map: [0x0000000011c20000,0x0000000012220000] byte_map_base: 0x000000000e410000

Marking Bits: (ParMarkBitMap*) 0x000000005fa6b6d0
 Begin Bits: [0x0000000012a20000, 0x00000000159a0000)
 End Bits:   [0x00000000159a0000, 0x0000000018920000)

Polling page: 0x0000000000980000

CodeCache: size=245760Kb used=3168Kb max_used=3175Kb free=242591Kb
 bounds [0x0000000002860000, 0x0000000002b80000, 0x0000000011860000]
 total_blobs=1103 nmethods=738 adapters=278
 compilation: enabled

Compilation events (10 events):
Event: 34.050 Thread 0x00000000198ac800 nmethod 732 0x0000000002b76550 code [0x0000000002b766c0, 0x0000000002b769b8]
Event: 34.050 Thread 0x00000000198ba000 nmethod 734% 0x0000000002b7a9d0 code [0x0000000002b7abc0, 0x0000000002b7b798]
Event: 34.051 Thread 0x00000000198ba000  735       3       java.util.regex.Pattern$Curly::match0 (174 bytes)
Event: 34.051 Thread 0x00000000198ba000 nmethod 735 0x0000000002b79a50 code [0x0000000002b79c40, 0x0000000002b7a678]
Event: 34.052 Thread 0x00000000198b0000  736 %     4       java.util.regex.Pattern$Curly::match0 @ 61 (174 bytes)
Event: 34.059 Thread 0x00000000198b0000 nmethod 736% 0x0000000002b77750 code [0x0000000002b778a0, 0x0000000002b780d8]
Event: 197.018 Thread 0x00000000198ba000  737       3       sun.misc.VM::allowArraySyntax (4 bytes)
Event: 197.018 Thread 0x00000000198ba000 nmethod 737 0x0000000002b773d0 code [0x0000000002b77520, 0x0000000002b77670]
Event: 197.018 Thread 0x00000000198ba000  738   !   3       sun.misc.URLClassPath$JarLoader::getResource (85 bytes)
Event: 197.019 Thread 0x00000000198ba000 nmethod 738 0x0000000002b7c510 code [0x0000000002b7c760, 0x0000000002b7d388]

GC Heap History (10 events):
Event: 24.527 GC heap before
{Heap before GC invocations=23 (full 6):
 PSYoungGen      total 691712K, used 687575K [0x0000000780b00000, 0x00000007c0000000, 0x00000007c0000000)
  eden space 346112K, 100% used [0x0000000780b00000,0x0000000795d00000,0x0000000795d00000)
  from space 345600K, 98% used [0x00000007aae80000,0x00000007bfbf5f90,0x00000007c0000000)
  to   space 345600K, 0% used [0x0000000795d00000,0x0000000795d00000,0x00000007aae80000)
 ParOldGen       total 1397760K, used 770904K [0x0000000702000000, 0x0000000757500000, 0x0000000780b00000)
  object space 1397760K, 55% used [0x0000000702000000,0x00000007310d6398,0x0000000757500000)
 Metaspace       used 4937K, capacity 5090K, committed 5248K, reserved 1056768K
  class space    used 567K, capacity 607K, committed 640K, reserved 1048576K
Event: 24.655 GC heap after
Heap after GC invocations=23 (full 6):
 PSYoungGen      total 691712K, used 345584K [0x0000000780b00000, 0x00000007c0000000, 0x00000007c0000000)
  eden space 346112K, 0% used [0x0000000780b00000,0x0000000780b00000,0x0000000795d00000)
  from space 345600K, 99% used [0x0000000795d00000,0x00000007aae7c030,0x00000007aae80000)
  to   space 345600K, 0% used [0x00000007aae80000,0x00000007aae80000,0x00000007c0000000)
 ParOldGen       total 1397760K, used 1116528K [0x0000000702000000, 0x0000000757500000, 0x0000000780b00000)
  object space 1397760K, 79% used [0x0000000702000000,0x000000074625c308,0x0000000757500000)
 Metaspace       used 4937K, capacity 5090K, committed 5248K, reserved 1056768K
  class space    used 567K, capacity 607K, committed 640K, reserved 1048576K
}
Event: 24.656 GC heap before
{Heap before GC invocations=24 (full 7):
 PSYoungGen      total 691712K, used 345584K [0x0000000780b00000, 0x00000007c0000000, 0x00000007c0000000)
  eden space 346112K, 0% used [0x0000000780b00000,0x0000000780b00000,0x0000000795d00000)
  from space 345600K, 99% used [0x0000000795d00000,0x00000007aae7c030,0x00000007aae80000)
  to   space 345600K, 0% used [0x00000007aae80000,0x00000007aae80000,0x00000007c0000000)
 ParOldGen       total 1397760K, used 1116528K [0x0000000702000000, 0x0000000757500000, 0x0000000780b00000)
  object space 1397760K, 79% used [0x0000000702000000,0x000000074625c308,0x0000000757500000)
 Metaspace       used 4937K, capacity 5090K, committed 5248K, reserved 1056768K
  class space    used 567K, capacity 607K, committed 640K, reserved 1048576K
Event: 24.864 GC heap after
Heap after GC invocations=24 (full 7):
 PSYoungGen      total 691712K, used 0K [0x0000000780b00000, 0x00000007c0000000, 0x00000007c0000000)
  eden space 346112K, 0% used [0x0000000780b00000,0x0000000780b00000,0x0000000795d00000)
  from space 345600K, 0% used [0x0000000795d00000,0x0000000795d00000,0x00000007aae80000)
  to   space 345600K, 0% used [0x00000007aae80000,0x00000007aae80000,0x00000007c0000000)
 ParOldGen       total 1135104K, used 413391K [0x0000000702000000, 0x0000000747480000, 0x0000000780b00000)
  object space 1135104K, 36% used [0x0000000702000000,0x000000071b3b3c30,0x0000000747480000)
 Metaspace       used 4937K, capacity 5090K, committed 5248K, reserved 1056768K
  class space    used 567K, capacity 607K, committed 640K, reserved 1048576K
}
Event: 27.027 GC heap before
{Heap before GC invocations=25 (full 7):
 PSYoungGen      total 691712K, used 346112K [0x0000000780b00000, 0x00000007c0000000, 0x00000007c0000000)
  eden space 346112K, 100% used [0x0000000780b00000,0x0000000795d00000,0x0000000795d00000)
  from space 345600K, 0% used [0x0000000795d00000,0x0000000795d00000,0x00000007aae80000)
  to   space 345600K, 0% used [0x00000007aae80000,0x00000007aae80000,0x00000007c0000000)
 ParOldGen       total 1135104K, used 413391K [0x0000000702000000, 0x0000000747480000, 0x0000000780b00000)
  object space 1135104K, 36% used [0x0000000702000000,0x000000071b3b3c30,0x0000000747480000)
 Metaspace       used 4937K, capacity 5090K, committed 5248K, reserved 1056768K
  class space    used 567K, capacity 607K, committed 640K, reserved 1048576K
Event: 27.116 GC heap after
Heap after GC invocations=25 (full 7):
 PSYoungGen      total 691712K, used 345594K [0x0000000780b00000, 0x00000007c0000000, 0x00000007c0000000)
  eden space 346112K, 0% used [0x0000000780b00000,0x0000000780b00000,0x0000000795d00000)
  from space 345600K, 99% used [0x00000007aae80000,0x00000007bfffe930,0x00000007c0000000)
  to   space 345600K, 0% used [0x0000000795d00000,0x0000000795d00000,0x00000007aae80000)
 ParOldGen       total 1135104K, used 419887K [0x0000000702000000, 0x0000000747480000, 0x0000000780b00000)
  object space 1135104K, 36% used [0x0000000702000000,0x000000071ba0bc30,0x0000000747480000)
 Metaspace       used 4937K, capacity 5090K, committed 5248K, reserved 1056768K
  class space    used 567K, capacity 607K, committed 640K, reserved 1048576K
}
Event: 32.061 GC heap before
{Heap before GC invocations=26 (full 7):
 PSYoungGen      total 691712K, used 691706K [0x0000000780b00000, 0x00000007c0000000, 0x00000007c0000000)
  eden space 346112K, 100% used [0x0000000780b00000,0x0000000795d00000,0x0000000795d00000)
  from space 345600K, 99% used [0x00000007aae80000,0x00000007bfffe930,0x00000007c0000000)
  to   space 345600K, 0% used [0x0000000795d00000,0x0000000795d00000,0x00000007aae80000)
 ParOldGen       total 1135104K, used 419887K [0x0000000702000000, 0x0000000747480000, 0x0000000780b00000)
  object space 1135104K, 36% used [0x0000000702000000,0x000000071ba0bc30,0x0000000747480000)
 Metaspace       used 4937K, capacity 5090K, committed 5248K, reserved 1056768K
  class space    used 567K, capacity 607K, committed 640K, reserved 1048576K
Event: 32.087 GC heap after
Heap after GC invocations=26 (full 7):
 PSYoungGen      total 691712K, used 6432K [0x0000000780b00000, 0x00000007c0000000, 0x00000007c0000000)
  eden space 346112K, 0% used [0x0000000780b00000,0x0000000780b00000,0x0000000795d00000)
  from space 345600K, 1% used [0x0000000795d00000,0x0000000796348030,0x00000007aae80000)
  to   space 345600K, 0% used [0x00000007aae80000,0x00000007aae80000,0x00000007c0000000)
 ParOldGen       total 1135104K, used 552223K [0x0000000702000000, 0x0000000747480000, 0x0000000780b00000)
  object space 1135104K, 48% used [0x0000000702000000,0x0000000723b47c30,0x0000000747480000)
 Metaspace       used 4937K, capacity 5090K, committed 5248K, reserved 1056768K
  class space    used 567K, capacity 607K, committed 640K, reserved 1048576K
}
Event: 33.796 GC heap before
{Heap before GC invocations=27 (full 7):
 PSYoungGen      total 691712K, used 349454K [0x0000000780b00000, 0x00000007c0000000, 0x00000007c0000000)
  eden space 346112K, 99% used [0x0000000780b00000,0x00000007959fbaf0,0x0000000795d00000)
  from space 345600K, 1% used [0x0000000795d00000,0x0000000796348030,0x00000007aae80000)
  to   space 345600K, 0% used [0x00000007aae80000,0x00000007aae80000,0x00000007c0000000)
 ParOldGen       total 1135104K, used 552223K [0x0000000702000000, 0x0000000747480000, 0x0000000780b00000)
  object space 1135104K, 48% used [0x0000000702000000,0x0000000723b47c30,0x0000000747480000)
 Metaspace       used 5492K, capacity 5698K, committed 5888K, reserved 1056768K
  class space    used 605K, capacity 703K, committed 768K, reserved 1048576K
Event: 33.798 GC heap after
Heap after GC invocations=27 (full 7):
 PSYoungGen      total 691712K, used 8429K [0x0000000780b00000, 0x00000007c0000000, 0x00000007c0000000)
  eden space 346112K, 0% used [0x0000000780b00000,0x0000000780b00000,0x0000000795d00000)
  from space 345600K, 2% used [0x00000007aae80000,0x00000007ab6bb5e8,0x00000007c0000000)
  to   space 345600K, 0% used [0x0000000795d00000,0x0000000795d00000,0x00000007aae80000)
 ParOldGen       total 1135104K, used 552231K [0x0000000702000000, 0x0000000747480000, 0x0000000780b00000)
  object space 1135104K, 48% used [0x0000000702000000,0x0000000723b49c30,0x0000000747480000)
 Metaspace       used 5492K, capacity 5698K, committed 5888K, reserved 1056768K
  class space    used 605K, capacity 703K, committed 768K, reserved 1048576K
}

Deoptimization events (10 events):
Event: 16.883 Thread 0x0000000002761000 Uncommon trap: reason=unstable_if action=reinterpret pc=0x0000000002a7f754 method=java.io.ObjectOutputStream$BlockDataOutputStream.setBlockDataMode(Z)Z @ 5
Event: 16.883 Thread 0x0000000002761000 Uncommon trap: reason=unstable_if action=reinterpret pc=0x0000000002a6ed18 method=java.lang.ref.SoftReference.get()Ljava/lang/Object; @ 17
Event: 16.883 Thread 0x0000000002761000 Uncommon trap: reason=unstable_if action=reinterpret pc=0x0000000002a782e8 method=java.io.ObjectOutputStream.defaultWriteFields(Ljava/lang/Object;Ljava/io/ObjectStreamClass;)V @ 53
Event: 16.883 Thread 0x0000000002761000 Uncommon trap: reason=unstable_if action=reinterpret pc=0x0000000002a6e8c0 method=java.io.ObjectOutputStream$BlockDataOutputStream.drain()V @ 12
Event: 22.082 Thread 0x0000000002761000 Uncommon trap: reason=unstable_if action=reinterpret pc=0x0000000002a33080 method=grain.GrainManager.genPulsarMatrix(IIIIIIIDILtable/Table;Ltable/Table;)I @ 271
Event: 22.083 Thread 0x0000000002761000 Uncommon trap: reason=unstable_if action=reinterpret pc=0x0000000002a9fd74 method=java.lang.Integer.getChars(II[C)V @ 20
Event: 33.105 Thread 0x0000000002761000 Uncommon trap: reason=unstable_if action=reinterpret pc=0x0000000002ab2ba8 method=sun.misc.FloatingDecimal$BinaryToASCIIBuffer.dtoa(IJIZ)V @ 1004
Event: 33.712 Thread 0x0000000002761000 Uncommon trap: reason=unstable_if action=reinterpret pc=0x0000000002a6f1a8 method=java.util.concurrent.ConcurrentHashMap.get(Ljava/lang/Object;)Ljava/lang/Object; @ 62
Event: 34.112 Thread 0x0000000002761000 Uncommon trap: reason=unstable_if action=reinterpret pc=0x0000000002b77ec0 method=java.util.regex.Pattern$CharProperty.match(Ljava/util/regex/Matcher;ILjava/lang/CharSequence;)Z @ 5
Event: 56849.299 Thread 0x0000000002761000 Uncommon trap: reason=unstable_if action=reinterpret pc=0x0000000002b768e8 method=java.util.regex.Pattern$CharProperty.match(Ljava/util/regex/Matcher;ILjava/lang/CharSequence;)Z @ 5

Internal exceptions (10 events):
Event: 0.089 Thread 0x0000000002761000 Exception <a 'java/security/PrivilegedActionException'> (0x0000000780b94c18) thrown at [C:\re\workspace\8-2-build-windows-amd64-cygwin\jdk8u121\8372\hotspot\src\share\vm\prims\jvm.cpp, line 1390]
Event: 0.089 Thread 0x0000000002761000 Exception <a 'java/security/PrivilegedActionException'> (0x0000000780b95010) thrown at [C:\re\workspace\8-2-build-windows-amd64-cygwin\jdk8u121\8372\hotspot\src\share\vm\prims\jvm.cpp, line 1390]
Event: 0.090 Thread 0x0000000002761000 Exception <a 'java/security/PrivilegedActionException'> (0x0000000780b98e68) thrown at [C:\re\workspace\8-2-build-windows-amd64-cygwin\jdk8u121\8372\hotspot\src\share\vm\prims\jvm.cpp, line 1390]
Event: 0.090 Thread 0x0000000002761000 Exception <a 'java/security/PrivilegedActionException'> (0x0000000780b99260) thrown at [C:\re\workspace\8-2-build-windows-amd64-cygwin\jdk8u121\8372\hotspot\src\share\vm\prims\jvm.cpp, line 1390]
Event: 0.144 Thread 0x0000000002761000 Exception <a 'java/lang/NoSuchFieldError': method resolution failed> (0x0000000780db2188) thrown at [C:\re\workspace\8-2-build-windows-amd64-cygwin\jdk8u121\8372\hotspot\src\share\vm\prims\methodHandles.cpp, line 1146]
Event: 0.145 Thread 0x0000000002761000 Exception <a 'java/lang/NoSuchFieldError': method resolution failed> (0x0000000780dbf558) thrown at [C:\re\workspace\8-2-build-windows-amd64-cygwin\jdk8u121\8372\hotspot\src\share\vm\prims\methodHandles.cpp, line 1146]
Event: 2.742 Thread 0x0000000002761000 Implicit null exception at 0x0000000002a05a98 to 0x0000000002a05fd5
Event: 16.883 Thread 0x0000000002761000 Implicit null exception at 0x0000000002a72ef6 to 0x0000000002a7323d
Event: 16.883 Thread 0x0000000002761000 Implicit null exception at 0x0000000002a75694 to 0x0000000002a76195
Event: 56849.299 Thread 0x0000000002761000 Exception <a 'java/io/FileNotFoundException'> (0x00000007827895f8) thrown at [C:\re\workspace\8-2-build-windows-amd64-cygwin\jdk8u121\8372\hotspot\src\share\vm\prims\jni.cpp, line 709]

Events (10 events):
Event: 56849.299 Thread 0x0000000002761000 DEOPT PACKING pc=0x0000000002b768e8 sp=0x00000000026af240
Event: 56849.299 Thread 0x0000000002761000 DEOPT UNPACKING pc=0x00000000028a582a sp=0x00000000026af1e8 mode 2
Event: 56849.299 loading class java/lang/Throwable$WrappedPrintStream
Event: 56849.300 loading class java/lang/Throwable$PrintStreamOrWriter
Event: 56849.300 loading class java/lang/Throwable$PrintStreamOrWriter done
Event: 56849.300 loading class java/lang/Throwable$WrappedPrintStream done
Event: 56849.300 loading class java/util/IdentityHashMap
Event: 56849.301 loading class java/util/IdentityHashMap done
Event: 56849.301 loading class java/util/IdentityHashMap$KeySet
Event: 56849.301 loading class java/util/IdentityHashMap$KeySet done


Dynamic libraries:
0x00007ff658240000 - 0x00007ff658277000 	C:\Program Files\Java\jre1.8.0_121\bin\javaw.exe
0x00007ffbc0510000 - 0x00007ffbc06eb000 	C:\WINDOWS\SYSTEM32\ntdll.dll
0x00007ffbbe230000 - 0x00007ffbbe2de000 	C:\WINDOWS\System32\KERNEL32.DLL
0x00007ffbbcea0000 - 0x00007ffbbd0e9000 	C:\WINDOWS\System32\KERNELBASE.dll
0x00007ffbbe2e0000 - 0x00007ffbbe381000 	C:\WINDOWS\System32\ADVAPI32.dll
0x00007ffbbe550000 - 0x00007ffbbe5ed000 	C:\WINDOWS\System32\msvcrt.dll
0x00007ffbbe430000 - 0x00007ffbbe489000 	C:\WINDOWS\System32\sechost.dll
0x00007ffbc0270000 - 0x00007ffbc0395000 	C:\WINDOWS\System32\RPCRT4.dll
0x00007ffbc0110000 - 0x00007ffbc025a000 	C:\WINDOWS\System32\USER32.dll
0x00007ffbbca30000 - 0x00007ffbbca4e000 	C:\WINDOWS\System32\win32u.dll
0x00007ffbbe200000 - 0x00007ffbbe227000 	C:\WINDOWS\System32\GDI32.dll
0x00007ffbbd140000 - 0x00007ffbbd2c7000 	C:\WINDOWS\System32\gdi32full.dll
0x00007ffbbd2d0000 - 0x00007ffbbd36a000 	C:\WINDOWS\System32\msvcp_win.dll
0x00007ffbbcd30000 - 0x00007ffbbce26000 	C:\WINDOWS\System32\ucrtbase.dll
0x00007ffbadb80000 - 0x00007ffbadde7000 	C:\WINDOWS\WinSxS\amd64_microsoft.windows.common-controls_6595b64144ccf1df_6.0.15063.483_none_26002d27e7c744a2\COMCTL32.dll
0x00007ffbbdc60000 - 0x00007ffbbdf59000 	C:\WINDOWS\System32\combase.dll
0x00007ffbbce30000 - 0x00007ffbbce9a000 	C:\WINDOWS\System32\bcryptPrimitives.dll
0x00007ffbbdfc0000 - 0x00007ffbbdfed000 	C:\WINDOWS\System32\IMM32.DLL
0x000000005efc0000 - 0x000000005f092000 	C:\Program Files\Java\jre1.8.0_121\bin\msvcr100.dll
0x000000005f250000 - 0x000000005faeb000 	C:\Program Files\Java\jre1.8.0_121\bin\server\jvm.dll
0x00007ffbc0260000 - 0x00007ffbc0268000 	C:\WINDOWS\System32\PSAPI.DLL
0x00007ffba9df0000 - 0x00007ffba9df9000 	C:\WINDOWS\SYSTEM32\WSOCK32.dll
0x00007ffbbe610000 - 0x00007ffbbe67c000 	C:\WINDOWS\System32\WS2_32.dll
0x00007ffbb9c90000 - 0x00007ffbb9cb3000 	C:\WINDOWS\SYSTEM32\WINMM.dll
0x00007ffbade30000 - 0x00007ffbade3a000 	C:\WINDOWS\SYSTEM32\VERSION.dll
0x00007ffbb9c60000 - 0x00007ffbb9c8b000 	C:\WINDOWS\SYSTEM32\WINMMBASE.dll
0x00007ffbbd0f0000 - 0x00007ffbbd139000 	C:\WINDOWS\System32\cfgmgr32.dll
0x000000005f160000 - 0x000000005f16f000 	C:\Program Files\Java\jre1.8.0_121\bin\verify.dll
0x000000005f130000 - 0x000000005f159000 	C:\Program Files\Java\jre1.8.0_121\bin\java.dll
0x000000005f110000 - 0x000000005f126000 	C:\Program Files\Java\jre1.8.0_121\bin\zip.dll
0x00007ffbbecd0000 - 0x00007ffbc0106000 	C:\WINDOWS\System32\SHELL32.dll
0x00007ffbbe4a0000 - 0x00007ffbbe54a000 	C:\WINDOWS\System32\shcore.dll
0x00007ffbbd370000 - 0x00007ffbbda61000 	C:\WINDOWS\System32\windows.storage.dll
0x00007ffbbead0000 - 0x00007ffbbeb21000 	C:\WINDOWS\System32\shlwapi.dll
0x00007ffbbc9f0000 - 0x00007ffbbca01000 	C:\WINDOWS\System32\kernel.appcore.dll
0x00007ffbbc9a0000 - 0x00007ffbbc9ec000 	C:\WINDOWS\System32\powrprof.dll
0x00007ffbbca10000 - 0x00007ffbbca25000 	C:\WINDOWS\System32\profapi.dll
0x000000005f0f0000 - 0x000000005f10a000 	C:\Program Files\Java\jre1.8.0_121\bin\net.dll
0x00007ffbbc230000 - 0x00007ffbbc28c000 	C:\WINDOWS\system32\mswsock.dll
0x000000005f0d0000 - 0x000000005f0e1000 	C:\Program Files\Java\jre1.8.0_121\bin\nio.dll
0x0000000066380000 - 0x0000000066632000 	C:\Program Files\Csound6_x64\bin\_jcsound6.dll
0x000000006c500000 - 0x000000006d3ef000 	C:\Program Files\Csound6_x64\bin\csound64.dll
0x000000006fe00000 - 0x0000000070110000 	C:\Program Files\Csound6_x64\bin\csnd6.dll
0x0000000070440000 - 0x00000000705c0000 	C:\Program Files\Csound6_x64\bin\libsndfile-1.dll
0x0000000064c40000 - 0x0000000064c6d000 	C:\Program Files\Csound6_x64\plugins64\ampmidid.dll
0x0000000067d40000 - 0x0000000067d6f000 	C:\Program Files\Csound6_x64\plugins64\buchla.dll
0x0000000069380000 - 0x00000000693a7000 	C:\Program Files\Csound6_x64\plugins64\cellular.dll
0x0000000065c40000 - 0x0000000065da4000 	C:\Program Files\Csound6_x64\plugins64\chua.dll
0x00000000679c0000 - 0x00000000679e8000 	C:\Program Files\Csound6_x64\plugins64\cs_date.dll
0x0000000062140000 - 0x0000000062288000 	C:\Program Files\Csound6_x64\plugins64\doppler.dll
0x0000000068740000 - 0x000000006876d000 	C:\Program Files\Csound6_x64\plugins64\exciter.dll
0x00000000026f0000 - 0x0000000002718000 	C:\Program Files\Csound6_x64\plugins64\fareygen.dll
0x0000000063fc0000 - 0x000000006438b000 	C:\Program Files\Csound6_x64\plugins64\fluidOpcodes.dll
0x00007ffbbe0b0000 - 0x00007ffbbe1f5000 	C:\WINDOWS\System32\ole32.dll
0x00007ffb88c90000 - 0x00007ffb88d1c000 	C:\WINDOWS\SYSTEM32\DSOUND.dll
0x00007ffbbe690000 - 0x00007ffbbeacb000 	C:\WINDOWS\System32\SETUPAPI.dll
0x00007ffbbb280000 - 0x00007ffbbb315000 	C:\WINDOWS\system32\uxtheme.dll
0x00007ffbbdaf0000 - 0x00007ffbbdc56000 	C:\WINDOWS\System32\MSCTF.dll
0x00007ffbbdff0000 - 0x00007ffbbe0b0000 	C:\WINDOWS\System32\OLEAUT32.dll
0x00007ffba2850000 - 0x00007ffba28f1000 	C:\Program Files\Common Files\microsoft shared\ink\tiptsf.dll
0x00007ffbb9ba0000 - 0x00007ffbb9bca000 	C:\WINDOWS\system32\dwmapi.dll
0x0000000061c80000 - 0x0000000061ccc000 	C:\Program Files\Csound6_x64\plugins64\fractalnoise.dll
0x0000000066080000 - 0x00000000660b4000 	C:\Program Files\Csound6_x64\plugins64\framebuffer.dll
0x000000001d470000 - 0x000000001d5e4000 	C:\Program Files\Csound6_x64\plugins64\ftsamplebank.dll
0x0000000069840000 - 0x0000000069884000 	C:\Program Files\Csound6_x64\plugins64\getftargs.dll
0x0000000068ac0000 - 0x0000000068de3000 	C:\Program Files\Csound6_x64\plugins64\hdf5ops.dll
0x0000000066c80000 - 0x0000000066d03000 	C:\Program Files\Csound6_x64\plugins64\image.dll
0x0000000067300000 - 0x0000000067328000 	C:\Program Files\Csound6_x64\plugins64\ipmidi.dll
0x000000001d5f0000 - 0x000000001d939000 	C:\Program Files\Csound6_x64\plugins64\linear_algebra.dll
0x000000006d780000 - 0x000000006d8df000 	C:\Program Files\Csound6_x64\plugins64\LuaCsound.dll
0x0000000066d80000 - 0x0000000066dec000 	C:\Program Files\Csound6_x64\bin\lua51.dll
0x0000000064500000 - 0x0000000064692000 	C:\Program Files\Csound6_x64\plugins64\mixer.dll
0x0000000067a80000 - 0x0000000067ae5000 	C:\Program Files\Csound6_x64\plugins64\osc.dll
0x00007ffbbbfd0000 - 0x00007ffbbc007000 	C:\WINDOWS\SYSTEM32\IPHLPAPI.DLL
0x000000001d940000 - 0x000000001da6c000 	C:\Program Files\Csound6_x64\plugins64\padsynth.dll
0x000000006f600000 - 0x000000006f633000 	C:\Program Files\Csound6_x64\plugins64\platerev.dll
0x000000006a640000 - 0x000000006a68c000 	C:\Program Files\Csound6_x64\plugins64\pmidi.dll
0x000000001d2c0000 - 0x000000001d320000 	C:\Program Files\Csound6_x64\plugins64\py.dll
0x000000001e000000 - 0x000000001e306000 	C:\Program Files\Csound6_x64\bin\python27.dll
0x000000005ef10000 - 0x000000005efb3000 	C:\WINDOWS\WinSxS\amd64_microsoft.vc90.crt_1fc8b3b9a1e18e3b_9.0.30729.9279_none_08e667efa83ba076\MSVCR90.dll
0x000000001d340000 - 0x000000001d368000 	C:\Program Files\Csound6_x64\plugins64\quadbezier.dll
0x0000000066e40000 - 0x0000000066ec7000 	C:\Program Files\Csound6_x64\plugins64\rtpa.dll
0x0000000062c40000 - 0x0000000062c70000 	C:\Program Files\Csound6_x64\plugins64\rtwinmm.dll
0x0000000067440000 - 0x00000000674a5000 	C:\Program Files\Csound6_x64\plugins64\scansyn.dll
0x0000000061ec0000 - 0x0000000061ee7000 	C:\Program Files\Csound6_x64\plugins64\select.dll
0x0000000066ac0000 - 0x0000000066ae9000 	C:\Program Files\Csound6_x64\plugins64\serial.dll
0x0000000061780000 - 0x0000000061bcd000 	C:\Program Files\Csound6_x64\plugins64\signalflowgraph.dll
0x000000006f440000 - 0x000000006f58d000 	C:\Program Files\Csound6_x64\plugins64\stdutil.dll
0x000000001db40000 - 0x000000001dd5e000 	C:\Program Files\Csound6_x64\plugins64\stkops.dll
0x000000001da70000 - 0x000000001da97000 	C:\Program Files\Csound6_x64\plugins64\system_call.dll
0x000000006e740000 - 0x000000006e955000 	C:\Program Files\Csound6_x64\plugins64\virtual.dll
0x000000001e310000 - 0x000000001e5e7000 	C:\Program Files\Csound6_x64\plugins64\widgets.dll
0x00007ffbb9070000 - 0x00007ffbb9219000 	C:\WINDOWS\SYSTEM32\dbghelp.dll

VM Arguments:
jvm_args: -Dfile.encoding=Cp1252 
java_command: main.ScriptReader mid s_test6_mid_full
java_class_path (initial): C:\Users\Griffin\git\sound\FractalSynth\bin;C:\Users\Griffin\git\sound\FractalSynth\lib\csnd6.jar;C:\Users\Griffin\git\sound\FractalSynth\lib\core.jar
Launcher Type: SUN_STANDARD

Environment Variables:
PATH=C:/Program Files/Java/jre1.8.0_121/bin/server;C:/Program Files/Java/jre1.8.0_121/bin;C:/Program Files/Java/jre1.8.0_121/lib/amd64;C:\ProgramData\Oracle\Java\javapath;C:\Program Files (x86)\Intel\iCLS Client\;C:\Program Files\Intel\iCLS Client\;C:\WINDOWS\system32;C:\WINDOWS;C:\WINDOWS\System32\Wbem;C:\WINDOWS\System32\WindowsPowerShell\v1.0\;C:\Program Files (x86)\Intel\Intel(R) Management Engine Components\DAL;C:\Program Files\Intel\Intel(R) Management Engine Components\DAL;C:\Program Files (x86)\Intel\Intel(R) Management Engine Components\IPT;C:\Program Files\Intel\Intel(R) Management Engine Components\IPT;C:\Program Files\Intel\WiFi\bin\;C:\Program Files\Common Files\Intel\WirelessCommon\;C:\Program Files\Csound6_x64\bin;C:\Program Files\PuTTY\;C:\Users\Griffin\Anaconda3;C:\Users\Griffin\Anaconda3\Scripts;C:\Users\Griffin\Anaconda3\Library\bin;C:\Users\Griffin\AppData\Local\Microsoft\WindowsApps;C:\Users\Griffin\AppData\Local\GitHubDesktop\bin;C:\Users\Griffin\eclipse\java-neon\eclipse;
USERNAME=Griffin
OS=Windows_NT
PROCESSOR_IDENTIFIER=Intel64 Family 6 Model 142 Stepping 9, GenuineIntel



---------------  S Y S T E M  ---------------

OS: Windows 10.0 , 64 bit Build 15063 (10.0.15063.296)

CPU:total 4 (2 cores per cpu, 2 threads per core) family 6 model 142 stepping 9, cmov, cx8, fxsr, mmx, sse, sse2, sse3, ssse3, sse4.1, sse4.2, popcnt, avx, avx2, aes, clmul, erms, 3dnowpref, lzcnt, ht, tsc, tscinvbit, bmi1, bmi2, adx

Memory: 4k page, physical 12449004k(7275532k free), swap 14349548k(6781140k free)

vm_info: Java HotSpot(TM) 64-Bit Server VM (25.121-b13) for windows-amd64 JRE (1.8.0_121-b13), built on Dec 12 2016 18:21:36 by "java_re" with MS VC++ 10.0 (VS2010)

time: Sun Oct 22 12:17:01 2017
elapsed time: 56849 seconds (0d 15h 47m 29s)

