#
# A fatal error has been detected by the Java Runtime Environment:
#
#  EXCEPTION_ACCESS_VIOLATION (0xc0000005) at pc=0x000000001f953278, pid=13876, tid=0x00000000000034e8
#
# JRE version: Java(TM) SE Runtime Environment (8.0_131-b11) (build 1.8.0_131-b11)
# Java VM: Java HotSpot(TM) 64-Bit Server VM (25.131-b11 mixed mode windows-amd64 compressed oops)
# Problematic frame:
# C  [csound64.dll+0x1a3278]
#
# Failed to write core dump. Minidumps are not enabled by default on client versions of Windows
#
# If you would like to submit a bug report, please visit:
#   http://bugreport.java.com/bugreport/crash.jsp
# The crash happened outside the Java Virtual Machine in native code.
# See problematic frame for where to report the bug.
#

---------------  T H R E A D  ---------------

Current thread (0x00000000194b1800):  JavaThread "Thread-19" [_thread_in_native, id=13544, stack(0x000000001c2b0000,0x000000001c3b0000)]

siginfo: ExceptionCode=0xc0000005, reading address 0x0000000000000000

Registers:
RAX=0x0000000000000000, RBX=0x0000000023c872b0, RCX=0x0000000000000000, RDX=0x000000000000004f
RSP=0x000000001c3ae990, RBP=0x000000000000004f, RSI=0x0000000000000000, RDI=0x0000000000000000
R8 =0xaeff5974ffff29b7, R9 =0x000000000000001e, R10=0x0000000000f908d0, R11=0x0000000000000000
R12=0x0000000000000000, R13=0x00000000173dd050, R14=0x000000001c3aed88, R15=0x00000000194b1800
RIP=0x000000001f953278, EFLAGS=0x0000000000010206

Top of Stack: (sp=0x000000001c3ae990)
0x000000001c3ae990:   0000000023cd6c50 0000000023c872b0
0x000000001c3ae9a0:   0000000000000000 0000000023c872b0
0x000000001c3ae9b0:   0000000023cd6c50 0000000023c872b0
0x000000001c3ae9c0:   0000000000000000 0000000000000000
0x000000001c3ae9d0:   000000000000004f 000000006d781ebf
0x000000001c3ae9e0:   0000000067a95140 0000000023c872b0
0x000000001c3ae9f0:   0000000067a95140 0000000023c872b0
0x000000001c3aea00:   0000000067a963ca 0000000000000000
0x000000001c3aea10:   000000006d81b31a 0000000100000040
0x000000001c3aea20:   000000006d81b05a 000000006d81b324
0x000000001c3aea30:   000000006d818200 0000000023c872b0
0x000000001c3aea40:   0000000000000000 000000001c3aed70
0x000000001c3aea50:   0000000000000000 000000006d7820e3
0x000000001c3aea60:   0000000000000000 000000001f7b285a
0x000000001c3aea70:   0000000023c872b0 000000001f7c33f8
0x000000001c3aea80:   0000000000000001 000000006d81b05a 

Instructions: (pc=0x000000001f953278)
0x000000001f953258:   0f 1f 84 00 00 00 00 00 b8 02 00 00 00 eb bc 66
0x000000001f953268:   0f 1f 84 00 00 00 00 00 55 57 56 53 48 83 ec 28
0x000000001f953278:   48 8b 19 48 8d 43 03 48 83 f8 03 76 1f be 01 00
0x000000001f953288:   00 00 89 f7 87 3b 85 ff 75 4e 8b 53 04 85 d2 75 


Register to memory mapping:

RAX=0x0000000000000000 is an unknown value
RBX=0x0000000023c872b0 is an unknown value
RCX=0x0000000000000000 is an unknown value
RDX=0x000000000000004f is an unknown value
RSP=0x000000001c3ae990 is pointing into the stack for thread: 0x00000000194b1800
RBP=0x000000000000004f is an unknown value
RSI=0x0000000000000000 is an unknown value
RDI=0x0000000000000000 is an unknown value
R8 =0xaeff5974ffff29b7 is an unknown value
R9 =0x000000000000001e is an unknown value
R10=0x0000000000f908d0 is an unknown value
R11=0x0000000000000000 is an unknown value
R12=0x0000000000000000 is an unknown value
R13={method} {0x00000000173dd058} 'new_Csound__SWIG_0' '()J' in 'csnd6/csnd6JNI'
R14=0x000000001c3aed88 is pointing into the stack for thread: 0x00000000194b1800
R15=0x00000000194b1800 is a thread


Stack: [0x000000001c2b0000,0x000000001c3b0000],  sp=0x000000001c3ae990,  free space=1018k
Native frames: (J=compiled Java code, j=interpreted, Vv=VM code, C=native code)
C  [csound64.dll+0x1a3278]
C  [LuaCsound.dll+0x1ebf]
C  [LuaCsound.dll+0x20e3]
C  [csound64.dll+0xfc95f]
C  [csound64.dll+0xfd4db]
C  [csound64.dll+0x53c9]
C  [csound64.dll+0x5c51]
C  [_jcsound6.dll+0xd134]
C  0x0000000002d07f74

Java frames: (J=compiled Java code, j=interpreted, Vv=VM code)
j  csnd6.csnd6JNI.new_Csound__SWIG_0()J+0
j  csnd6.Csound.<init>()V+1
j  main.Performer.main([Ljava/lang/String;)V+213
j  main.MediaThread.run()V+14
j  java.lang.Thread.run()V+11
v  ~StubRoutines::call_stub

---------------  P R O C E S S  ---------------

Java Threads: ( => current thread )
  0x000000001935e000 JavaThread "DestroyJavaVM" [_thread_blocked, id=17020, stack(0x0000000002af0000,0x0000000002bf0000)]
  0x0000000019359000 JavaThread "Thread-68" [_thread_in_native, id=1256, stack(0x000000001f3b0000,0x000000001f4b0000)]
  0x000000001935d800 JavaThread "Thread-67" [_thread_in_native, id=13420, stack(0x000000001f2b0000,0x000000001f3b0000)]
  0x000000001935a800 JavaThread "Thread-66" [_thread_in_native, id=22228, stack(0x000000001f1b0000,0x000000001f2b0000)]
  0x000000001935c800 JavaThread "Thread-65" [_thread_in_native, id=15460, stack(0x000000001f0b0000,0x000000001f1b0000)]
  0x000000001935c000 JavaThread "Thread-64" [_thread_in_native, id=4856, stack(0x000000001efb0000,0x000000001f0b0000)]
  0x000000001935b000 JavaThread "Thread-63" [_thread_in_native, id=21560, stack(0x000000001eeb0000,0x000000001efb0000)]
  0x0000000019870000 JavaThread "Thread-62" [_thread_in_native, id=17732, stack(0x000000001edb0000,0x000000001eeb0000)]
  0x000000001986f800 JavaThread "Thread-61" [_thread_in_native, id=12892, stack(0x000000001ecb0000,0x000000001edb0000)]
  0x000000001986e800 JavaThread "Thread-60" [_thread_in_native, id=10824, stack(0x000000001ebb0000,0x000000001ecb0000)]
  0x0000000019871000 JavaThread "Thread-59" [_thread_in_native, id=16044, stack(0x000000001eab0000,0x000000001ebb0000)]
  0x0000000019867000 JavaThread "Thread-58" [_thread_in_native, id=3392, stack(0x000000001e9b0000,0x000000001eab0000)]
  0x0000000019869800 JavaThread "Thread-57" [_thread_in_native, id=19668, stack(0x000000001e8b0000,0x000000001e9b0000)]
  0x000000001986e000 JavaThread "Thread-56" [_thread_in_native, id=18996, stack(0x000000001e7b0000,0x000000001e8b0000)]
  0x000000001986c800 JavaThread "Thread-55" [_thread_in_native, id=3432, stack(0x000000001e6b0000,0x000000001e7b0000)]
  0x000000001986d000 JavaThread "Thread-54" [_thread_in_native, id=14420, stack(0x000000001e5b0000,0x000000001e6b0000)]
  0x000000001986b800 JavaThread "Thread-53" [_thread_in_native, id=16500, stack(0x000000001e4b0000,0x000000001e5b0000)]
  0x0000000019868800 JavaThread "Thread-52" [_thread_in_native, id=21744, stack(0x000000001e3b0000,0x000000001e4b0000)]
  0x000000001986b000 JavaThread "Thread-51" [_thread_in_native, id=19628, stack(0x000000001e2b0000,0x000000001e3b0000)]
  0x000000001986a000 JavaThread "Thread-50" [_thread_in_native, id=16788, stack(0x000000001e1b0000,0x000000001e2b0000)]
  0x0000000019863800 JavaThread "Thread-49" [_thread_in_native, id=15612, stack(0x000000001e0b0000,0x000000001e1b0000)]
  0x0000000019866800 JavaThread "Thread-48" [_thread_in_native, id=12704, stack(0x000000001dfb0000,0x000000001e0b0000)]
  0x0000000019865800 JavaThread "Thread-47" [_thread_in_native, id=7504, stack(0x000000001deb0000,0x000000001dfb0000)]
  0x0000000019862800 JavaThread "Thread-46" [_thread_in_native, id=13712, stack(0x000000001ddb0000,0x000000001deb0000)]
  0x0000000019865000 JavaThread "Thread-45" [_thread_in_native, id=20280, stack(0x000000001dcb0000,0x000000001ddb0000)]
  0x0000000019862000 JavaThread "Thread-44" [_thread_in_native, id=10164, stack(0x000000001dbb0000,0x000000001dcb0000)]
  0x0000000019864000 JavaThread "Thread-43" [_thread_in_native, id=16116, stack(0x000000001dab0000,0x000000001dbb0000)]
  0x0000000019868000 JavaThread "Thread-42" [_thread_in_native, id=12040, stack(0x000000001d9b0000,0x000000001dab0000)]
  0x0000000019332800 JavaThread "Thread-41" [_thread_in_native, id=18844, stack(0x000000001d8b0000,0x000000001d9b0000)]
  0x0000000019332000 JavaThread "Thread-40" [_thread_in_native, id=16448, stack(0x000000001d7b0000,0x000000001d8b0000)]
  0x0000000019333800 JavaThread "Thread-39" [_thread_in_native, id=17312, stack(0x000000001d6b0000,0x000000001d7b0000)]
  0x000000001932b000 JavaThread "Thread-38" [_thread_in_native, id=17172, stack(0x000000001d5b0000,0x000000001d6b0000)]
  0x000000001932a000 JavaThread "Thread-37" [_thread_in_native, id=18020, stack(0x000000001d4b0000,0x000000001d5b0000)]
  0x0000000019331000 JavaThread "Thread-36" [_thread_in_native, id=20880, stack(0x000000001d3b0000,0x000000001d4b0000)]
  0x0000000019330000 JavaThread "Thread-35" [_thread_in_native, id=6120, stack(0x000000001d2b0000,0x000000001d3b0000)]
  0x000000001932f800 JavaThread "Thread-34" [_thread_in_native, id=8600, stack(0x000000001d1b0000,0x000000001d2b0000)]
  0x0000000019329800 JavaThread "Thread-33" [_thread_in_native, id=15436, stack(0x000000001d0b0000,0x000000001d1b0000)]
  0x000000001932c800 JavaThread "Thread-32" [_thread_in_native, id=9456, stack(0x000000001cfb0000,0x000000001d0b0000)]
  0x000000001932e800 JavaThread "Thread-31" [_thread_in_native, id=8496, stack(0x000000001ceb0000,0x000000001cfb0000)]
  0x000000001932d000 JavaThread "Thread-30" [_thread_in_native, id=20940, stack(0x000000001cdb0000,0x000000001ceb0000)]
  0x0000000019327000 JavaThread "Thread-29" [_thread_in_native, id=15940, stack(0x000000001ccb0000,0x000000001cdb0000)]
  0x000000001932b800 JavaThread "Thread-28" [_thread_in_native, id=20140, stack(0x000000001cbb0000,0x000000001ccb0000)]
  0x000000001932e000 JavaThread "Thread-27" [_thread_in_native, id=17924, stack(0x000000001cab0000,0x000000001cbb0000)]
  0x0000000019324000 JavaThread "Thread-26" [_thread_in_native, id=11856, stack(0x000000001c9b0000,0x000000001cab0000)]
  0x0000000019328000 JavaThread "Thread-24" [_thread_in_native, id=20244, stack(0x000000001c7b0000,0x000000001c8b0000)]
  0x0000000019325800 JavaThread "Thread-23" [_thread_in_native, id=18368, stack(0x000000001c6b0000,0x000000001c7b0000)]
  0x0000000019328800 JavaThread "Thread-22" [_thread_in_native, id=20084, stack(0x000000001c5b0000,0x000000001c6b0000)]
  0x0000000019325000 JavaThread "Thread-21" [_thread_in_native, id=13492, stack(0x000000001c4b0000,0x000000001c5b0000)]
  0x00000000194ad800 JavaThread "Thread-20" [_thread_in_native, id=17584, stack(0x000000001c3b0000,0x000000001c4b0000)]
=>0x00000000194b1800 JavaThread "Thread-19" [_thread_in_native, id=13544, stack(0x000000001c2b0000,0x000000001c3b0000)]
  0x00000000194b3000 JavaThread "Thread-18" [_thread_in_native, id=10996, stack(0x000000001c1b0000,0x000000001c2b0000)]
  0x00000000194b0800 JavaThread "Thread-17" [_thread_in_native, id=20136, stack(0x000000001c0b0000,0x000000001c1b0000)]
  0x00000000194b2000 JavaThread "Thread-16" [_thread_in_native, id=19892, stack(0x000000001bfb0000,0x000000001c0b0000)]
  0x00000000194b3800 JavaThread "Thread-14" [_thread_in_native, id=10156, stack(0x000000001bdb0000,0x000000001beb0000)]
  0x00000000194ae800 JavaThread "Thread-13" [_thread_in_native, id=4948, stack(0x000000001bcb0000,0x000000001bdb0000)]
  0x00000000194af000 JavaThread "Thread-12" [_thread_in_native, id=6292, stack(0x000000001bbb0000,0x000000001bcb0000)]
  0x00000000194b0000 JavaThread "Thread-11" [_thread_in_native, id=12656, stack(0x000000001bab0000,0x000000001bbb0000)]
  0x00000000194a2800 JavaThread "Thread-10" [_thread_in_native, id=20808, stack(0x000000001b9b0000,0x000000001bab0000)]
  0x000000001956e800 JavaThread "Thread-9" [_thread_in_native, id=9380, stack(0x000000001b8b0000,0x000000001b9b0000)]
  0x00000000194a1800 JavaThread "Thread-8" [_thread_in_native, id=16144, stack(0x000000001b7b0000,0x000000001b8b0000)]
  0x00000000194a1000 JavaThread "Thread-7" [_thread_in_native, id=18660, stack(0x000000001b6b0000,0x000000001b7b0000)]
  0x00000000194a0000 JavaThread "Thread-6" [_thread_in_native, id=21472, stack(0x000000001b5b0000,0x000000001b6b0000)]
  0x000000001949d800 JavaThread "Thread-5" [_thread_in_native, id=7188, stack(0x000000001b4b0000,0x000000001b5b0000)]
  0x0000000019335000 JavaThread "Thread-4" [_thread_in_native, id=6312, stack(0x000000001b3b0000,0x000000001b4b0000)]
  0x0000000019334000 JavaThread "Thread-3" [_thread_in_native, id=13396, stack(0x000000001b2b0000,0x000000001b3b0000)]
  0x000000001991b000 JavaThread "Thread-2" [_thread_in_native, id=18252, stack(0x000000001b1b0000,0x000000001b2b0000)]
  0x0000000019202800 JavaThread "Service Thread" daemon [_thread_blocked, id=16860, stack(0x00000000195e0000,0x00000000196e0000)]
  0x00000000178a8800 JavaThread "C1 CompilerThread2" daemon [_thread_blocked, id=17136, stack(0x00000000190e0000,0x00000000191e0000)]
  0x00000000178a2000 JavaThread "C2 CompilerThread1" daemon [_thread_blocked, id=12344, stack(0x0000000018fe0000,0x00000000190e0000)]
  0x000000001789e800 JavaThread "C2 CompilerThread0" daemon [_thread_blocked, id=11600, stack(0x0000000018ee0000,0x0000000018fe0000)]
  0x000000001789c800 JavaThread "Attach Listener" daemon [_thread_blocked, id=7864, stack(0x0000000018de0000,0x0000000018ee0000)]
  0x000000001789b800 JavaThread "Signal Dispatcher" daemon [_thread_blocked, id=15348, stack(0x0000000018ce0000,0x0000000018de0000)]
  0x000000001788a800 JavaThread "Finalizer" daemon [_thread_blocked, id=4940, stack(0x0000000018af0000,0x0000000018bf0000)]
  0x0000000002cdf000 JavaThread "Reference Handler" daemon [_thread_blocked, id=12140, stack(0x00000000189f0000,0x0000000018af0000)]

Other Threads:
  0x0000000017867800 VMThread [stack: 0x00000000188f0000,0x00000000189f0000] [id=19900]
  0x000000001922f800 WatcherThread [stack: 0x00000000196e0000,0x00000000197e0000] [id=21048]

VM state:not at safepoint (normal execution)

VM Mutex/Monitor currently owned by a thread: None

Heap:
 PSYoungGen      total 463360K, used 15951K [0x00000000d5980000, 0x0000000100000000, 0x0000000100000000)
  eden space 231936K, 6% used [0x00000000d5980000,0x00000000d6913c40,0x00000000e3c00000)
  from space 231424K, 0% used [0x00000000f1e00000,0x00000000f1e00000,0x0000000100000000)
  to   space 231424K, 0% used [0x00000000e3c00000,0x00000000e3c00000,0x00000000f1e00000)
 ParOldGen       total 927744K, used 475296K [0x0000000080c00000, 0x00000000b9600000, 0x00000000d5980000)
  object space 927744K, 51% used [0x0000000080c00000,0x000000009dc28090,0x00000000b9600000)
 Metaspace       used 5676K, capacity 5902K, committed 6144K, reserved 1056768K
  class space    used 612K, capacity 705K, committed 768K, reserved 1048576K

Card table byte_map: [0x00000000120b0000,0x00000000124b0000] byte_map_base: 0x0000000011caa000

Marking Bits: (ParMarkBitMap*) 0x000000006780c720
 Begin Bits: [0x0000000012b60000, 0x0000000014b30000)
 End Bits:   [0x0000000014b30000, 0x0000000016b00000)

Polling page: 0x00000000009f0000

CodeCache: size=245760Kb used=2933Kb max_used=3475Kb free=242826Kb
 bounds [0x0000000002cf0000, 0x0000000003060000, 0x0000000011cf0000]
 total_blobs=1100 nmethods=734 adapters=279
 compilation: enabled

Compilation events (10 events):
Event: 163.028 Thread 0x00000000178a8800  935       3       sun.misc.VM::addFinalRefCount (24 bytes)
Event: 163.028 Thread 0x00000000178a8800 nmethod 935 0x0000000002ed1a50 code [0x0000000002ed1ba0, 0x0000000002ed1d50]
Event: 163.030 Thread 0x00000000178a8800  936       3       java.lang.ref.Finalizer::access$000 (4 bytes)
Event: 163.031 Thread 0x00000000178a8800 nmethod 936 0x0000000002f4b310 code [0x0000000002f4b460, 0x0000000002f4b590]
Event: 163.031 Thread 0x00000000178a8800  937       3       java.lang.ref.ReferenceQueue::remove (6 bytes)
Event: 163.031 Thread 0x00000000178a8800 nmethod 937 0x0000000002f503d0 code [0x0000000002f50540, 0x0000000002f50748]
Event: 163.031 Thread 0x00000000178a8800  938       3       java.lang.ref.Reference::clear (6 bytes)
Event: 163.031 Thread 0x00000000178a8800 nmethod 938 0x0000000002f50090 code [0x0000000002f501e0, 0x0000000002f50350]
Event: 163.031 Thread 0x00000000178a8800  939  s!   3       java.io.FileDescriptor::closeAll (215 bytes)
Event: 163.031 Thread 0x00000000178a8800 nmethod 939 0x0000000002f80a10 code [0x0000000002f80c80, 0x0000000002f81f38]

GC Heap History (10 events):
Event: 148.217 GC heap before
{Heap before GC invocations=65 (full 10):
 PSYoungGen      total 466944K, used 196913K [0x00000000d5980000, 0x0000000100000000, 0x0000000100000000)
  eden space 269824K, 0% used [0x00000000d5980000,0x00000000d5980000,0x00000000e6100000)
  from space 197120K, 99% used [0x00000000e6100000,0x00000000f214c6c8,0x00000000f2180000)
  to   space 227840K, 0% used [0x00000000f2180000,0x00000000f2180000,0x0000000100000000)
 ParOldGen       total 582144K, used 491737K [0x0000000080c00000, 0x00000000a4480000, 0x00000000d5980000)
  object space 582144K, 84% used [0x0000000080c00000,0x000000009ec366c0,0x00000000a4480000)
 Metaspace       used 5643K, capacity 5838K, committed 6144K, reserved 1056768K
  class space    used 609K, capacity 705K, committed 768K, reserved 1048576K
Event: 148.294 GC heap after
Heap after GC invocations=65 (full 10):
 PSYoungGen      total 466944K, used 0K [0x00000000d5980000, 0x0000000100000000, 0x0000000100000000)
  eden space 269824K, 0% used [0x00000000d5980000,0x00000000d5980000,0x00000000e6100000)
  from space 197120K, 0% used [0x00000000e6100000,0x00000000e6100000,0x00000000f2180000)
  to   space 227840K, 0% used [0x00000000f2180000,0x00000000f2180000,0x0000000100000000)
 ParOldGen       total 828928K, used 415907K [0x0000000080c00000, 0x00000000b3580000, 0x00000000d5980000)
  object space 828928K, 50% used [0x0000000080c00000,0x000000009a228e98,0x00000000b3580000)
 Metaspace       used 5643K, capacity 5838K, committed 6144K, reserved 1056768K
  class space    used 609K, capacity 705K, committed 768K, reserved 1048576K
}
Event: 148.428 GC heap before
{Heap before GC invocations=66 (full 10):
 PSYoungGen      total 466944K, used 269325K [0x00000000d5980000, 0x0000000100000000, 0x0000000100000000)
  eden space 269824K, 99% used [0x00000000d5980000,0x00000000e6083730,0x00000000e6100000)
  from space 197120K, 0% used [0x00000000e6100000,0x00000000e6100000,0x00000000f2180000)
  to   space 227840K, 0% used [0x00000000f2180000,0x00000000f2180000,0x0000000100000000)
 ParOldGen       total 828928K, used 415907K [0x0000000080c00000, 0x00000000b3580000, 0x00000000d5980000)
  object space 828928K, 50% used [0x0000000080c00000,0x000000009a228e98,0x00000000b3580000)
 Metaspace       used 5643K, capacity 5838K, committed 6144K, reserved 1056768K
  class space    used 609K, capacity 705K, committed 768K, reserved 1048576K
Event: 148.456 GC heap after
Heap after GC invocations=66 (full 10):
 PSYoungGen      total 459776K, used 168384K [0x00000000d5980000, 0x0000000100000000, 0x0000000100000000)
  eden space 231936K, 0% used [0x00000000d5980000,0x00000000d5980000,0x00000000e3c00000)
  from space 227840K, 73% used [0x00000000f2180000,0x00000000fc5f0040,0x0000000100000000)
  to   space 231424K, 0% used [0x00000000e3c00000,0x00000000e3c00000,0x00000000f1e00000)
 ParOldGen       total 828928K, used 415907K [0x0000000080c00000, 0x00000000b3580000, 0x00000000d5980000)
  object space 828928K, 50% used [0x0000000080c00000,0x000000009a228e98,0x00000000b3580000)
 Metaspace       used 5643K, capacity 5838K, committed 6144K, reserved 1056768K
  class space    used 609K, capacity 705K, committed 768K, reserved 1048576K
}
Event: 148.551 GC heap before
{Heap before GC invocations=67 (full 10):
 PSYoungGen      total 459776K, used 395918K [0x00000000d5980000, 0x0000000100000000, 0x0000000100000000)
  eden space 231936K, 98% used [0x00000000d5980000,0x00000000e37b3900,0x00000000e3c00000)
  from space 227840K, 73% used [0x00000000f2180000,0x00000000fc5f0040,0x0000000100000000)
  to   space 231424K, 0% used [0x00000000e3c00000,0x00000000e3c00000,0x00000000f1e00000)
 ParOldGen       total 828928K, used 415907K [0x0000000080c00000, 0x00000000b3580000, 0x00000000d5980000)
  object space 828928K, 50% used [0x0000000080c00000,0x000000009a228e98,0x00000000b3580000)
 Metaspace       used 5647K, capacity 5838K, committed 6144K, reserved 1056768K
  class space    used 609K, capacity 705K, committed 768K, reserved 1048576K
Event: 148.599 GC heap after
Heap after GC invocations=67 (full 10):
 PSYoungGen      total 463360K, used 113179K [0x00000000d5980000, 0x0000000100000000, 0x0000000100000000)
  eden space 231936K, 0% used [0x00000000d5980000,0x00000000d5980000,0x00000000e3c00000)
  from space 231424K, 48% used [0x00000000e3c00000,0x00000000eaa86cf0,0x00000000f1e00000)
  to   space 231424K, 0% used [0x00000000f1e00000,0x00000000f1e00000,0x0000000100000000)
 ParOldGen       total 828928K, used 571923K [0x0000000080c00000, 0x00000000b3580000, 0x00000000d5980000)
  object space 828928K, 68% used [0x0000000080c00000,0x00000000a3a84ed8,0x00000000b3580000)
 Metaspace       used 5647K, capacity 5838K, committed 6144K, reserved 1056768K
  class space    used 609K, capacity 705K, committed 768K, reserved 1048576K
}
Event: 161.980 GC heap before
{Heap before GC invocations=68 (full 10):
 PSYoungGen      total 463360K, used 345115K [0x00000000d5980000, 0x0000000100000000, 0x0000000100000000)
  eden space 231936K, 100% used [0x00000000d5980000,0x00000000e3c00000,0x00000000e3c00000)
  from space 231424K, 48% used [0x00000000e3c00000,0x00000000eaa86cf0,0x00000000f1e00000)
  to   space 231424K, 0% used [0x00000000f1e00000,0x00000000f1e00000,0x0000000100000000)
 ParOldGen       total 828928K, used 571923K [0x0000000080c00000, 0x00000000b3580000, 0x00000000d5980000)
  object space 828928K, 68% used [0x0000000080c00000,0x00000000a3a84ed8,0x00000000b3580000)
 Metaspace       used 5672K, capacity 5902K, committed 6144K, reserved 1056768K
  class space    used 612K, capacity 705K, committed 768K, reserved 1048576K
Event: 162.312 GC heap after
Heap after GC invocations=68 (full 10):
 PSYoungGen      total 463360K, used 144082K [0x00000000d5980000, 0x0000000100000000, 0x0000000100000000)
  eden space 231936K, 0% used [0x00000000d5980000,0x00000000d5980000,0x00000000e3c00000)
  from space 231424K, 62% used [0x00000000f1e00000,0x00000000faab48e8,0x0000000100000000)
  to   space 231424K, 0% used [0x00000000e3c00000,0x00000000e3c00000,0x00000000f1e00000)
 ParOldGen       total 828928K, used 660430K [0x0000000080c00000, 0x00000000b3580000, 0x00000000d5980000)
  object space 828928K, 79% used [0x0000000080c00000,0x00000000a90f3b68,0x00000000b3580000)
 Metaspace       used 5672K, capacity 5902K, committed 6144K, reserved 1056768K
  class space    used 612K, capacity 705K, committed 768K, reserved 1048576K
}
Event: 162.312 GC heap before
{Heap before GC invocations=69 (full 11):
 PSYoungGen      total 463360K, used 144082K [0x00000000d5980000, 0x0000000100000000, 0x0000000100000000)
  eden space 231936K, 0% used [0x00000000d5980000,0x00000000d5980000,0x00000000e3c00000)
  from space 231424K, 62% used [0x00000000f1e00000,0x00000000faab48e8,0x0000000100000000)
  to   space 231424K, 0% used [0x00000000e3c00000,0x00000000e3c00000,0x00000000f1e00000)
 ParOldGen       total 828928K, used 660430K [0x0000000080c00000, 0x00000000b3580000, 0x00000000d5980000)
  object space 828928K, 79% used [0x0000000080c00000,0x00000000a90f3b68,0x00000000b3580000)
 Metaspace       used 5672K, capacity 5902K, committed 6144K, reserved 1056768K
  class space    used 612K, capacity 705K, committed 768K, reserved 1048576K
Event: 162.884 GC heap after
Heap after GC invocations=69 (full 11):
 PSYoungGen      total 463360K, used 0K [0x00000000d5980000, 0x0000000100000000, 0x0000000100000000)
  eden space 231936K, 0% used [0x00000000d5980000,0x00000000d5980000,0x00000000e3c00000)
  from space 231424K, 0% used [0x00000000f1e00000,0x00000000f1e00000,0x0000000100000000)
  to   space 231424K, 0% used [0x00000000e3c00000,0x00000000e3c00000,0x00000000f1e00000)
 ParOldGen       total 927744K, used 475296K [0x0000000080c00000, 0x00000000b9600000, 0x00000000d5980000)
  object space 927744K, 51% used [0x0000000080c00000,0x000000009dc28090,0x00000000b9600000)
 Metaspace       used 5672K, capacity 5902K, committed 6144K, reserved 1056768K
  class space    used 612K, capacity 705K, committed 768K, reserved 1048576K
}

Deoptimization events (10 events):
Event: 100.517 Thread 0x0000000002bf1000 Uncommon trap: reason=speculate_class_check action=maybe_recompile pc=0x000000000304cad0 method=java.io.ObjectOutputStream.writeObject0(Ljava/lang/Object;Z)V @ 495
Event: 143.855 Thread 0x0000000002bf1000 Uncommon trap: reason=class_check action=maybe_recompile pc=0x0000000002fd5ffc method=sun.nio.cs.SingleByte.withResult(Ljava/nio/charset/CoderResult;Ljava/nio/Buffer;ILjava/nio/Buffer;I)Ljava/nio/charset/CoderResult; @ 3
Event: 143.927 Thread 0x0000000019567800 Uncommon trap: reason=unstable_if action=reinterpret pc=0x0000000002f5ef34 method=java.lang.ThreadLocal.get()Ljava/lang/Object; @ 11
Event: 146.713 Thread 0x0000000019331000 Uncommon trap: reason=unstable_if action=reinterpret pc=0x0000000002f21b54 method=java.util.concurrent.ConcurrentHashMap.get(Ljava/lang/Object;)Ljava/lang/Object; @ 62
Event: 146.713 Thread 0x000000001932a000 Uncommon trap: reason=class_check action=maybe_recompile pc=0x0000000002fd5ffc method=sun.nio.cs.SingleByte.withResult(Ljava/nio/charset/CoderResult;Ljava/nio/Buffer;ILjava/nio/Buffer;I)Ljava/nio/charset/CoderResult; @ 3
Event: 146.713 Thread 0x0000000019567800 Uncommon trap: reason=unstable_if action=reinterpret pc=0x0000000002f21b54 method=java.util.concurrent.ConcurrentHashMap.get(Ljava/lang/Object;)Ljava/lang/Object; @ 62
Event: 146.714 Thread 0x0000000019567800 Uncommon trap: reason=unstable_if action=reinterpret pc=0x0000000002f733b8 method=java.lang.ThreadLocal$ThreadLocalMap.getEntry(Ljava/lang/ThreadLocal;)Ljava/lang/ThreadLocal$ThreadLocalMap$Entry; @ 21
Event: 146.717 Thread 0x0000000019862000 Uncommon trap: reason=unstable_if action=reinterpret pc=0x0000000002f21b54 method=java.util.concurrent.ConcurrentHashMap.get(Ljava/lang/Object;)Ljava/lang/Object; @ 62
Event: 146.730 Thread 0x000000001932b000 Uncommon trap: reason=class_check action=maybe_recompile pc=0x0000000002fd5ffc method=sun.nio.cs.SingleByte.withResult(Ljava/nio/charset/CoderResult;Ljava/nio/Buffer;ILjava/nio/Buffer;I)Ljava/nio/charset/CoderResult; @ 3
Event: 146.731 Thread 0x0000000019331000 Uncommon trap: reason=class_check action=maybe_recompile pc=0x0000000002fd5ffc method=sun.nio.cs.SingleByte.withResult(Ljava/nio/charset/CoderResult;Ljava/nio/Buffer;ILjava/nio/Buffer;I)Ljava/nio/charset/CoderResult; @ 3

Internal exceptions (10 events):
Event: 6.054 Thread 0x0000000002bf1000 Exception <a 'java/lang/NoSuchFieldError': method resolution failed> (0x00000000d5bd33b8) thrown at [C:\re\workspace\8-2-build-windows-amd64-cygwin\jdk8u131\8869\hotspot\src\share\vm\prims\methodHandles.cpp, line 1146]
Event: 10.288 Thread 0x0000000002bf1000 Implicit null exception at 0x0000000002eb044c to 0x0000000002eb0955
Event: 10.288 Thread 0x0000000002bf1000 Implicit null exception at 0x0000000002ea8106 to 0x0000000002ea81f9
Event: 10.289 Thread 0x0000000002bf1000 Implicit null exception at 0x0000000002ea9f10 to 0x0000000002eaa435
Event: 45.459 Thread 0x0000000002bf1000 Implicit null exception at 0x0000000002f27ab6 to 0x0000000002f27dcd
Event: 45.459 Thread 0x0000000002bf1000 Implicit null exception at 0x0000000002f25a42 to 0x0000000002f26475
Event: 143.927 Thread 0x0000000019567800 Implicit null exception at 0x0000000002f5ee9a to 0x0000000002f5ef21
Event: 146.714 Thread 0x0000000019567800 Implicit null exception at 0x0000000002f73330 to 0x0000000002f7339d
Event: 161.766 Thread 0x0000000019567800 Exception <a 'java/lang/UnsatisfiedLinkError': csnd6.csnd6JNI.Csound_Start__SWIG_1(JLcsnd6/Csound;)I> (0x00000000e361d450) thrown at [C:\re\workspace\8-2-build-windows-amd64-cygwin\jdk8u131\8869\hotspot\src\share\vm\prims\nativeLookup.cpp, line 378]
Event: 162.884 Thread 0x0000000019326800 Exception <a 'java/lang/UnsatisfiedLinkError': csnd6.csnd6JNI.Csound_Start__SWIG_1(JLcsnd6/Csound;)I> (0x00000000d5980360) thrown at [C:\re\workspace\8-2-build-windows-amd64-cygwin\jdk8u131\8869\hotspot\src\share\vm\prims\nativeLookup.cpp, line 378]

Events (10 events):
Event: 161.778 loading class java/util/IdentityHashMap$KeySet
Event: 161.778 loading class java/util/IdentityHashMap$KeySet done
Event: 161.778 Executing VM operation: RevokeBias
Event: 161.808 Executing VM operation: RevokeBias done
Event: 161.810 Thread 0x0000000019567800 Thread exited: 0x0000000019567800
Event: 161.979 Executing VM operation: ParallelGCFailedAllocation
Event: 162.884 Executing VM operation: ParallelGCFailedAllocation done
Event: 163.011 Executing VM operation: RevokeBias
Event: 163.023 Executing VM operation: RevokeBias done
Event: 163.032 Thread 0x0000000019326800 Thread exited: 0x0000000019326800


Dynamic libraries:
0x00007ff65fb30000 - 0x00007ff65fb67000 	C:\Program Files\Java\jre1.8.0_131\bin\javaw.exe
0x00007ffe16940000 - 0x00007ffe16b1b000 	C:\WINDOWS\SYSTEM32\ntdll.dll
0x00007ffe15dc0000 - 0x00007ffe15e6e000 	C:\WINDOWS\System32\KERNEL32.DLL
0x00007ffe13a10000 - 0x00007ffe13c59000 	C:\WINDOWS\System32\KERNELBASE.dll
0x00007ffe16890000 - 0x00007ffe16931000 	C:\WINDOWS\System32\ADVAPI32.dll
0x00007ffe15d20000 - 0x00007ffe15dbd000 	C:\WINDOWS\System32\msvcrt.dll
0x00007ffe16830000 - 0x00007ffe16889000 	C:\WINDOWS\System32\sechost.dll
0x00007ffe164b0000 - 0x00007ffe165d5000 	C:\WINDOWS\System32\RPCRT4.dll
0x00007ffe15620000 - 0x00007ffe1576a000 	C:\WINDOWS\System32\USER32.dll
0x00007ffe13560000 - 0x00007ffe1357e000 	C:\WINDOWS\System32\win32u.dll
0x00007ffe14060000 - 0x00007ffe14087000 	C:\WINDOWS\System32\GDI32.dll
0x00007ffe137d0000 - 0x00007ffe13957000 	C:\WINDOWS\System32\gdi32full.dll
0x00007ffe13730000 - 0x00007ffe137ca000 	C:\WINDOWS\System32\msvcp_win.dll
0x00007ffe13580000 - 0x00007ffe13676000 	C:\WINDOWS\System32\ucrtbase.dll
0x00007ffe005e0000 - 0x00007ffe00847000 	C:\WINDOWS\WinSxS\amd64_microsoft.windows.common-controls_6595b64144ccf1df_6.0.15063.483_none_26002d27e7c744a2\COMCTL32.dll
0x00007ffe15840000 - 0x00007ffe15b39000 	C:\WINDOWS\System32\combase.dll
0x00007ffe13c60000 - 0x00007ffe13cca000 	C:\WINDOWS\System32\bcryptPrimitives.dll
0x00007ffe15cf0000 - 0x00007ffe15d1d000 	C:\WINDOWS\System32\IMM32.DLL
0x0000000067d10000 - 0x0000000067de2000 	C:\Program Files\Java\jre1.8.0_131\bin\msvcr100.dll
0x0000000066ff0000 - 0x000000006788c000 	C:\Program Files\Java\jre1.8.0_131\bin\server\jvm.dll
0x00007ffe15830000 - 0x00007ffe15838000 	C:\WINDOWS\System32\PSAPI.DLL
0x00007ffe0e0e0000 - 0x00007ffe0e0ea000 	C:\WINDOWS\SYSTEM32\VERSION.dll
0x00007ffe05a20000 - 0x00007ffe05a43000 	C:\WINDOWS\SYSTEM32\WINMM.dll
0x00007ffe03ae0000 - 0x00007ffe03ae9000 	C:\WINDOWS\SYSTEM32\WSOCK32.dll
0x00007ffe13ea0000 - 0x00007ffe13f0c000 	C:\WINDOWS\System32\WS2_32.dll
0x00007ffe05430000 - 0x00007ffe0545b000 	C:\WINDOWS\SYSTEM32\WINMMBASE.dll
0x00007ffe13680000 - 0x00007ffe136c9000 	C:\WINDOWS\System32\cfgmgr32.dll
0x000000006d5c0000 - 0x000000006d5cf000 	C:\Program Files\Java\jre1.8.0_131\bin\verify.dll
0x0000000067f50000 - 0x0000000067f79000 	C:\Program Files\Java\jre1.8.0_131\bin\java.dll
0x0000000067f30000 - 0x0000000067f46000 	C:\Program Files\Java\jre1.8.0_131\bin\zip.dll
0x00007ffe141e0000 - 0x00007ffe15617000 	C:\WINDOWS\System32\SHELL32.dll
0x00007ffe15ba0000 - 0x00007ffe15c4a000 	C:\WINDOWS\System32\shcore.dll
0x00007ffe12e60000 - 0x00007ffe13551000 	C:\WINDOWS\System32\windows.storage.dll
0x00007ffe15e70000 - 0x00007ffe15ec1000 	C:\WINDOWS\System32\shlwapi.dll
0x00007ffe12df0000 - 0x00007ffe12e01000 	C:\WINDOWS\System32\kernel.appcore.dll
0x00007ffe12e10000 - 0x00007ffe12e5c000 	C:\WINDOWS\System32\powrprof.dll
0x00007ffe12dd0000 - 0x00007ffe12de5000 	C:\WINDOWS\System32\profapi.dll
0x0000000067f10000 - 0x0000000067f2a000 	C:\Program Files\Java\jre1.8.0_131\bin\net.dll
0x00007ffe12660000 - 0x00007ffe126bc000 	C:\WINDOWS\system32\mswsock.dll
0x0000000067ef0000 - 0x0000000067f01000 	C:\Program Files\Java\jre1.8.0_131\bin\nio.dll
0x0000000066380000 - 0x0000000066689000 	C:\Program Files\Csound6_x64\bin\_jcsound6.dll
0x000000006fe00000 - 0x0000000070112000 	C:\Program Files\Csound6_x64\bin\csnd6.dll
0x0000000070440000 - 0x00000000705c0000 	C:\Program Files\Csound6_x64\bin\libsndfile-1.dll
0x000000001f7b0000 - 0x0000000020abf000 	C:\Program Files\Csound6_x64\bin\csound64.dll
0x00007ffe00f20000 - 0x00007ffe00f66000 	C:\Program Files\Csound6_x64\plugins64\ableton_link_opcodes.dll
0x00007ffe12400000 - 0x00007ffe12437000 	C:\WINDOWS\SYSTEM32\IPHLPAPI.DLL
0x00007ffe0cee0000 - 0x00007ffe0cef6000 	C:\WINDOWS\SYSTEM32\VCRUNTIME140.dll
0x00007ffdfbbc0000 - 0x00007ffdfbc5c000 	C:\WINDOWS\SYSTEM32\MSVCP140.dll
0x0000000064c40000 - 0x0000000064ca9000 	C:\Program Files\Csound6_x64\plugins64\ampmidid.dll
0x0000000025600000 - 0x0000000025801000 	C:\Program Files\Csound6_x64\plugins64\arrayops.dll
0x0000000001260000 - 0x00000000012cb000 	C:\Program Files\Csound6_x64\plugins64\buchla.dll
0x0000000069380000 - 0x00000000693de000 	C:\Program Files\Csound6_x64\plugins64\cellular.dll
0x0000000065c40000 - 0x0000000065df1000 	C:\Program Files\Csound6_x64\plugins64\chua.dll
0x00000000679c0000 - 0x0000000067a1e000 	C:\Program Files\Csound6_x64\plugins64\cs_date.dll
0x0000000062140000 - 0x00000000622b0000 	C:\Program Files\Csound6_x64\plugins64\doppler.dll
0x000000006b500000 - 0x000000006b56b000 	C:\Program Files\Csound6_x64\plugins64\emugens.dll
0x0000000068740000 - 0x00000000687a9000 	C:\Program Files\Csound6_x64\plugins64\exciter.dll
0x000000006ce40000 - 0x000000006ce9e000 	C:\Program Files\Csound6_x64\plugins64\fareygen.dll
0x0000000063fc0000 - 0x0000000064121000 	C:\Program Files\Csound6_x64\plugins64\fluidOpcodes.dll
0x00007ffdeb900000 - 0x00007ffdeb98c000 	C:\WINDOWS\SYSTEM32\DSOUND.dll
0x00000000632c0000 - 0x00000000632df000 	C:\Program Files\Csound6_x64\bin\libportaudio-2.dll
0x00007ffe14090000 - 0x00007ffe141d5000 	C:\WINDOWS\System32\ole32.dll
0x000000006fc40000 - 0x000000006fda1000 	C:\Program Files\Csound6_x64\bin\libstdc++-6.dll
0x00000000685c0000 - 0x00000000686d9000 	C:\Program Files\Csound6_x64\bin\libglib-2.0-0.dll
0x0000000061440000 - 0x000000006145c000 	C:\Program Files\Csound6_x64\bin\libgcc_s_seh-1.dll
0x0000000064940000 - 0x0000000064955000 	C:\Program Files\Csound6_x64\bin\libwinpthread-1.dll
0x0000000069140000 - 0x000000006918c000 	C:\Program Files\Csound6_x64\bin\libpcre-1.dll
0x0000000061cc0000 - 0x0000000061ce8000 	C:\Program Files\Csound6_x64\bin\libintl-8.dll
0x0000000066000000 - 0x000000006610b000 	C:\Program Files\Csound6_x64\bin\libiconv-2.dll
0x00007ffe116b0000 - 0x00007ffe11745000 	C:\WINDOWS\system32\uxtheme.dll
0x00007ffe16660000 - 0x00007ffe167c6000 	C:\WINDOWS\System32\MSCTF.dll
0x00007ffe15770000 - 0x00007ffe15830000 	C:\WINDOWS\System32\OLEAUT32.dll
0x00007ffe06610000 - 0x00007ffe0663a000 	C:\WINDOWS\system32\dwmapi.dll
0x0000000025a80000 - 0x0000000025b05000 	C:\Program Files\Csound6_x64\plugins64\fractalnoise.dll
0x0000000025a00000 - 0x0000000025a6a000 	C:\Program Files\Csound6_x64\plugins64\framebuffer.dll
0x0000000025b10000 - 0x0000000025cd9000 	C:\Program Files\Csound6_x64\plugins64\ftsamplebank.dll
0x0000000069840000 - 0x000000006989e000 	C:\Program Files\Csound6_x64\plugins64\getftargs.dll
0x0000000068ac0000 - 0x0000000068e2b000 	C:\Program Files\Csound6_x64\plugins64\hdf5ops.dll
0x0000000066c80000 - 0x0000000066d50000 	C:\Program Files\Csound6_x64\plugins64\image.dll
0x0000000025ce0000 - 0x0000000025d42000 	C:\Program Files\Csound6_x64\plugins64\ipmidi.dll
0x000000006c2c0000 - 0x000000006c663000 	C:\Program Files\Csound6_x64\plugins64\linear_algebra.dll
0x000000006ca40000 - 0x000000006caa0000 	C:\Program Files\Csound6_x64\plugins64\liveconv.dll
0x000000006d780000 - 0x000000006d929000 	C:\Program Files\Csound6_x64\plugins64\LuaCsound.dll
0x0000000066d80000 - 0x0000000066dec000 	C:\Program Files\Csound6_x64\bin\lua51.dll
0x0000000064500000 - 0x00000000646c5000 	C:\Program Files\Csound6_x64\plugins64\mixer.dll
0x0000000067a80000 - 0x0000000067b0f000 	C:\Program Files\Csound6_x64\plugins64\osc.dll
0x0000000025d50000 - 0x0000000025ec5000 	C:\Program Files\Csound6_x64\plugins64\padsynth.dll
0x000000006f600000 - 0x000000006f66e000 	C:\Program Files\Csound6_x64\plugins64\platerev.dll
0x000000006a640000 - 0x000000006a68e000 	C:\Program Files\Csound6_x64\plugins64\pmidi.dll
0x0000000025ed0000 - 0x0000000026067000 	C:\Program Files\Csound6_x64\plugins64\pvsops.dll
0x0000000026070000 - 0x00000000260d4000 	C:\Program Files\Csound6_x64\plugins64\quadbezier.dll
0x0000000066e40000 - 0x0000000066ebc000 	C:\Program Files\Csound6_x64\plugins64\rtpa.dll
0x0000000062c40000 - 0x0000000062caa000 	C:\Program Files\Csound6_x64\plugins64\rtwinmm.dll
0x00000000260e0000 - 0x0000000026156000 	C:\Program Files\Csound6_x64\plugins64\scansyn.dll
0x0000000068f80000 - 0x0000000068fe7000 	C:\Program Files\Csound6_x64\plugins64\scugens.dll
0x0000000061ec0000 - 0x0000000061f1e000 	C:\Program Files\Csound6_x64\plugins64\select.dll
0x0000000066ac0000 - 0x0000000066b24000 	C:\Program Files\Csound6_x64\plugins64\serial.dll
0x0000000061780000 - 0x0000000061ae3000 	C:\Program Files\Csound6_x64\plugins64\signalflowgraph.dll
0x0000000026160000 - 0x00000000261c2000 	C:\Program Files\Csound6_x64\plugins64\stackops.dll
0x000000006f440000 - 0x000000006f5a0000 	C:\Program Files\Csound6_x64\plugins64\stdutil.dll
0x00000000261d0000 - 0x000000002642c000 	C:\Program Files\Csound6_x64\plugins64\stkops.dll
0x0000000026430000 - 0x000000002648e000 	C:\Program Files\Csound6_x64\plugins64\system_call.dll
0x000000006e740000 - 0x000000006e9d8000 	C:\Program Files\Csound6_x64\plugins64\virtual.dll
0x0000000026490000 - 0x00000000267e4000 	C:\Program Files\Csound6_x64\plugins64\widgets.dll
0x00007ffe0d380000 - 0x00007ffe0d529000 	C:\WINDOWS\SYSTEM32\dbghelp.dll

VM Arguments:
jvm_args: -Dfile.encoding=Cp1252 
java_command: main.ScriptReader
java_class_path (initial): C:\Users\Griffin\Documents\GitHub\composition-tools\FractalSynth\bin;C:\Users\Griffin\Documents\GitHub\composition-tools\FractalSynth\lib\csnd6.jar;C:\Users\Griffin\Documents\GitHub\composition-tools\FractalSynth\lib\core.jar
Launcher Type: SUN_STANDARD

Environment Variables:
CLASSPATH=C:\users\griffin\documents\ncsu\research
PATH=C:/Program Files/Java/jre1.8.0_131/bin/server;C:/Program Files/Java/jre1.8.0_131/bin;C:/Program Files/Java/jre1.8.0_131/lib/amd64;C:\ProgramData\Oracle\Java\javapath;C:\Program Files (x86)\Java\jre1.8.0_111\bin;C:\Program Files\MATLAB\R2016b\bin;C:\Program Files\Csound6_x64\bin;C:\WINDOWS\system32;C:\WINDOWS;C:\WINDOWS\System32\Wbem;C:\WINDOWS\System32\WindowsPowerShell\v1.0\;C:\Windows\System32;C:\Users\Griffin\AppData\Local\Microsoft\WindowsApps;;C:\Users\Griffin\Documents\ncsu\research\java-neon\eclipse;
USERNAME=Griffin
OS=Windows_NT
PROCESSOR_IDENTIFIER=Intel64 Family 6 Model 60 Stepping 3, GenuineIntel



---------------  S Y S T E M  ---------------

OS: Windows 10.0 , 64 bit Build 15063 (10.0.15063.296)

CPU:total 4 (initial active 4) (4 cores per cpu, 1 threads per core) family 6 model 60 stepping 3, cmov, cx8, fxsr, mmx, sse, sse2, sse3, ssse3, sse4.1, sse4.2, popcnt, avx, avx2, aes, clmul, erms, lzcnt, tsc, tscinvbit, bmi1, bmi2

Memory: 4k page, physical 8336232k(2296148k free), swap 16483712k(7256840k free)

vm_info: Java HotSpot(TM) 64-Bit Server VM (25.131-b11) for windows-amd64 JRE (1.8.0_131-b11), built on Mar 15 2017 01:23:53 by "java_re" with MS VC++ 10.0 (VS2010)

time: Thu Dec 21 14:31:21 2017
elapsed time: 165 seconds (0d 0h 2m 45s)

