#
# A fatal error has been detected by the Java Runtime Environment:
#
#  EXCEPTION_ACCESS_VIOLATION (0xc0000005) at pc=0x000000006c5070a2, pid=4832, tid=0x0000000000002364
#
# JRE version: Java(TM) SE Runtime Environment (8.0_121-b13) (build 1.8.0_121-b13)
# Java VM: Java HotSpot(TM) 64-Bit Server VM (25.121-b13 mixed mode windows-amd64 compressed oops)
# Problematic frame:
# C  [csound64.dll+0x70a2]
#
# Failed to write core dump. Minidumps are not enabled by default on client versions of Windows
#
# If you would like to submit a bug report, please visit:
#   http://bugreport.java.com/bugreport/crash.jsp
# The crash happened outside the Java Virtual Machine in native code.
# See problematic frame for where to report the bug.
#

---------------  T H R E A D  ---------------

Current thread (0x0000000000b0d800):  JavaThread "main" [_thread_in_native, id=9060, stack(0x0000000002840000,0x0000000002940000)]

siginfo: ExceptionCode=0xc0000005, reading address 0x0000000000000000

Registers:
RAX=0x000000001d6b9720, RBX=0x000000001c873370, RCX=0x0000000000000000, RDX=0x0000000000000000
RSP=0x000000000293ef10, RBP=0x0000000000000000, RSI=0x0000000000000000, RDI=0x0000000000000000
R8 =0x0000000000000000, R9 =0x0000000000000003, R10=0x0000000000000000, R11=0x00007ff8d39ebf0b
R12=0x0000000000000000, R13=0x00000000195a41c8, R14=0x000000000293f098, R15=0x0000000000b0d800
RIP=0x000000006c5070a2, EFLAGS=0x0000000000010246

Top of Stack: (sp=0x000000000293ef10)
0x000000000293ef10:   000000001c873370 000000006c506ed1
0x000000000293ef20:   000000001c1f48a0 0000000000000000
0x000000000293ef30:   000000001c1f48a0 0000000000000000
0x000000000293ef40:   000000001c202120 000000006c5046d4
0x000000000293ef50:   0000000000b09380 000000007301b616
0x000000000293ef60:   000000000293f598 0000000000000000
0x000000000293ef70:   0000000000000000 0000000000b0d9f8
0x000000000293ef80:   0000000000fc1c70 0000000066389291
0x000000000293ef90:   00000000195a41c8 0000000000b0d800
0x000000000293efa0:   0000000002a47da0 0000000002a57e06
0x000000000293efb0:   0000000000b09300 00000000195a41c8
0x000000000293efc0:   0000000000000061 0000000002a47da0
0x000000000293efd0:   000000000293f060 0000000002a57f74
0x000000000293efe0:   0000000002a47da0 0000000002a57cdd
0x000000000293eff0:   0000000000b0d800 00000000195a41c8
0x000000000293f000:   0000000000000000 0000000000b0d800 

Instructions: (pc=0x000000006c5070a2)
0x000000006c507082:   4e 79 23 00 48 8d 15 fe 9e 1d 00 48 8d 48 60 e8
0x000000006c507092:   ba fd ff ff b9 07 00 00 00 e8 10 59 19 00 31 ff
0x000000006c5070a2:   80 3e 00 89 d1 0f 85 41 ff ff ff eb 85 90 56 53
0x000000006c5070b2:   48 83 ec 28 48 8b 31 48 89 cb 48 89 f1 e8 54 57 


Register to memory mapping:

RAX=0x000000001d6b9720 is an unknown value
RBX=0x000000001c873370 is an unknown value
RCX=0x0000000000000000 is an unknown value
RDX=0x0000000000000000 is an unknown value
RSP=0x000000000293ef10 is pointing into the stack for thread: 0x0000000000b0d800
RBP=0x0000000000000000 is an unknown value
RSI=0x0000000000000000 is an unknown value
RDI=0x0000000000000000 is an unknown value
R8 =0x0000000000000000 is an unknown value
R9 =0x0000000000000003 is an unknown value
R10=0x0000000000000000 is an unknown value
R11=0x00007ff8d39ebf0b is an unknown value
R12=0x0000000000000000 is an unknown value
R13={method} {0x00000000195a41d0} 'Csound_ReadScore' '(JLcsnd6/Csound;Ljava/lang/String;)I' in 'csnd6/csnd6JNI'
R14=0x000000000293f098 is pointing into the stack for thread: 0x0000000000b0d800
R15=0x0000000000b0d800 is a thread


Stack: [0x0000000002840000,0x0000000002940000],  sp=0x000000000293ef10,  free space=1019k
Native frames: (J=compiled Java code, j=interpreted, Vv=VM code, C=native code)

Java frames: (J=compiled Java code, j=interpreted, Vv=VM code)
j  csnd6.csnd6JNI.Csound_ReadScore(JLcsnd6/Csound;Ljava/lang/String;)I+0
j  csnd6.Csound.ReadScore(Ljava/lang/String;)I+6
j  main.Performer.main([Ljava/lang/String;)V+252
j  main.MediaThread.run()V+14
j  grain.GrainManager.renderAll(Ljava/lang/String;)V+205
j  main.FractalSynth.renderAll(Ljava/lang/String;)V+5
j  main.ScriptReader.render(Ljava/lang/String;)V+5
j  main.ScriptReader.main([Ljava/lang/String;)V+23
v  ~StubRoutines::call_stub

---------------  P R O C E S S  ---------------

Java Threads: ( => current thread )
  0x000000001b400800 JavaThread "Service Thread" daemon [_thread_blocked, id=3616, stack(0x000000001b7d0000,0x000000001b8d0000)]
  0x0000000019a93800 JavaThread "C1 CompilerThread2" daemon [_thread_blocked, id=8912, stack(0x000000001b2d0000,0x000000001b3d0000)]
  0x0000000019a98000 JavaThread "C2 CompilerThread1" daemon [_thread_blocked, id=2588, stack(0x000000001b1d0000,0x000000001b2d0000)]
  0x0000000019a8e800 JavaThread "C2 CompilerThread0" daemon [_thread_blocked, id=5836, stack(0x000000001b0d0000,0x000000001b1d0000)]
  0x0000000019a8d000 JavaThread "Attach Listener" daemon [_thread_blocked, id=8940, stack(0x000000001afd0000,0x000000001b0d0000)]
  0x0000000019a8b800 JavaThread "Signal Dispatcher" daemon [_thread_blocked, id=7384, stack(0x000000001aed0000,0x000000001afd0000)]
  0x0000000019a79000 JavaThread "Finalizer" daemon [_thread_blocked, id=9212, stack(0x000000001ace0000,0x000000001ade0000)]
  0x0000000002a31000 JavaThread "Reference Handler" daemon [_thread_blocked, id=10812, stack(0x000000001abe0000,0x000000001ace0000)]
=>0x0000000000b0d800 JavaThread "main" [_thread_in_native, id=9060, stack(0x0000000002840000,0x0000000002940000)]

Other Threads:
  0x0000000019a56800 VMThread [stack: 0x000000001aae0000,0x000000001abe0000] [id=5344]
  0x000000001b42a000 WatcherThread [stack: 0x000000001b8d0000,0x000000001b9d0000] [id=8920]

VM state:not at safepoint (normal execution)

VM Mutex/Monitor currently owned by a thread: None

Heap:
 PSYoungGen      total 691712K, used 560216K [0x0000000780b00000, 0x00000007c0000000, 0x00000007c0000000)
  eden space 346112K, 62% used [0x0000000780b00000,0x000000078dc99ae8,0x0000000795d00000)
  from space 345600K, 99% used [0x00000007aae80000,0x00000007bfffc5f0,0x00000007c0000000)
  to   space 345600K, 0% used [0x0000000795d00000,0x0000000795d00000,0x00000007aae80000)
 ParOldGen       total 1472000K, used 1010669K [0x0000000702000000, 0x000000075bd80000, 0x0000000780b00000)
  object space 1472000K, 68% used [0x0000000702000000,0x000000073fafb418,0x000000075bd80000)
 Metaspace       used 5502K, capacity 5698K, committed 5888K, reserved 1056768K
  class space    used 608K, capacity 703K, committed 768K, reserved 1048576K

Card table byte_map: [0x0000000011e00000,0x0000000012400000] byte_map_base: 0x000000000e5f0000

Marking Bits: (ParMarkBitMap*) 0x000000007377b6d0
 Begin Bits: [0x0000000012c00000, 0x0000000015b80000)
 End Bits:   [0x0000000015b80000, 0x0000000018b00000)

Polling page: 0x0000000000f30000

CodeCache: size=245760Kb used=2582Kb max_used=2592Kb free=243177Kb
 bounds [0x0000000002a40000, 0x0000000002cd0000, 0x0000000011a40000]
 total_blobs=916 nmethods=554 adapters=275
 compilation: enabled

Compilation events (10 events):
Event: 15.457 Thread 0x0000000019a93800  555  s!   3       sun.misc.URLClassPath::getLoader (243 bytes)
Event: 15.459 Thread 0x0000000019a93800 nmethod 555 0x0000000002cbadd0 code [0x0000000002cbb1a0, 0x0000000002cbd9a8]
Event: 15.459 Thread 0x0000000019a93800  554  s    3       sun.misc.URLClassPath::getNextLoader (88 bytes)
Event: 15.460 Thread 0x0000000019a93800 nmethod 554 0x0000000002cbf1d0 code [0x0000000002cbf3a0, 0x0000000002cbfc28]
Event: 15.460 Thread 0x0000000019a93800  556       3       java.lang.String::indexOf (25 bytes)
Event: 15.460 Thread 0x0000000019a93800 nmethod 556 0x0000000002cc0090 code [0x0000000002cc0200, 0x0000000002cc03c8]
Event: 15.471 Thread 0x0000000019a98000 nmethod 521 0x0000000002cc2410 code [0x0000000002cc2740, 0x0000000002cc38b0]
Event: 15.471 Thread 0x0000000019a98000  518   !   4       java.io.ObjectOutputStream::writeObject (38 bytes)
Event: 15.472 Thread 0x0000000019a98000 nmethod 518 0x0000000002cc0bd0 code [0x0000000002cc0d20, 0x0000000002cc0e18]
Event: 15.479 Thread 0x0000000019a8e800 nmethod 520 0x0000000002cc88d0 code [0x0000000002cc8c80, 0x0000000002cca6c8]

GC Heap History (10 events):
Event: 9.924 GC heap before
{Heap before GC invocations=17 (full 6):
 PSYoungGen      total 691712K, used 345594K [0x0000000780b00000, 0x00000007c0000000, 0x00000007c0000000)
  eden space 346112K, 0% used [0x0000000780b00000,0x0000000780b00000,0x0000000795d00000)
  from space 345600K, 99% used [0x0000000795d00000,0x00000007aae7e930,0x00000007aae80000)
  to   space 345600K, 0% used [0x00000007aae80000,0x00000007aae80000,0x00000007c0000000)
 ParOldGen       total 647680K, used 499077K [0x0000000702000000, 0x0000000729880000, 0x0000000780b00000)
  object space 647680K, 77% used [0x0000000702000000,0x0000000720761740,0x0000000729880000)
 Metaspace       used 4909K, capacity 5024K, committed 5248K, reserved 1056768K
  class space    used 564K, capacity 605K, committed 640K, reserved 1048576K
Event: 10.014 GC heap after
Heap after GC invocations=17 (full 6):
 PSYoungGen      total 691712K, used 0K [0x0000000780b00000, 0x00000007c0000000, 0x00000007c0000000)
  eden space 346112K, 0% used [0x0000000780b00000,0x0000000780b00000,0x0000000795d00000)
  from space 345600K, 0% used [0x0000000795d00000,0x0000000795d00000,0x00000007aae80000)
  to   space 345600K, 0% used [0x00000007aae80000,0x00000007aae80000,0x00000007c0000000)
 ParOldGen       total 836608K, used 312997K [0x0000000702000000, 0x0000000735100000, 0x0000000780b00000)
  object space 836608K, 37% used [0x0000000702000000,0x00000007151a9630,0x0000000735100000)
 Metaspace       used 4909K, capacity 5024K, committed 5248K, reserved 1056768K
  class space    used 564K, capacity 605K, committed 640K, reserved 1048576K
}
Event: 11.328 GC heap before
{Heap before GC invocations=18 (full 6):
 PSYoungGen      total 691712K, used 346112K [0x0000000780b00000, 0x00000007c0000000, 0x00000007c0000000)
  eden space 346112K, 100% used [0x0000000780b00000,0x0000000795d00000,0x0000000795d00000)
  from space 345600K, 0% used [0x0000000795d00000,0x0000000795d00000,0x00000007aae80000)
  to   space 345600K, 0% used [0x00000007aae80000,0x00000007aae80000,0x00000007c0000000)
 ParOldGen       total 836608K, used 312997K [0x0000000702000000, 0x0000000735100000, 0x0000000780b00000)
  object space 836608K, 37% used [0x0000000702000000,0x00000007151a9630,0x0000000735100000)
 Metaspace       used 4910K, capacity 5024K, committed 5248K, reserved 1056768K
  class space    used 564K, capacity 605K, committed 640K, reserved 1048576K
Event: 11.410 GC heap after
Heap after GC invocations=18 (full 6):
 PSYoungGen      total 691712K, used 345582K [0x0000000780b00000, 0x00000007c0000000, 0x00000007c0000000)
  eden space 346112K, 0% used [0x0000000780b00000,0x0000000780b00000,0x0000000795d00000)
  from space 345600K, 99% used [0x00000007aae80000,0x00000007bfffb930,0x00000007c0000000)
  to   space 345600K, 0% used [0x0000000795d00000,0x0000000795d00000,0x00000007aae80000)
 ParOldGen       total 836608K, used 319813K [0x0000000702000000, 0x0000000735100000, 0x0000000780b00000)
  object space 836608K, 38% used [0x0000000702000000,0x0000000715851660,0x0000000735100000)
 Metaspace       used 4910K, capacity 5024K, committed 5248K, reserved 1056768K
  class space    used 564K, capacity 605K, committed 640K, reserved 1048576K
}
Event: 12.720 GC heap before
{Heap before GC invocations=19 (full 6):
 PSYoungGen      total 691712K, used 691694K [0x0000000780b00000, 0x00000007c0000000, 0x00000007c0000000)
  eden space 346112K, 100% used [0x0000000780b00000,0x0000000795d00000,0x0000000795d00000)
  from space 345600K, 99% used [0x00000007aae80000,0x00000007bfffb930,0x00000007c0000000)
  to   space 345600K, 0% used [0x0000000795d00000,0x0000000795d00000,0x00000007aae80000)
 ParOldGen       total 836608K, used 319813K [0x0000000702000000, 0x0000000735100000, 0x0000000780b00000)
  object space 836608K, 38% used [0x0000000702000000,0x0000000715851660,0x0000000735100000)
 Metaspace       used 4910K, capacity 5024K, committed 5248K, reserved 1056768K
  class space    used 564K, capacity 605K, committed 640K, reserved 1048576K
Event: 12.865 GC heap after
Heap after GC invocations=19 (full 6):
 PSYoungGen      total 691712K, used 345584K [0x0000000780b00000, 0x00000007c0000000, 0x00000007c0000000)
  eden space 346112K, 0% used [0x0000000780b00000,0x0000000780b00000,0x0000000795d00000)
  from space 345600K, 99% used [0x0000000795d00000,0x00000007aae7c030,0x00000007aae80000)
  to   space 345600K, 0% used [0x00000007aae80000,0x00000007aae80000,0x00000007c0000000)
 ParOldGen       total 836608K, used 671415K [0x0000000702000000, 0x0000000735100000, 0x0000000780b00000)
  object space 836608K, 80% used [0x0000000702000000,0x000000072afadf60,0x0000000735100000)
 Metaspace       used 4910K, capacity 5024K, committed 5248K, reserved 1056768K
  class space    used 564K, capacity 605K, committed 640K, reserved 1048576K
}
Event: 12.865 GC heap before
{Heap before GC invocations=20 (full 7):
 PSYoungGen      total 691712K, used 345584K [0x0000000780b00000, 0x00000007c0000000, 0x00000007c0000000)
  eden space 346112K, 0% used [0x0000000780b00000,0x0000000780b00000,0x0000000795d00000)
  from space 345600K, 99% used [0x0000000795d00000,0x00000007aae7c030,0x00000007aae80000)
  to   space 345600K, 0% used [0x00000007aae80000,0x00000007aae80000,0x00000007c0000000)
 ParOldGen       total 836608K, used 671415K [0x0000000702000000, 0x0000000735100000, 0x0000000780b00000)
  object space 836608K, 80% used [0x0000000702000000,0x000000072afadf60,0x0000000735100000)
 Metaspace       used 4910K, capacity 5024K, committed 5248K, reserved 1056768K
  class space    used 564K, capacity 605K, committed 640K, reserved 1048576K
Event: 13.076 GC heap after
Heap after GC invocations=20 (full 7):
 PSYoungGen      total 691712K, used 164636K [0x0000000780b00000, 0x00000007c0000000, 0x00000007c0000000)
  eden space 346112K, 0% used [0x0000000780b00000,0x0000000780b00000,0x0000000795d00000)
  from space 345600K, 47% used [0x0000000795d00000,0x000000079fdc7190,0x00000007aae80000)
  to   space 345600K, 0% used [0x00000007aae80000,0x00000007aae80000,0x00000007c0000000)
 ParOldGen       total 1472000K, used 836261K [0x0000000702000000, 0x000000075bd80000, 0x0000000780b00000)
  object space 1472000K, 56% used [0x0000000702000000,0x00000007350a9418,0x000000075bd80000)
 Metaspace       used 4910K, capacity 5024K, committed 5248K, reserved 1056768K
  class space    used 564K, capacity 605K, committed 640K, reserved 1048576K
}
Event: 14.416 GC heap before
{Heap before GC invocations=21 (full 7):
 PSYoungGen      total 691712K, used 510748K [0x0000000780b00000, 0x00000007c0000000, 0x00000007c0000000)
  eden space 346112K, 100% used [0x0000000780b00000,0x0000000795d00000,0x0000000795d00000)
  from space 345600K, 47% used [0x0000000795d00000,0x000000079fdc7190,0x00000007aae80000)
  to   space 345600K, 0% used [0x00000007aae80000,0x00000007aae80000,0x00000007c0000000)
 ParOldGen       total 1472000K, used 836261K [0x0000000702000000, 0x000000075bd80000, 0x0000000780b00000)
  object space 1472000K, 56% used [0x0000000702000000,0x00000007350a9418,0x000000075bd80000)
 Metaspace       used 4912K, capacity 5024K, committed 5248K, reserved 1056768K
  class space    used 564K, capacity 605K, committed 640K, reserved 1048576K
Event: 14.544 GC heap after
Heap after GC invocations=21 (full 7):
 PSYoungGen      total 691712K, used 345585K [0x0000000780b00000, 0x00000007c0000000, 0x00000007c0000000)
  eden space 346112K, 0% used [0x0000000780b00000,0x0000000780b00000,0x0000000795d00000)
  from space 345600K, 99% used [0x00000007aae80000,0x00000007bfffc5f0,0x00000007c0000000)
  to   space 345600K, 0% used [0x0000000795d00000,0x0000000795d00000,0x00000007aae80000)
 ParOldGen       total 1472000K, used 1010669K [0x0000000702000000, 0x000000075bd80000, 0x0000000780b00000)
  object space 1472000K, 68% used [0x0000000702000000,0x000000073fafb418,0x000000075bd80000)
 Metaspace       used 4912K, capacity 5024K, committed 5248K, reserved 1056768K
  class space    used 564K, capacity 605K, committed 640K, reserved 1048576K
}

Deoptimization events (10 events):
Event: 5.778 Thread 0x0000000000b0d800 Uncommon trap: reason=array_check action=maybe_recompile pc=0x0000000002c1097c method=java.util.Arrays.fill([Ljava/lang/Object;IILjava/lang/Object;)V @ 20
Event: 5.778 Thread 0x0000000000b0d800 Uncommon trap: reason=array_check action=maybe_recompile pc=0x0000000002c1097c method=java.util.Arrays.fill([Ljava/lang/Object;IILjava/lang/Object;)V @ 20
Event: 5.778 Thread 0x0000000000b0d800 Uncommon trap: reason=array_check action=maybe_recompile pc=0x0000000002c1097c method=java.util.Arrays.fill([Ljava/lang/Object;IILjava/lang/Object;)V @ 20
Event: 5.778 Thread 0x0000000000b0d800 Uncommon trap: reason=array_check action=maybe_recompile pc=0x0000000002c1097c method=java.util.Arrays.fill([Ljava/lang/Object;IILjava/lang/Object;)V @ 20
Event: 8.447 Thread 0x0000000000b0d800 Uncommon trap: reason=predicate action=maybe_recompile pc=0x0000000002c14848 method=java.util.Arrays.fill([Ljava/lang/Object;IILjava/lang/Object;)V @ 16
Event: 8.600 Thread 0x0000000000b0d800 Uncommon trap: reason=unstable_if action=reinterpret pc=0x0000000002c4e7c0 method=java.io.ObjectOutputStream$BlockDataOutputStream.drain()V @ 12
Event: 8.606 Thread 0x0000000000b0d800 Uncommon trap: reason=unstable_if action=reinterpret pc=0x0000000002c84620 method=java.lang.ref.SoftReference.get()Ljava/lang/Object; @ 17
Event: 8.606 Thread 0x0000000000b0d800 Uncommon trap: reason=unstable_if action=reinterpret pc=0x0000000002c4f458 method=java.lang.ref.SoftReference.get()Ljava/lang/Object; @ 17
Event: 15.415 Thread 0x0000000000b0d800 Uncommon trap: reason=unstable_if action=reinterpret pc=0x0000000002c7ecc4 method=sun.misc.FloatingDecimal$BinaryToASCIIBuffer.dtoa(IJIZ)V @ 663
Event: 15.455 Thread 0x0000000000b0d800 Uncommon trap: reason=unstable_if action=reinterpret pc=0x0000000002c4bca8 method=java.util.concurrent.ConcurrentHashMap.get(Ljava/lang/Object;)Ljava/lang/Object; @ 62

Internal exceptions (10 events):
Event: 0.032 Thread 0x0000000000b0d800 Exception <a 'java/lang/NoSuchMethodError': Method sun.misc.Unsafe.defineClass(Ljava/lang/String;[BII)Ljava/lang/Class; name or signature does not match> (0x0000000780b07ca8) thrown at [C:\re\workspace\8-2-build-windows-amd64-cygwin\jdk8u121\8372\hotspot\
Event: 0.032 Thread 0x0000000000b0d800 Exception <a 'java/lang/NoSuchMethodError': Method sun.misc.Unsafe.prefetchRead(Ljava/lang/Object;J)V name or signature does not match> (0x0000000780b07f90) thrown at [C:\re\workspace\8-2-build-windows-amd64-cygwin\jdk8u121\8372\hotspot\src\share\vm\prims
Event: 0.097 Thread 0x0000000000b0d800 Exception <a 'java/security/PrivilegedActionException'> (0x0000000780b94f20) thrown at [C:\re\workspace\8-2-build-windows-amd64-cygwin\jdk8u121\8372\hotspot\src\share\vm\prims\jvm.cpp, line 1390]
Event: 0.097 Thread 0x0000000000b0d800 Exception <a 'java/security/PrivilegedActionException'> (0x0000000780b95318) thrown at [C:\re\workspace\8-2-build-windows-amd64-cygwin\jdk8u121\8372\hotspot\src\share\vm\prims\jvm.cpp, line 1390]
Event: 0.098 Thread 0x0000000000b0d800 Exception <a 'java/security/PrivilegedActionException'> (0x0000000780b99170) thrown at [C:\re\workspace\8-2-build-windows-amd64-cygwin\jdk8u121\8372\hotspot\src\share\vm\prims\jvm.cpp, line 1390]
Event: 0.098 Thread 0x0000000000b0d800 Exception <a 'java/security/PrivilegedActionException'> (0x0000000780b99568) thrown at [C:\re\workspace\8-2-build-windows-amd64-cygwin\jdk8u121\8372\hotspot\src\share\vm\prims\jvm.cpp, line 1390]
Event: 0.142 Thread 0x0000000000b0d800 Exception <a 'java/lang/NoSuchFieldError': method resolution failed> (0x0000000780d7fef0) thrown at [C:\re\workspace\8-2-build-windows-amd64-cygwin\jdk8u121\8372\hotspot\src\share\vm\prims\methodHandles.cpp, line 1146]
Event: 0.144 Thread 0x0000000000b0d800 Exception <a 'java/lang/NoSuchFieldError': method resolution failed> (0x0000000780d8d2f0) thrown at [C:\re\workspace\8-2-build-windows-amd64-cygwin\jdk8u121\8372\hotspot\src\share\vm\prims\methodHandles.cpp, line 1146]
Event: 2.791 Thread 0x0000000000b0d800 Implicit null exception at 0x0000000002bfa6a0 to 0x0000000002bfaca9
Event: 15.456 Thread 0x0000000000b0d800 Exception <a 'java/io/FileNotFoundException'> (0x000000078da65280) thrown at [C:\re\workspace\8-2-build-windows-amd64-cygwin\jdk8u121\8372\hotspot\src\share\vm\prims\jni.cpp, line 709]

Events (10 events):
Event: 15.456 loading class java/lang/Throwable$WrappedPrintStream
Event: 15.456 loading class java/lang/Throwable$PrintStreamOrWriter
Event: 15.456 loading class java/lang/Throwable$PrintStreamOrWriter done
Event: 15.456 loading class java/lang/Throwable$WrappedPrintStream done
Event: 15.456 loading class java/util/IdentityHashMap
Event: 15.456 loading class java/util/IdentityHashMap done
Event: 15.456 loading class java/util/IdentityHashMap$KeySet
Event: 15.456 loading class java/util/IdentityHashMap$KeySet done
Event: 15.457 loading class csnd6/Csound
Event: 15.457 loading class csnd6/Csound done


Dynamic libraries:
0x00007ff6b07c0000 - 0x00007ff6b07f7000 	C:\Program Files\Java\jre1.8.0_121\bin\javaw.exe
0x00007ff8d3940000 - 0x00007ff8d3b1b000 	C:\WINDOWS\SYSTEM32\ntdll.dll
0x00007ff8d1780000 - 0x00007ff8d182e000 	C:\WINDOWS\System32\KERNEL32.DLL
0x00007ff8d03a0000 - 0x00007ff8d05e9000 	C:\WINDOWS\System32\KERNELBASE.dll
0x00007ff8d15f0000 - 0x00007ff8d1691000 	C:\WINDOWS\System32\ADVAPI32.dll
0x00007ff8d1400000 - 0x00007ff8d149d000 	C:\WINDOWS\System32\msvcrt.dll
0x00007ff8d3140000 - 0x00007ff8d3199000 	C:\WINDOWS\System32\sechost.dll
0x00007ff8d3760000 - 0x00007ff8d3885000 	C:\WINDOWS\System32\RPCRT4.dll
0x00007ff8d3610000 - 0x00007ff8d375a000 	C:\WINDOWS\System32\USER32.dll
0x00007ff8d05f0000 - 0x00007ff8d060e000 	C:\WINDOWS\System32\win32u.dll
0x00007ff8d2cd0000 - 0x00007ff8d2cf7000 	C:\WINDOWS\System32\GDI32.dll
0x00007ff8d0d10000 - 0x00007ff8d0e97000 	C:\WINDOWS\System32\gdi32full.dll
0x00007ff8d0030000 - 0x00007ff8d00ca000 	C:\WINDOWS\System32\msvcp_win.dll
0x00007ff8d00d0000 - 0x00007ff8d01c6000 	C:\WINDOWS\System32\ucrtbase.dll
0x00007ff8c79a0000 - 0x00007ff8c7c07000 	C:\WINDOWS\WinSxS\amd64_microsoft.windows.common-controls_6595b64144ccf1df_6.0.15063.483_none_26002d27e7c744a2\COMCTL32.dll
0x00007ff8d3300000 - 0x00007ff8d35f9000 	C:\WINDOWS\System32\combase.dll
0x00007ff8d0280000 - 0x00007ff8d02ea000 	C:\WINDOWS\System32\bcryptPrimitives.dll
0x00007ff8d1750000 - 0x00007ff8d177d000 	C:\WINDOWS\System32\IMM32.DLL
0x0000000072cc0000 - 0x0000000072d92000 	C:\Program Files\Java\jre1.8.0_121\bin\msvcr100.dll
0x0000000072f60000 - 0x00000000737fb000 	C:\Program Files\Java\jre1.8.0_121\bin\server\jvm.dll
0x00007ff8d10b0000 - 0x00007ff8d10b8000 	C:\WINDOWS\System32\PSAPI.DLL
0x00007ff8bf1e0000 - 0x00007ff8bf1e9000 	C:\WINDOWS\SYSTEM32\WSOCK32.dll
0x00007ff8c7c60000 - 0x00007ff8c7c6a000 	C:\WINDOWS\SYSTEM32\VERSION.dll
0x00007ff8c6970000 - 0x00007ff8c6993000 	C:\WINDOWS\SYSTEM32\WINMM.dll
0x00007ff8d1040000 - 0x00007ff8d10ac000 	C:\WINDOWS\System32\WS2_32.dll
0x00007ff8c6940000 - 0x00007ff8c696b000 	C:\WINDOWS\SYSTEM32\WINMMBASE.dll
0x00007ff8d02f0000 - 0x00007ff8d0339000 	C:\WINDOWS\System32\cfgmgr32.dll
0x0000000072e70000 - 0x0000000072e7f000 	C:\Program Files\Java\jre1.8.0_121\bin\verify.dll
0x0000000072e40000 - 0x0000000072e69000 	C:\Program Files\Java\jre1.8.0_121\bin\java.dll
0x0000000072e20000 - 0x0000000072e36000 	C:\Program Files\Java\jre1.8.0_121\bin\zip.dll
0x00007ff8d1830000 - 0x00007ff8d2c66000 	C:\WINDOWS\System32\SHELL32.dll
0x00007ff8d3890000 - 0x00007ff8d393a000 	C:\WINDOWS\System32\shcore.dll
0x00007ff8d0610000 - 0x00007ff8d0d01000 	C:\WINDOWS\System32\windows.storage.dll
0x00007ff8d1230000 - 0x00007ff8d1281000 	C:\WINDOWS\System32\shlwapi.dll
0x00007ff8cfe20000 - 0x00007ff8cfe31000 	C:\WINDOWS\System32\kernel.appcore.dll
0x00007ff8cfdd0000 - 0x00007ff8cfe1c000 	C:\WINDOWS\System32\powrprof.dll
0x00007ff8cfe40000 - 0x00007ff8cfe55000 	C:\WINDOWS\System32\profapi.dll
0x0000000072e00000 - 0x0000000072e1a000 	C:\Program Files\Java\jre1.8.0_121\bin\net.dll
0x00007ff8cf660000 - 0x00007ff8cf6bc000 	C:\WINDOWS\system32\mswsock.dll
0x0000000072de0000 - 0x0000000072df1000 	C:\Program Files\Java\jre1.8.0_121\bin\nio.dll
0x0000000066380000 - 0x0000000066632000 	C:\Program Files\Csound6_x64\bin\_jcsound6.dll
0x000000006fe00000 - 0x0000000070110000 	C:\Program Files\Csound6_x64\bin\csnd6.dll
0x000000006c500000 - 0x000000006d3ef000 	C:\Program Files\Csound6_x64\bin\csound64.dll
0x0000000070440000 - 0x00000000705c0000 	C:\Program Files\Csound6_x64\bin\libsndfile-1.dll
0x0000000064c40000 - 0x0000000064c6d000 	C:\Program Files\Csound6_x64\plugins64\ampmidid.dll
0x0000000067d40000 - 0x0000000067d6f000 	C:\Program Files\Csound6_x64\plugins64\buchla.dll
0x0000000069380000 - 0x00000000693a7000 	C:\Program Files\Csound6_x64\plugins64\cellular.dll
0x0000000065c40000 - 0x0000000065da4000 	C:\Program Files\Csound6_x64\plugins64\chua.dll
0x00000000679c0000 - 0x00000000679e8000 	C:\Program Files\Csound6_x64\plugins64\cs_date.dll
0x0000000062140000 - 0x0000000062288000 	C:\Program Files\Csound6_x64\plugins64\doppler.dll
0x0000000068740000 - 0x000000006876d000 	C:\Program Files\Csound6_x64\plugins64\exciter.dll
0x0000000002770000 - 0x0000000002798000 	C:\Program Files\Csound6_x64\plugins64\fareygen.dll
0x0000000063fc0000 - 0x000000006438b000 	C:\Program Files\Csound6_x64\plugins64\fluidOpcodes.dll
0x00007ff8d14a0000 - 0x00007ff8d15e5000 	C:\WINDOWS\System32\ole32.dll
0x00007ff8d2d00000 - 0x00007ff8d313b000 	C:\WINDOWS\System32\SETUPAPI.dll
0x00007ff8a3880000 - 0x00007ff8a390c000 	C:\WINDOWS\SYSTEM32\DSOUND.dll
0x00007ff8ce6b0000 - 0x00007ff8ce745000 	C:\WINDOWS\system32\uxtheme.dll
0x00007ff8d1290000 - 0x00007ff8d13f6000 	C:\WINDOWS\System32\MSCTF.dll
0x00007ff8d3240000 - 0x00007ff8d3300000 	C:\WINDOWS\System32\OLEAUT32.dll
0x00007ff8b5d70000 - 0x00007ff8b5e11000 	C:\Program Files\Common Files\microsoft shared\ink\tiptsf.dll
0x00007ff8c2f60000 - 0x00007ff8c2f8a000 	C:\WINDOWS\system32\dwmapi.dll
0x0000000061c80000 - 0x0000000061ccc000 	C:\Program Files\Csound6_x64\plugins64\fractalnoise.dll
0x0000000066080000 - 0x00000000660b4000 	C:\Program Files\Csound6_x64\plugins64\framebuffer.dll
0x000000001c9f0000 - 0x000000001cb64000 	C:\Program Files\Csound6_x64\plugins64\ftsamplebank.dll
0x0000000069840000 - 0x0000000069884000 	C:\Program Files\Csound6_x64\plugins64\getftargs.dll
0x0000000068ac0000 - 0x0000000068de3000 	C:\Program Files\Csound6_x64\plugins64\hdf5ops.dll
0x0000000066c80000 - 0x0000000066d03000 	C:\Program Files\Csound6_x64\plugins64\image.dll
0x0000000067300000 - 0x0000000067328000 	C:\Program Files\Csound6_x64\plugins64\ipmidi.dll
0x000000001cb70000 - 0x000000001ceb9000 	C:\Program Files\Csound6_x64\plugins64\linear_algebra.dll
0x000000006d780000 - 0x000000006d8df000 	C:\Program Files\Csound6_x64\plugins64\LuaCsound.dll
0x0000000066d80000 - 0x0000000066dec000 	C:\Program Files\Csound6_x64\bin\lua51.dll
0x0000000064500000 - 0x0000000064692000 	C:\Program Files\Csound6_x64\plugins64\mixer.dll
0x0000000067a80000 - 0x0000000067ae5000 	C:\Program Files\Csound6_x64\plugins64\osc.dll
0x00007ff8cf400000 - 0x00007ff8cf437000 	C:\WINDOWS\SYSTEM32\IPHLPAPI.DLL
0x000000001cec0000 - 0x000000001cfec000 	C:\Program Files\Csound6_x64\plugins64\padsynth.dll
0x000000006f600000 - 0x000000006f633000 	C:\Program Files\Csound6_x64\plugins64\platerev.dll
0x000000006a640000 - 0x000000006a68c000 	C:\Program Files\Csound6_x64\plugins64\pmidi.dll
0x00000000027c0000 - 0x0000000002820000 	C:\Program Files\Csound6_x64\plugins64\py.dll
0x000000001e000000 - 0x000000001e306000 	C:\Program Files\Csound6_x64\bin\python27.dll
0x0000000072c10000 - 0x0000000072cb3000 	C:\WINDOWS\WinSxS\amd64_microsoft.vc90.crt_1fc8b3b9a1e18e3b_9.0.30729.9279_none_08e667efa83ba076\MSVCR90.dll
0x000000001c980000 - 0x000000001c9a8000 	C:\Program Files\Csound6_x64\plugins64\quadbezier.dll
0x0000000066e40000 - 0x0000000066ec7000 	C:\Program Files\Csound6_x64\plugins64\rtpa.dll
0x0000000062c40000 - 0x0000000062c70000 	C:\Program Files\Csound6_x64\plugins64\rtwinmm.dll
0x0000000067440000 - 0x00000000674a5000 	C:\Program Files\Csound6_x64\plugins64\scansyn.dll
0x0000000061ec0000 - 0x0000000061ee7000 	C:\Program Files\Csound6_x64\plugins64\select.dll
0x0000000066ac0000 - 0x0000000066ae9000 	C:\Program Files\Csound6_x64\plugins64\serial.dll
0x0000000061780000 - 0x0000000061bcd000 	C:\Program Files\Csound6_x64\plugins64\signalflowgraph.dll
0x000000006f440000 - 0x000000006f58d000 	C:\Program Files\Csound6_x64\plugins64\stdutil.dll
0x000000001d1b0000 - 0x000000001d3ce000 	C:\Program Files\Csound6_x64\plugins64\stkops.dll
0x000000001c9b0000 - 0x000000001c9d7000 	C:\Program Files\Csound6_x64\plugins64\system_call.dll
0x000000006e740000 - 0x000000006e955000 	C:\Program Files\Csound6_x64\plugins64\virtual.dll
0x000000001d3d0000 - 0x000000001d6a7000 	C:\Program Files\Csound6_x64\plugins64\widgets.dll
0x00007ff8cc010000 - 0x00007ff8cc1b9000 	C:\WINDOWS\SYSTEM32\dbghelp.dll

VM Arguments:
jvm_args: -Dfile.encoding=Cp1252 
java_command: main.ScriptReader low_harmony s_test9_low
java_class_path (initial): C:\Users\Griffin\git\sound\FractalSynth\bin;C:\Users\Griffin\git\sound\FractalSynth\lib\csnd6.jar;C:\Users\Griffin\git\sound\FractalSynth\lib\core.jar
Launcher Type: SUN_STANDARD

Environment Variables:
PATH=C:/Program Files/Java/jre1.8.0_121/bin/server;C:/Program Files/Java/jre1.8.0_121/bin;C:/Program Files/Java/jre1.8.0_121/lib/amd64;C:\ProgramData\Oracle\Java\javapath;C:\Program Files (x86)\Intel\iCLS Client\;C:\Program Files\Intel\iCLS Client\;C:\WINDOWS\system32;C:\WINDOWS;C:\WINDOWS\System32\Wbem;C:\WINDOWS\System32\WindowsPowerShell\v1.0\;C:\Program Files (x86)\Intel\Intel(R) Management Engine Components\DAL;C:\Program Files\Intel\Intel(R) Management Engine Components\DAL;C:\Program Files (x86)\Intel\Intel(R) Management Engine Components\IPT;C:\Program Files\Intel\Intel(R) Management Engine Components\IPT;C:\Program Files\Intel\WiFi\bin\;C:\Program Files\Common Files\Intel\WirelessCommon\;C:\Program Files\Csound6_x64\bin;C:\Program Files\PuTTY\;C:\Users\Griffin\Anaconda3;C:\Users\Griffin\Anaconda3\Scripts;C:\Users\Griffin\Anaconda3\Library\bin;C:\Users\Griffin\AppData\Local\Microsoft\WindowsApps;C:\Users\Griffin\AppData\Local\GitHubDesktop\bin;C:\Users\Griffin\eclipse\java-neon\eclipse;
USERNAME=Griffin
OS=Windows_NT
PROCESSOR_IDENTIFIER=Intel64 Family 6 Model 142 Stepping 9, GenuineIntel



---------------  S Y S T E M  ---------------

OS: Windows 10.0 , 64 bit Build 15063 (10.0.15063.296)

CPU:total 4 (2 cores per cpu, 2 threads per core) family 6 model 142 stepping 9, cmov, cx8, fxsr, mmx, sse, sse2, sse3, ssse3, sse4.1, sse4.2, popcnt, avx, avx2, aes, clmul, erms, 3dnowpref, lzcnt, ht, tsc, tscinvbit, bmi1, bmi2, adx

Memory: 4k page, physical 12449004k(6138856k free), swap 14349548k(7181148k free)

vm_info: Java HotSpot(TM) 64-Bit Server VM (25.121-b13) for windows-amd64 JRE (1.8.0_121-b13), built on Dec 12 2016 18:21:36 by "java_re" with MS VC++ 10.0 (VS2010)

time: Mon Oct 23 22:27:28 2017
elapsed time: 15 seconds (0d 0h 0m 15s)

