#
# A fatal error has been detected by the Java Runtime Environment:
#
#  EXCEPTION_ACCESS_VIOLATION (0xc0000005) at pc=0x000000006c63c700, pid=14484, tid=0x0000000000000880
#
# JRE version: Java(TM) SE Runtime Environment (8.0_131-b11) (build 1.8.0_131-b11)
# Java VM: Java HotSpot(TM) 64-Bit Server VM (25.131-b11 mixed mode windows-amd64 compressed oops)
# Problematic frame:
# C  [csound64.dll+0x13c700]
#
# Failed to write core dump. Minidumps are not enabled by default on client versions of Windows
#
# If you would like to submit a bug report, please visit:
#   http://bugreport.java.com/bugreport/crash.jsp
# The crash happened outside the Java Virtual Machine in native code.
# See problematic frame for where to report the bug.
#

---------------  T H R E A D  ---------------

Current thread (0x0000000003242800):  JavaThread "main" [_thread_in_native, id=2176, stack(0x0000000003070000,0x0000000003170000)]

siginfo: ExceptionCode=0xc0000005, reading address 0x000000002d186000

Registers:
RAX=0x00000000000000b0, RBX=0x0000000025327db0, RCX=0x0000000000000001, RDX=0x0000000000001df8
RSP=0x000000000316ed20, RBP=0x000000002d177040, RSI=0x0000000000000000, RDI=0x0000000000002dee
R8 =0x0000000000000002, R9 =0x0000000000000000, R10=0x0000000000001df7, R11=0x0000000000000000
R12=0x0000000000002dee, R13=0x0000000000000020, R14=0x0000000025323140, R15=0x00000000ffffffff
RIP=0x000000006c63c700, EFLAGS=0x0000000000010202

Top of Stack: (sp=0x000000000316ed20)
0x000000000316ed20:   000000000007a120 0000000022dbc180
0x000000000316ed30:   000000000316ed70 000000001dbbb7d0
0x000000000316ed40:   0000000000000100 000000006c601a2e
0x000000000316ed50:   000000010000146a 0000000000000002
0x000000000316ed60:   0000000000000000 000000001dbbb701
0x000000000316ed70:   000000005b764ef5 0000000009c80358
0x000000000316ed80:   400366783ba0fbe4 0000000000000000
0x000000000316ed90:   0000000000000000 0000000000000000
0x000000000316eda0:   cafebabecafebabe 0000000000000000
0x000000000316edb0:   0000000000000000 0000000000000000
0x000000000316edc0:   0000000000000000 0000000000000000
0x000000000316edd0:   0000000000000000 0000000000000000
0x000000000316ede0:   0000000000000000 0000000000000000
0x000000000316edf0:   0000000000000000 0000000000000000
0x000000000316ee00:   0000000000000000 0000000000000000
0x000000000316ee10:   cafebabecafebabe 0000000000000000 

Instructions: (pc=0x000000006c63c700)
0x000000006c63c6e0:   d3 e9 44 fb ff ff 66 2e 0f 1f 84 00 00 00 00 00
0x000000006c63c6f0:   44 8d 52 01 4c 89 d2 f2 42 0f 10 5c d5 00 01 ca
0x000000006c63c700:   f2 0f 10 54 d5 00 f2 0f 5c d3 f2 0f 59 d5 f2 0f
0x000000006c63c710:   58 d3 f2 41 0f 59 d3 e9 6b f6 ff ff 0f 1f 40 00 


Register to memory mapping:

RAX=0x00000000000000b0 is an unknown value
RBX=0x0000000025327db0 is an unknown value
RCX=0x0000000000000001 is an unknown value
RDX=0x0000000000001df8 is an unknown value
RSP=0x000000000316ed20 is pointing into the stack for thread: 0x0000000003242800
RBP=0x000000002d177040 is an unknown value
RSI=0x0000000000000000 is an unknown value
RDI=0x0000000000002dee is an unknown value
R8 =0x0000000000000002 is an unknown value
R9 =0x0000000000000000 is an unknown value
R10=0x0000000000001df7 is an unknown value
R11=0x0000000000000000 is an unknown value
R12=0x0000000000002dee is an unknown value
R13=0x0000000000000020 is an unknown value
R14=0x0000000025323140 is an unknown value
R15=0x00000000ffffffff is an unallocated location in the heap


Stack: [0x0000000003070000,0x0000000003170000],  sp=0x000000000316ed20,  free space=1019k
Native frames: (J=compiled Java code, j=interpreted, Vv=VM code, C=native code)
C  [csound64.dll+0x13c700]
C  [csound64.dll+0x3668]
C  [csound64.dll+0x48fa]
C  0x00000000034b63d3

Java frames: (J=compiled Java code, j=interpreted, Vv=VM code)
J 187  csnd6.csnd6JNI.Csound_PerformKsmps(JLcsnd6/Csound;)I (0 bytes) @ 0x00000000034b6355 [0x00000000034b6300+0x55]
J 408 C2 sound.Performer.play(Ljava/lang/String;Ljava/lang/String;Ljava/lang/String;)V (74 bytes) @ 0x000000000353003c [0x000000000352fe20+0x21c]
j  sound.Performer.play(Lsound/Performable;Ljava/lang/String;)V+19
j  sound.Performer.play(Lsound/Performable;)V+3
j  main.UI.main([Ljava/lang/String;)V+261
v  ~StubRoutines::call_stub

---------------  P R O C E S S  ---------------

Java Threads: ( => current thread )
  0x0000000019855000 JavaThread "Service Thread" daemon [_thread_blocked, id=7500, stack(0x0000000019c30000,0x0000000019d30000)]
  0x0000000017efb800 JavaThread "C1 CompilerThread2" daemon [_thread_blocked, id=12220, stack(0x0000000019730000,0x0000000019830000)]
  0x0000000017ef5000 JavaThread "C2 CompilerThread1" daemon [_thread_blocked, id=504, stack(0x0000000019630000,0x0000000019730000)]
  0x0000000017ef3000 JavaThread "C2 CompilerThread0" daemon [_thread_blocked, id=13712, stack(0x0000000019530000,0x0000000019630000)]
  0x0000000017ef0000 JavaThread "Attach Listener" daemon [_thread_blocked, id=7432, stack(0x0000000019430000,0x0000000019530000)]
  0x0000000017eef000 JavaThread "Signal Dispatcher" daemon [_thread_blocked, id=2104, stack(0x0000000019330000,0x0000000019430000)]
  0x0000000017eda800 JavaThread "Finalizer" daemon [_thread_blocked, id=14440, stack(0x0000000019140000,0x0000000019240000)]
  0x0000000003333800 JavaThread "Reference Handler" daemon [_thread_blocked, id=15080, stack(0x0000000019040000,0x0000000019140000)]
=>0x0000000003242800 JavaThread "main" [_thread_in_native, id=2176, stack(0x0000000003070000,0x0000000003170000)]

Other Threads:
  0x0000000017eb7800 VMThread [stack: 0x0000000018f40000,0x0000000019040000] [id=14460]
  0x000000001989a000 WatcherThread [stack: 0x0000000019d30000,0x0000000019e30000] [id=10980]

VM state:not at safepoint (normal execution)

VM Mutex/Monitor currently owned by a thread: None

Heap:
 PSYoungGen      total 38400K, used 6756K [0x00000000d5980000, 0x00000000d8400000, 0x0000000100000000)
  eden space 33280K, 16% used [0x00000000d5980000,0x00000000d5f049a8,0x00000000d7a00000)
  from space 5120K, 21% used [0x00000000d7a00000,0x00000000d7b14938,0x00000000d7f00000)
  to   space 5120K, 0% used [0x00000000d7f00000,0x00000000d7f00000,0x00000000d8400000)
 ParOldGen       total 87552K, used 8K [0x0000000080c00000, 0x0000000086180000, 0x00000000d5980000)
  object space 87552K, 0% used [0x0000000080c00000,0x0000000080c02000,0x0000000086180000)
 Metaspace       used 4868K, capacity 5140K, committed 5248K, reserved 1056768K
  class space    used 537K, capacity 574K, committed 640K, reserved 1048576K

Card table byte_map: [0x0000000012700000,0x0000000012b00000] byte_map_base: 0x00000000122fa000

Marking Bits: (ParMarkBitMap*) 0x0000000062adc720
 Begin Bits: [0x00000000131b0000, 0x0000000015180000)
 End Bits:   [0x0000000015180000, 0x0000000017150000)

Polling page: 0x0000000002ff0000

CodeCache: size=245760Kb used=2110Kb max_used=2121Kb free=243649Kb
 bounds [0x0000000003340000, 0x00000000035b0000, 0x0000000012340000]
 total_blobs=799 nmethods=456 adapters=256
 compilation: enabled

Compilation events (10 events):
Event: 188.957 Thread 0x0000000017efb800  452       3       java.util.regex.Matcher::find (35 bytes)
Event: 188.958 Thread 0x0000000017efb800 nmethod 452 0x0000000003548c10 code [0x0000000003548dc0, 0x0000000003549318]
Event: 188.958 Thread 0x0000000017efb800  453       3       java.util.Formatter$FormatSpecifier::<init> (246 bytes)
Event: 188.959 Thread 0x0000000017efb800 nmethod 453 0x000000000354f390 code [0x000000000354f6c0, 0x0000000003550998]
Event: 194.158 Thread 0x0000000017efb800  454       3       java.nio.HeapCharBuffer::get (15 bytes)
Event: 194.158 Thread 0x0000000017efb800 nmethod 454 0x0000000003551210 code [0x0000000003551380, 0x0000000003551630]
Event: 199.542 Thread 0x0000000017ef3000  455       4       java.lang.Math::max (11 bytes)
Event: 199.542 Thread 0x0000000017ef5000  456       4       java.lang.Integer::getChars (131 bytes)
Event: 199.542 Thread 0x0000000017ef3000 nmethod 455 0x0000000003525390 code [0x00000000035254c0, 0x0000000003525518]
Event: 199.543 Thread 0x0000000017ef5000 nmethod 456 0x0000000003548690 code [0x00000000035487e0, 0x00000000035489b8]

GC Heap History (2 events):
Event: 183.359 GC heap before
{Heap before GC invocations=1 (full 0):
 PSYoungGen      total 38400K, used 33280K [0x00000000d5980000, 0x00000000d8400000, 0x0000000100000000)
  eden space 33280K, 100% used [0x00000000d5980000,0x00000000d7a00000,0x00000000d7a00000)
  from space 5120K, 0% used [0x00000000d7f00000,0x00000000d7f00000,0x00000000d8400000)
  to   space 5120K, 0% used [0x00000000d7a00000,0x00000000d7a00000,0x00000000d7f00000)
 ParOldGen       total 87552K, used 0K [0x0000000080c00000, 0x0000000086180000, 0x00000000d5980000)
  object space 87552K, 0% used [0x0000000080c00000,0x0000000080c00000,0x0000000086180000)
 Metaspace       used 4850K, capacity 5140K, committed 5248K, reserved 1056768K
  class space    used 537K, capacity 574K, committed 640K, reserved 1048576K
Event: 183.388 GC heap after
Heap after GC invocations=1 (full 0):
 PSYoungGen      total 38400K, used 1106K [0x00000000d5980000, 0x00000000d8400000, 0x0000000100000000)
  eden space 33280K, 0% used [0x00000000d5980000,0x00000000d5980000,0x00000000d7a00000)
  from space 5120K, 21% used [0x00000000d7a00000,0x00000000d7b14938,0x00000000d7f00000)
  to   space 5120K, 0% used [0x00000000d7f00000,0x00000000d7f00000,0x00000000d8400000)
 ParOldGen       total 87552K, used 8K [0x0000000080c00000, 0x0000000086180000, 0x00000000d5980000)
  object space 87552K, 0% used [0x0000000080c00000,0x0000000080c02000,0x0000000086180000)
 Metaspace       used 4850K, capacity 5140K, committed 5248K, reserved 1056768K
  class space    used 537K, capacity 574K, committed 640K, reserved 1048576K
}

Deoptimization events (1 events):
Event: 109.051 Thread 0x0000000003242800 Uncommon trap: reason=unstable_if action=reinterpret pc=0x00000000034efc30 method=sun.misc.FloatingDecimal$BinaryToASCIIBuffer.dtoa(IJIZ)V @ 898

Internal exceptions (9 events):
Event: 0.027 Thread 0x0000000003242800 Exception <a 'java/lang/NoSuchMethodError': Method sun.misc.Unsafe.defineClass(Ljava/lang/String;[BII)Ljava/lang/Class; name or signature does not match> (0x00000000d5987ca8) thrown at [C:\re\workspace\8-2-build-windows-amd64-cygwin\jdk8u131\8869\hotspot\
Event: 0.027 Thread 0x0000000003242800 Exception <a 'java/lang/NoSuchMethodError': Method sun.misc.Unsafe.prefetchRead(Ljava/lang/Object;J)V name or signature does not match> (0x00000000d5987f90) thrown at [C:\re\workspace\8-2-build-windows-amd64-cygwin\jdk8u131\8869\hotspot\src\share\vm\prims
Event: 0.074 Thread 0x0000000003242800 Exception <a 'java/security/PrivilegedActionException'> (0x00000000d5ad5cd0) thrown at [C:\re\workspace\8-2-build-windows-amd64-cygwin\jdk8u131\8869\hotspot\src\share\vm\prims\jvm.cpp, line 1390]
Event: 0.074 Thread 0x0000000003242800 Exception <a 'java/security/PrivilegedActionException'> (0x00000000d5ad60c8) thrown at [C:\re\workspace\8-2-build-windows-amd64-cygwin\jdk8u131\8869\hotspot\src\share\vm\prims\jvm.cpp, line 1390]
Event: 0.075 Thread 0x0000000003242800 Exception <a 'java/security/PrivilegedActionException'> (0x00000000d5ad9f20) thrown at [C:\re\workspace\8-2-build-windows-amd64-cygwin\jdk8u131\8869\hotspot\src\share\vm\prims\jvm.cpp, line 1390]
Event: 0.075 Thread 0x0000000003242800 Exception <a 'java/security/PrivilegedActionException'> (0x00000000d5ada318) thrown at [C:\re\workspace\8-2-build-windows-amd64-cygwin\jdk8u131\8869\hotspot\src\share\vm\prims\jvm.cpp, line 1390]
Event: 104.653 Thread 0x0000000003242800 Exception <a 'java/lang/NoSuchMethodError': <clinit>> (0x00000000d6addd98) thrown at [C:\re\workspace\8-2-build-windows-amd64-cygwin\jdk8u131\8869\hotspot\src\share\vm\prims\jni.cpp, line 1613]
Event: 104.660 Thread 0x0000000003242800 Exception <a 'java/lang/NoSuchMethodError': <clinit>> (0x00000000d6b1b160) thrown at [C:\re\workspace\8-2-build-windows-amd64-cygwin\jdk8u131\8869\hotspot\src\share\vm\prims\jni.cpp, line 1613]
Event: 104.661 Thread 0x0000000003242800 Exception <a 'java/lang/NoSuchMethodError': <clinit>> (0x00000000d6b2a688) thrown at [C:\re\workspace\8-2-build-windows-amd64-cygwin\jdk8u131\8869\hotspot\src\share\vm\prims\jni.cpp, line 1613]

Events (10 events):
Event: 183.477 Executing VM operation: RevokeBias
Event: 183.477 Executing VM operation: RevokeBias done
Event: 183.477 Executing VM operation: RevokeBias
Event: 183.477 Executing VM operation: RevokeBias done
Event: 183.477 Executing VM operation: RevokeBias
Event: 183.477 Executing VM operation: RevokeBias done
Event: 183.477 Executing VM operation: RevokeBias
Event: 183.477 Executing VM operation: RevokeBias done
Event: 183.477 Executing VM operation: BulkRevokeBias
Event: 183.477 Executing VM operation: BulkRevokeBias done


Dynamic libraries:
0x00007ff6b5310000 - 0x00007ff6b5347000 	C:\Program Files\Java\jre1.8.0_131\bin\javaw.exe
0x00007ff84c250000 - 0x00007ff84c431000 	C:\WINDOWS\SYSTEM32\ntdll.dll
0x00007ff84a370000 - 0x00007ff84a422000 	C:\WINDOWS\System32\KERNEL32.DLL
0x00007ff849250000 - 0x00007ff8494c3000 	C:\WINDOWS\System32\KERNELBASE.dll
0x0000000061fa0000 - 0x00000000622bb000 	C:\Program Files (x86)\Norton Security with Backup\NortonData\22.5.4.24\Definitions\IPSDefs\20180816.063\IPSEng64.dll
0x00007ff84a890000 - 0x00007ff84a931000 	C:\WINDOWS\System32\ADVAPI32.dll
0x00007ff84a240000 - 0x00007ff84a2de000 	C:\WINDOWS\System32\msvcrt.dll
0x00007ff84c1c0000 - 0x00007ff84c21b000 	C:\WINDOWS\System32\sechost.dll
0x00007ff84bee0000 - 0x00007ff84c004000 	C:\WINDOWS\System32\RPCRT4.dll
0x00007ff84aa90000 - 0x00007ff84aa98000 	C:\WINDOWS\System32\PSAPI.DLL
0x00007ff849740000 - 0x00007ff8498d0000 	C:\WINDOWS\System32\USER32.dll
0x00007ff8494d0000 - 0x00007ff8494f0000 	C:\WINDOWS\System32\win32u.dll
0x00007ff8498d0000 - 0x00007ff8498f8000 	C:\WINDOWS\System32\GDI32.dll
0x00007ff849000000 - 0x00007ff849192000 	C:\WINDOWS\System32\gdi32full.dll
0x00007ff8487f0000 - 0x00007ff84888f000 	C:\WINDOWS\System32\msvcp_win.dll
0x00007ff8486a0000 - 0x00007ff84879a000 	C:\WINDOWS\System32\ucrtbase.dll
0x00007ff836dd0000 - 0x00007ff837039000 	C:\WINDOWS\WinSxS\amd64_microsoft.windows.common-controls_6595b64144ccf1df_6.0.17134.228_none_fb4599993062b194\COMCTL32.dll
0x00007ff849eb0000 - 0x00007ff84a1d3000 	C:\WINDOWS\System32\combase.dll
0x00007ff848620000 - 0x00007ff84869a000 	C:\WINDOWS\System32\bcryptPrimitives.dll
0x00007ff84a5d0000 - 0x00007ff84a5fd000 	C:\WINDOWS\System32\IMM32.DLL
0x0000000062f70000 - 0x0000000063042000 	C:\Program Files\Java\jre1.8.0_131\bin\msvcr100.dll
0x00000000622c0000 - 0x0000000062b5c000 	C:\Program Files\Java\jre1.8.0_131\bin\server\jvm.dll
0x00007ff83a130000 - 0x00007ff83a139000 	C:\WINDOWS\SYSTEM32\WSOCK32.dll
0x00007ff84c150000 - 0x00007ff84c1bc000 	C:\WINDOWS\System32\WS2_32.dll
0x00007ff83c500000 - 0x00007ff83c523000 	C:\WINDOWS\SYSTEM32\WINMM.dll
0x00007ff841090000 - 0x00007ff84109a000 	C:\WINDOWS\SYSTEM32\VERSION.dll
0x00007ff83bed0000 - 0x00007ff83befa000 	C:\WINDOWS\SYSTEM32\WINMMBASE.dll
0x00007ff8487a0000 - 0x00007ff8487e9000 	C:\WINDOWS\System32\cfgmgr32.dll
0x0000000066270000 - 0x000000006627f000 	C:\Program Files\Java\jre1.8.0_131\bin\verify.dll
0x0000000066240000 - 0x0000000066269000 	C:\Program Files\Java\jre1.8.0_131\bin\java.dll
0x0000000066220000 - 0x0000000066236000 	C:\Program Files\Java\jre1.8.0_131\bin\zip.dll
0x00007ff84aaa0000 - 0x00007ff84bee0000 	C:\WINDOWS\System32\SHELL32.dll
0x00007ff84a9e0000 - 0x00007ff84aa89000 	C:\WINDOWS\System32\shcore.dll
0x00007ff8488f0000 - 0x00007ff848ffd000 	C:\WINDOWS\System32\windows.storage.dll
0x00007ff84a1e0000 - 0x00007ff84a231000 	C:\WINDOWS\System32\shlwapi.dll
0x00007ff848600000 - 0x00007ff848611000 	C:\WINDOWS\System32\kernel.appcore.dll
0x00007ff8485c0000 - 0x00007ff8485df000 	C:\WINDOWS\System32\profapi.dll
0x00007ff848570000 - 0x00007ff8485bc000 	C:\WINDOWS\System32\powrprof.dll
0x00007ff848560000 - 0x00007ff84856a000 	C:\WINDOWS\System32\FLTLIB.DLL
0x0000000066380000 - 0x0000000066689000 	C:\Program Files\Csound6_x64\bin\_jcsound6.dll
0x000000006fe00000 - 0x0000000070112000 	C:\Program Files\Csound6_x64\bin\csnd6.dll
0x000000006c500000 - 0x000000006d80f000 	C:\Program Files\Csound6_x64\bin\csound64.dll
0x0000000070440000 - 0x00000000705c0000 	C:\Program Files\Csound6_x64\bin\libsndfile-1.dll
0x00007ff8351c0000 - 0x00007ff835206000 	C:\Program Files\Csound6_x64\plugins64\ableton_link_opcodes.dll
0x00007ff843d60000 - 0x00007ff843e0a000 	C:\WINDOWS\SYSTEM32\MSVCP140.dll
0x00007ff847b00000 - 0x00007ff847b38000 	C:\WINDOWS\SYSTEM32\IPHLPAPI.DLL
0x00007ff845f00000 - 0x00007ff845f16000 	C:\WINDOWS\SYSTEM32\VCRUNTIME140.dll
0x0000000064c40000 - 0x0000000064ca9000 	C:\Program Files\Csound6_x64\plugins64\ampmidid.dll
0x0000000067700000 - 0x0000000067901000 	C:\Program Files\Csound6_x64\plugins64\arrayops.dll
0x0000000067d40000 - 0x0000000067dab000 	C:\Program Files\Csound6_x64\plugins64\buchla.dll
0x0000000069380000 - 0x00000000693de000 	C:\Program Files\Csound6_x64\plugins64\cellular.dll
0x0000000065c40000 - 0x0000000065df1000 	C:\Program Files\Csound6_x64\plugins64\chua.dll
0x00000000679c0000 - 0x0000000067a1e000 	C:\Program Files\Csound6_x64\plugins64\cs_date.dll
0x000000001a030000 - 0x000000001a1a0000 	C:\Program Files\Csound6_x64\plugins64\doppler.dll
0x000000006b500000 - 0x000000006b56b000 	C:\Program Files\Csound6_x64\plugins64\emugens.dll
0x0000000068740000 - 0x00000000687a9000 	C:\Program Files\Csound6_x64\plugins64\exciter.dll
0x0000000003180000 - 0x00000000031de000 	C:\Program Files\Csound6_x64\plugins64\fareygen.dll
0x0000000063fc0000 - 0x0000000064121000 	C:\Program Files\Csound6_x64\plugins64\fluidOpcodes.dll
0x00000000685c0000 - 0x00000000686d9000 	C:\Program Files\Csound6_x64\bin\libglib-2.0-0.dll
0x00007ff849900000 - 0x00007ff849a51000 	C:\WINDOWS\System32\ole32.dll
0x00000000632c0000 - 0x00000000632df000 	C:\Program Files\Csound6_x64\bin\libportaudio-2.dll
0x00007ff833870000 - 0x00007ff8338ff000 	C:\WINDOWS\SYSTEM32\DSOUND.dll
0x000000006fc40000 - 0x000000006fda1000 	C:\Program Files\Csound6_x64\bin\libstdc++-6.dll
0x0000000064940000 - 0x0000000064955000 	C:\Program Files\Csound6_x64\bin\libwinpthread-1.dll
0x0000000061cc0000 - 0x0000000061ce8000 	C:\Program Files\Csound6_x64\bin\libintl-8.dll
0x0000000069140000 - 0x000000006918c000 	C:\Program Files\Csound6_x64\bin\libpcre-1.dll
0x0000000061440000 - 0x000000006145c000 	C:\Program Files\Csound6_x64\bin\libgcc_s_seh-1.dll
0x0000000066000000 - 0x000000006610b000 	C:\Program Files\Csound6_x64\bin\libiconv-2.dll
0x00007ff8467c0000 - 0x00007ff846858000 	C:\WINDOWS\system32\uxtheme.dll
0x00007ff84a430000 - 0x00007ff84a5a5000 	C:\WINDOWS\System32\MSCTF.dll
0x00007ff84c080000 - 0x00007ff84c142000 	C:\WINDOWS\System32\OLEAUT32.dll
0x00007ff834460000 - 0x00007ff8344bf000 	c:\program files\nvidia corporation\nvstreamsrv\nvinject.dll
0x00007ff846a20000 - 0x00007ff846a49000 	C:\WINDOWS\system32\dwmapi.dll
0x000000001a200000 - 0x000000001a285000 	C:\Program Files\Csound6_x64\plugins64\fractalnoise.dll
0x000000001a290000 - 0x000000001a2fa000 	C:\Program Files\Csound6_x64\plugins64\framebuffer.dll
0x000000001ada0000 - 0x000000001af69000 	C:\Program Files\Csound6_x64\plugins64\ftsamplebank.dll
0x0000000069840000 - 0x000000006989e000 	C:\Program Files\Csound6_x64\plugins64\getftargs.dll
0x0000000068ac0000 - 0x0000000068e2b000 	C:\Program Files\Csound6_x64\plugins64\hdf5ops.dll
0x0000000066c80000 - 0x0000000066d50000 	C:\Program Files\Csound6_x64\plugins64\image.dll
0x0000000067300000 - 0x0000000067362000 	C:\Program Files\Csound6_x64\plugins64\ipmidi.dll
0x000000001af70000 - 0x000000001b313000 	C:\Program Files\Csound6_x64\plugins64\linear_algebra.dll
0x000000001a300000 - 0x000000001a360000 	C:\Program Files\Csound6_x64\plugins64\liveconv.dll
0x000000001b320000 - 0x000000001b4c9000 	C:\Program Files\Csound6_x64\plugins64\LuaCsound.dll
0x0000000066d80000 - 0x0000000066dec000 	C:\Program Files\Csound6_x64\bin\lua51.dll
0x0000000064500000 - 0x00000000646c5000 	C:\Program Files\Csound6_x64\plugins64\mixer.dll
0x0000000067a80000 - 0x0000000067b0f000 	C:\Program Files\Csound6_x64\plugins64\osc.dll
0x000000001b4d0000 - 0x000000001b645000 	C:\Program Files\Csound6_x64\plugins64\padsynth.dll
0x000000006f600000 - 0x000000006f66e000 	C:\Program Files\Csound6_x64\plugins64\platerev.dll
0x000000006a640000 - 0x000000006a68e000 	C:\Program Files\Csound6_x64\plugins64\pmidi.dll
0x000000001b650000 - 0x000000001b7e7000 	C:\Program Files\Csound6_x64\plugins64\pvsops.dll
0x000000001b7f0000 - 0x000000001b854000 	C:\Program Files\Csound6_x64\plugins64\quadbezier.dll
0x0000000066e40000 - 0x0000000066ebc000 	C:\Program Files\Csound6_x64\plugins64\rtpa.dll
0x0000000062c40000 - 0x0000000062caa000 	C:\Program Files\Csound6_x64\plugins64\rtwinmm.dll
0x0000000067440000 - 0x00000000674b6000 	C:\Program Files\Csound6_x64\plugins64\scansyn.dll
0x0000000068f80000 - 0x0000000068fe7000 	C:\Program Files\Csound6_x64\plugins64\scugens.dll
0x0000000061ec0000 - 0x0000000061f1e000 	C:\Program Files\Csound6_x64\plugins64\select.dll
0x0000000066ac0000 - 0x0000000066b24000 	C:\Program Files\Csound6_x64\plugins64\serial.dll
0x0000000061780000 - 0x0000000061ae3000 	C:\Program Files\Csound6_x64\plugins64\signalflowgraph.dll
0x000000001b860000 - 0x000000001b8c2000 	C:\Program Files\Csound6_x64\plugins64\stackops.dll
0x000000006f440000 - 0x000000006f5a0000 	C:\Program Files\Csound6_x64\plugins64\stdutil.dll
0x000000001b8d0000 - 0x000000001bb2c000 	C:\Program Files\Csound6_x64\plugins64\stkops.dll
0x000000001bb30000 - 0x000000001bb8e000 	C:\Program Files\Csound6_x64\plugins64\system_call.dll
0x000000006e740000 - 0x000000006e9d8000 	C:\Program Files\Csound6_x64\plugins64\virtual.dll
0x000000001bb90000 - 0x000000001bee4000 	C:\Program Files\Csound6_x64\plugins64\widgets.dll
0x00007ff841da0000 - 0x00007ff841e16000 	C:\WINDOWS\SYSTEM32\MMDevAPI.DLL
0x00007ff848310000 - 0x00007ff848337000 	C:\WINDOWS\SYSTEM32\DEVOBJ.dll
0x00007ff847300000 - 0x00007ff8474b4000 	C:\WINDOWS\SYSTEM32\PROPSYS.dll
0x00007ff834d20000 - 0x00007ff834d64000 	C:\WINDOWS\SYSTEM32\wdmaud.drv
0x00007ff83c9b0000 - 0x00007ff83c9b9000 	C:\WINDOWS\SYSTEM32\ksuser.dll
0x00007ff8377e0000 - 0x00007ff8377ea000 	C:\WINDOWS\SYSTEM32\AVRT.dll
0x00007ff828d90000 - 0x00007ff828ebc000 	C:\WINDOWS\SYSTEM32\AUDIOSES.DLL
0x00007ff845750000 - 0x00007ff84589d000 	C:\WINDOWS\SYSTEM32\wintypes.dll
0x00007ff843f90000 - 0x00007ff843f9d000 	C:\WINDOWS\SYSTEM32\msacm32.drv
0x00007ff842700000 - 0x00007ff84271c000 	C:\WINDOWS\SYSTEM32\MSACM32.dll
0x00007ff843750000 - 0x00007ff84375a000 	C:\WINDOWS\SYSTEM32\midimap.dll
0x00007ff84a940000 - 0x00007ff84a9e0000 	C:\WINDOWS\System32\clbcatq.dll
0x00007ff846550000 - 0x00007ff846719000 	C:\WINDOWS\SYSTEM32\dbghelp.dll

VM Arguments:
jvm_args: -Dfile.encoding=Cp1252 
java_command: main.UI
java_class_path (initial): C:\Program Files\Java\jre1.8.0_131\lib\resources.jar;C:\Program Files\Java\jre1.8.0_131\lib\rt.jar;C:\Program Files\Java\jre1.8.0_131\lib\jsse.jar;C:\Program Files\Java\jre1.8.0_131\lib\jce.jar;C:\Program Files\Java\jre1.8.0_131\lib\charsets.jar;C:\Program Files\Java\jre1.8.0_131\lib\jfr.jar;C:\Program Files\Java\jre1.8.0_131\lib\ext\access-bridge-64.jar;C:\Program Files\Java\jre1.8.0_131\lib\ext\cldrdata.jar;C:\Program Files\Java\jre1.8.0_131\lib\ext\dnsns.jar;C:\Program Files\Java\jre1.8.0_131\lib\ext\jaccess.jar;C:\Program Files\Java\jre1.8.0_131\lib\ext\jfxrt.jar;C:\Program Files\Java\jre1.8.0_131\lib\ext\localedata.jar;C:\Program Files\Java\jre1.8.0_131\lib\ext\nashorn.jar;C:\Program Files\Java\jre1.8.0_131\lib\ext\sunec.jar;C:\Program Files\Java\jre1.8.0_131\lib\ext\sunjce_provider.jar;C:\Program Files\Java\jre1.8.0_131\lib\ext\sunmscapi.jar;C:\Program Files\Java\jre1.8.0_131\lib\ext\sunpkcs11.jar;C:\Program Files\Java\jre1.8.0_131\lib\ext\zipfs.jar;C:\Users\Griffin\Documents\GitHub\composition-tools\Rhythms\bin;C:\Users\Griffin\Documents\GitHub\evolution-manager\EvolutionManager\bin;C:\Program Files\processing-3.4\core\library\core.jar;C:\Users\Griffin\Documents\GitHub\composition-tools\CsoundHelper\bin;C:\Program Files\Csound6_x64\bin\csnd6.jar
Launcher Type: SUN_STANDARD

Environment Variables:
CLASSPATH=C:\users\griffin\documents\ncsu\research
PATH=C:/Program Files/Java/jre1.8.0_131/bin/server;C:/Program Files/Java/jre1.8.0_131/bin;C:/Program Files/Java/jre1.8.0_131/lib/amd64;C:\Program Files (x86)\Common Files\Intel\Shared Libraries\redist\intel64\compiler;C:\Program Files\NVIDIA GPU Computing Toolkit\CUDA\v9.0\bin;C:\Program Files\NVIDIA GPU Computing Toolkit\CUDA\v9.0\libnvvp;C:\Program Files\NVIDIA GPU Computing Toolkit\CUDA\v9.2\bin;C:\Program Files\NVIDIA GPU Computing Toolkit\CUDA\v9.2\libnvvp;C:\ProgramData\Oracle\Java\javapath;C:\Program Files (x86)\Java\jre1.8.0_111\bin;C:\Program Files\MATLAB\R2016b\bin;C:\Program Files\Csound6_x64\bin;C:\WINDOWS\system32;C:\WINDOWS;C:\WINDOWS\System32\Wbem;C:\WINDOWS\System32\WindowsPowerShell\v1.0\;C:\Windows\System32;;C:\Program Files (x86)\NVIDIA Corporation\PhysX\Common;C:\WINDOWS\system32;C:\WINDOWS;C:\WINDOWS\System32\Wbem;C:\WINDOWS\System32\WindowsPowerShell\v1.0\;C:\WINDOWS\System32\OpenSSH\;C:\Users\Griffin\AppData\Local\Microsoft\WindowsApps;C:\Users\Griffin\AppData\Local\GitHubDesktop\bin;%USERPROFILE%\AppData\Local\Microsoft\WindowsApps;;C:\WINDOWS\System32;
USERNAME=Griffin
OS=Windows_NT
PROCESSOR_IDENTIFIER=Intel64 Family 6 Model 60 Stepping 3, GenuineIntel



---------------  S Y S T E M  ---------------

OS: Windows 10.0 , 64 bit Build 17134 (10.0.17134.1)

CPU:total 4 (initial active 4) (4 cores per cpu, 1 threads per core) family 6 model 60 stepping 3, cmov, cx8, fxsr, mmx, sse, sse2, sse3, ssse3, sse4.1, sse4.2, popcnt, avx, avx2, aes, clmul, erms, lzcnt, tsc, tscinvbit, bmi1, bmi2

Memory: 4k page, physical 8336232k(4248148k free), swap 20559388k(13137048k free)

vm_info: Java HotSpot(TM) 64-Bit Server VM (25.131-b11) for windows-amd64 JRE (1.8.0_131-b11), built on Mar 15 2017 01:23:53 by "java_re" with MS VC++ 10.0 (VS2010)

time: Fri Aug 17 00:28:36 2018
elapsed time: 202 seconds (0d 0h 3m 22s)

