#
# A fatal error has been detected by the Java Runtime Environment:
#
#  EXCEPTION_ACCESS_VIOLATION (0xc0000005) at pc=0x000000006c6a3278, pid=9500, tid=0x0000000000002b4c
#
# JRE version: Java(TM) SE Runtime Environment (8.0_131-b11) (build 1.8.0_131-b11)
# Java VM: Java HotSpot(TM) 64-Bit Server VM (25.131-b11 mixed mode windows-amd64 compressed oops)
# Problematic frame:
# C  [csound64.dll+0x1a3278]
#
# Failed to write core dump. Minidumps are not enabled by default on client versions of Windows
#
# If you would like to submit a bug report, please visit:
#   http://bugreport.java.com/bugreport/crash.jsp
# The crash happened outside the Java Virtual Machine in native code.
# See problematic frame for where to report the bug.
#

---------------  T H R E A D  ---------------

Current thread (0x0000000002722800):  JavaThread "main" [_thread_in_native, id=11084, stack(0x00000000025e0000,0x00000000026e0000)]

siginfo: ExceptionCode=0xc0000005, reading address 0x0000000000000000

Registers:
RAX=0x0000000000000000, RBX=0x000000002115d010, RCX=0x0000000000000000, RDX=0x000000000000004f
RSP=0x00000000026df160, RBP=0x000000000000004f, RSI=0x0000000000000000, RDI=0x0000000000000000
R8 =0x0000000000000025, R9 =0x0000000000000265, R10=0x0000000021095900, R11=0x0000000000000000
R12=0x0000000000000000, R13=0x0000000016e78538, R14=0x00000000026df560, R15=0x0000000002722800
RIP=0x000000006c6a3278, EFLAGS=0x0000000000010206

Top of Stack: (sp=0x00000000026df160)
0x00000000026df160:   0000000020f99ce0 000000002115d010
0x00000000026df170:   0000000000000000 000000002115d010
0x00000000026df180:   0000000020f99ce0 000000002115d010
0x00000000026df190:   0000000000000000 0000000000000000
0x00000000026df1a0:   000000000000004f 000000001a601ebf
0x00000000026df1b0:   0000000067a95140 000000002115d010
0x00000000026df1c0:   0000000067a95140 000000002115d010
0x00000000026df1d0:   0000000067a963ca 0000000000000000
0x00000000026df1e0:   000000001a69b31a 0000000100000040
0x00000000026df1f0:   000000001a69b05a 000000001a69b324
0x00000000026df200:   000000001a698200 000000002115d010
0x00000000026df210:   0000000000000000 00000000026df548
0x00000000026df220:   0000000000000000 000000001a6020e3
0x00000000026df230:   0000000000000000 000000006c50285a
0x00000000026df240:   000000002115d010 000000006c5133f8
0x00000000026df250:   0000000000000001 000000001a69b05a 

Instructions: (pc=0x000000006c6a3278)
0x000000006c6a3258:   0f 1f 84 00 00 00 00 00 b8 02 00 00 00 eb bc 66
0x000000006c6a3268:   0f 1f 84 00 00 00 00 00 55 57 56 53 48 83 ec 28
0x000000006c6a3278:   48 8b 19 48 8d 43 03 48 83 f8 03 76 1f be 01 00
0x000000006c6a3288:   00 00 89 f7 87 3b 85 ff 75 4e 8b 53 04 85 d2 75 


Register to memory mapping:

RAX=0x0000000000000000 is an unknown value
RBX=0x000000002115d010 is an unknown value
RCX=0x0000000000000000 is an unknown value
RDX=0x000000000000004f is an unknown value
RSP=0x00000000026df160 is pointing into the stack for thread: 0x0000000002722800
RBP=0x000000000000004f is an unknown value
RSI=0x0000000000000000 is an unknown value
RDI=0x0000000000000000 is an unknown value
R8 =0x0000000000000025 is an unknown value
R9 =0x0000000000000265 is an unknown value
R10=0x0000000021095900 is an unknown value
R11=0x0000000000000000 is an unknown value
R12=0x0000000000000000 is an unknown value
R13={method} {0x0000000016e78540} 'new_Csound__SWIG_0' '()J' in 'csnd6/csnd6JNI'
R14=0x00000000026df560 is pointing into the stack for thread: 0x0000000002722800
R15=0x0000000002722800 is a thread


Stack: [0x00000000025e0000,0x00000000026e0000],  sp=0x00000000026df160,  free space=1020k
Native frames: (J=compiled Java code, j=interpreted, Vv=VM code, C=native code)
C  [csound64.dll+0x1a3278]
C  [LuaCsound.dll+0x1ebf]
C  [LuaCsound.dll+0x20e3]
C  [csound64.dll+0xfc95f]
C  [csound64.dll+0xfd4db]
C  [csound64.dll+0x53c9]
C  [csound64.dll+0x5c51]
C  [_jcsound6.dll+0xd134]
C  0x0000000002837f74

Java frames: (J=compiled Java code, j=interpreted, Vv=VM code)
j  csnd6.csnd6JNI.new_Csound__SWIG_0()J+0
J 257 C1 sound.Performer.play(Ljava/lang/String;Ljava/lang/String;Ljava/lang/String;)V (74 bytes) @ 0x00000000029c2ba4 [0x00000000029c2a40+0x164]
j  sound.Performer.play(Lsound/Performable;Ljava/lang/String;)V+19
j  sound.Performer.play(Lsound/Performable;)V+3
j  main.UI.main([Ljava/lang/String;)V+261
v  ~StubRoutines::call_stub

---------------  P R O C E S S  ---------------

Java Threads: ( => current thread )
  0x0000000018d64000 JavaThread "Service Thread" daemon [_thread_blocked, id=13964, stack(0x0000000019130000,0x0000000019230000)]
  0x00000000173df800 JavaThread "C1 CompilerThread2" daemon [_thread_blocked, id=7356, stack(0x0000000018c30000,0x0000000018d30000)]
  0x00000000173d8000 JavaThread "C2 CompilerThread1" daemon [_thread_blocked, id=660, stack(0x0000000018b30000,0x0000000018c30000)]
  0x00000000173d3000 JavaThread "C2 CompilerThread0" daemon [_thread_blocked, id=7996, stack(0x0000000018a30000,0x0000000018b30000)]
  0x00000000173d0000 JavaThread "Attach Listener" daemon [_thread_blocked, id=7652, stack(0x0000000018930000,0x0000000018a30000)]
  0x00000000173cf000 JavaThread "Signal Dispatcher" daemon [_thread_blocked, id=6244, stack(0x0000000018830000,0x0000000018930000)]
  0x00000000173ba000 JavaThread "Finalizer" daemon [_thread_blocked, id=8260, stack(0x0000000018640000,0x0000000018740000)]
  0x0000000002813000 JavaThread "Reference Handler" daemon [_thread_blocked, id=4508, stack(0x0000000018540000,0x0000000018640000)]
=>0x0000000002722800 JavaThread "main" [_thread_in_native, id=11084, stack(0x00000000025e0000,0x00000000026e0000)]

Other Threads:
  0x0000000017397800 VMThread [stack: 0x0000000018440000,0x0000000018540000] [id=5988]
  0x0000000018d7e800 WatcherThread [stack: 0x0000000019230000,0x0000000019330000] [id=4372]

VM state:not at safepoint (normal execution)

VM Mutex/Monitor currently owned by a thread: None

Heap:
 PSYoungGen      total 38400K, used 3831K [0x00000000d5980000, 0x00000000d8400000, 0x0000000100000000)
  eden space 33280K, 8% used [0x00000000d5980000,0x00000000d5c42358,0x00000000d7a00000)
  from space 5120K, 19% used [0x00000000d7a00000,0x00000000d7afb948,0x00000000d7f00000)
  to   space 5120K, 0% used [0x00000000d7f00000,0x00000000d7f00000,0x00000000d8400000)
 ParOldGen       total 87552K, used 8K [0x0000000080c00000, 0x0000000086180000, 0x00000000d5980000)
  object space 87552K, 0% used [0x0000000080c00000,0x0000000080c02000,0x0000000086180000)
 Metaspace       used 4232K, capacity 4992K, committed 5120K, reserved 1056768K
  class space    used 469K, capacity 496K, committed 512K, reserved 1048576K

Card table byte_map: [0x0000000011be0000,0x0000000011fe0000] byte_map_base: 0x00000000117da000

Marking Bits: (ParMarkBitMap*) 0x0000000062adc720
 Begin Bits: [0x0000000012690000, 0x0000000014660000)
 End Bits:   [0x0000000014660000, 0x0000000016630000)

Polling page: 0x0000000000bb0000

CodeCache: size=245760Kb used=1731Kb max_used=1743Kb free=244028Kb
 bounds [0x0000000002820000, 0x0000000002a90000, 0x0000000011820000]
 total_blobs=617 nmethods=278 adapters=252
 compilation: enabled

Compilation events (10 events):
Event: 123.203 Thread 0x00000000173d3000  274       4       sun.misc.FloatingDecimal::getBinaryToASCIIConverter (163 bytes)
Event: 123.203 Thread 0x00000000173d8000  275       4       java.lang.ThreadLocal::get (38 bytes)
Event: 123.204 Thread 0x00000000173d8000 nmethod 275 0x00000000029c7910 code [0x00000000029c7a60, 0x00000000029c7b78]
Event: 123.204 Thread 0x00000000173d8000  276       4       sun.misc.FloatingDecimal$BinaryToASCIIBuffer::getChars (502 bytes)
Event: 123.206 Thread 0x00000000173d3000 nmethod 274 0x00000000029c8a10 code [0x00000000029c8b80, 0x00000000029c8d88]
Event: 123.206 Thread 0x00000000173d3000  277       4       java.lang.Float::toString (8 bytes)
Event: 123.211 Thread 0x00000000173d3000 nmethod 277 0x00000000029d2fd0 code [0x00000000029d3160, 0x00000000029d36f8]
Event: 123.211 Thread 0x00000000173d3000  278       4       sun.misc.FloatingDecimal$BinaryToASCIIBuffer::toJavaFormatString (23 bytes)
Event: 123.213 Thread 0x00000000173d8000 nmethod 276 0x00000000029cce90 code [0x00000000029cd000, 0x00000000029cd9d8]
Event: 123.214 Thread 0x00000000173d3000 nmethod 278 0x00000000029d5c10 code [0x00000000029d5d80, 0x00000000029d6108]

GC Heap History (2 events):
Event: 123.204 GC heap before
{Heap before GC invocations=1 (full 0):
 PSYoungGen      total 38400K, used 33280K [0x00000000d5980000, 0x00000000d8400000, 0x0000000100000000)
  eden space 33280K, 100% used [0x00000000d5980000,0x00000000d7a00000,0x00000000d7a00000)
  from space 5120K, 0% used [0x00000000d7f00000,0x00000000d7f00000,0x00000000d8400000)
  to   space 5120K, 0% used [0x00000000d7a00000,0x00000000d7a00000,0x00000000d7f00000)
 ParOldGen       total 87552K, used 0K [0x0000000080c00000, 0x0000000086180000, 0x00000000d5980000)
  object space 87552K, 0% used [0x0000000080c00000,0x0000000080c00000,0x0000000086180000)
 Metaspace       used 4231K, capacity 4992K, committed 5120K, reserved 1056768K
  class space    used 469K, capacity 496K, committed 512K, reserved 1048576K
Event: 123.206 GC heap after
Heap after GC invocations=1 (full 0):
 PSYoungGen      total 38400K, used 1006K [0x00000000d5980000, 0x00000000d8400000, 0x0000000100000000)
  eden space 33280K, 0% used [0x00000000d5980000,0x00000000d5980000,0x00000000d7a00000)
  from space 5120K, 19% used [0x00000000d7a00000,0x00000000d7afb948,0x00000000d7f00000)
  to   space 5120K, 0% used [0x00000000d7f00000,0x00000000d7f00000,0x00000000d8400000)
 ParOldGen       total 87552K, used 8K [0x0000000080c00000, 0x0000000086180000, 0x00000000d5980000)
  object space 87552K, 0% used [0x0000000080c00000,0x0000000080c02000,0x0000000086180000)
 Metaspace       used 4231K, capacity 4992K, committed 5120K, reserved 1056768K
  class space    used 469K, capacity 496K, committed 512K, reserved 1048576K
}

Deoptimization events (0 events):
No events

Internal exceptions (6 events):
Event: 0.026 Thread 0x0000000002722800 Exception <a 'java/lang/NoSuchMethodError': Method sun.misc.Unsafe.defineClass(Ljava/lang/String;[BII)Ljava/lang/Class; name or signature does not match> (0x00000000d5987ca8) thrown at [C:\re\workspace\8-2-build-windows-amd64-cygwin\jdk8u131\8869\hotspot\
Event: 0.026 Thread 0x0000000002722800 Exception <a 'java/lang/NoSuchMethodError': Method sun.misc.Unsafe.prefetchRead(Ljava/lang/Object;J)V name or signature does not match> (0x00000000d5987f90) thrown at [C:\re\workspace\8-2-build-windows-amd64-cygwin\jdk8u131\8869\hotspot\src\share\vm\prims
Event: 0.077 Thread 0x0000000002722800 Exception <a 'java/security/PrivilegedActionException'> (0x00000000d5ad5cd0) thrown at [C:\re\workspace\8-2-build-windows-amd64-cygwin\jdk8u131\8869\hotspot\src\share\vm\prims\jvm.cpp, line 1390]
Event: 0.077 Thread 0x0000000002722800 Exception <a 'java/security/PrivilegedActionException'> (0x00000000d5ad60c8) thrown at [C:\re\workspace\8-2-build-windows-amd64-cygwin\jdk8u131\8869\hotspot\src\share\vm\prims\jvm.cpp, line 1390]
Event: 0.077 Thread 0x0000000002722800 Exception <a 'java/security/PrivilegedActionException'> (0x00000000d5ad9f20) thrown at [C:\re\workspace\8-2-build-windows-amd64-cygwin\jdk8u131\8869\hotspot\src\share\vm\prims\jvm.cpp, line 1390]
Event: 0.077 Thread 0x0000000002722800 Exception <a 'java/security/PrivilegedActionException'> (0x00000000d5ada318) thrown at [C:\re\workspace\8-2-build-windows-amd64-cygwin\jdk8u131\8869\hotspot\src\share\vm\prims\jvm.cpp, line 1390]

Events (10 events):
Event: 123.226 Executing VM operation: RevokeBias
Event: 123.226 Executing VM operation: RevokeBias done
Event: 123.226 Executing VM operation: RevokeBias
Event: 123.226 Executing VM operation: RevokeBias done
Event: 123.226 Executing VM operation: RevokeBias
Event: 123.226 Executing VM operation: RevokeBias done
Event: 123.226 Executing VM operation: RevokeBias
Event: 123.226 Executing VM operation: RevokeBias done
Event: 123.226 Executing VM operation: BulkRevokeBias
Event: 123.226 Executing VM operation: BulkRevokeBias done


Dynamic libraries:
0x00007ff6b5310000 - 0x00007ff6b5347000 	C:\Program Files\Java\jre1.8.0_131\bin\javaw.exe
0x00007ff84c250000 - 0x00007ff84c431000 	C:\WINDOWS\SYSTEM32\ntdll.dll
0x00007ff84a370000 - 0x00007ff84a422000 	C:\WINDOWS\System32\KERNEL32.DLL
0x00007ff849250000 - 0x00007ff8494c3000 	C:\WINDOWS\System32\KERNELBASE.dll
0x0000000061fa0000 - 0x00000000622bb000 	C:\Program Files (x86)\Norton Security with Backup\NortonData\22.5.4.24\Definitions\IPSDefs\20180816.063\IPSEng64.dll
0x00007ff84a890000 - 0x00007ff84a931000 	C:\WINDOWS\System32\ADVAPI32.dll
0x00007ff84a240000 - 0x00007ff84a2de000 	C:\WINDOWS\System32\msvcrt.dll
0x00007ff84c1c0000 - 0x00007ff84c21b000 	C:\WINDOWS\System32\sechost.dll
0x00007ff84bee0000 - 0x00007ff84c004000 	C:\WINDOWS\System32\RPCRT4.dll
0x00007ff84aa90000 - 0x00007ff84aa98000 	C:\WINDOWS\System32\PSAPI.DLL
0x00007ff849740000 - 0x00007ff8498d0000 	C:\WINDOWS\System32\USER32.dll
0x00007ff8494d0000 - 0x00007ff8494f0000 	C:\WINDOWS\System32\win32u.dll
0x00007ff8498d0000 - 0x00007ff8498f8000 	C:\WINDOWS\System32\GDI32.dll
0x00007ff849000000 - 0x00007ff849192000 	C:\WINDOWS\System32\gdi32full.dll
0x00007ff8487f0000 - 0x00007ff84888f000 	C:\WINDOWS\System32\msvcp_win.dll
0x00007ff8486a0000 - 0x00007ff84879a000 	C:\WINDOWS\System32\ucrtbase.dll
0x00007ff836dd0000 - 0x00007ff837039000 	C:\WINDOWS\WinSxS\amd64_microsoft.windows.common-controls_6595b64144ccf1df_6.0.17134.228_none_fb4599993062b194\COMCTL32.dll
0x00007ff849eb0000 - 0x00007ff84a1d3000 	C:\WINDOWS\System32\combase.dll
0x00007ff848620000 - 0x00007ff84869a000 	C:\WINDOWS\System32\bcryptPrimitives.dll
0x00007ff84a5d0000 - 0x00007ff84a5fd000 	C:\WINDOWS\System32\IMM32.DLL
0x00000000635c0000 - 0x0000000063692000 	C:\Program Files\Java\jre1.8.0_131\bin\msvcr100.dll
0x00000000622c0000 - 0x0000000062b5c000 	C:\Program Files\Java\jre1.8.0_131\bin\server\jvm.dll
0x00007ff83a130000 - 0x00007ff83a139000 	C:\WINDOWS\SYSTEM32\WSOCK32.dll
0x00007ff84c150000 - 0x00007ff84c1bc000 	C:\WINDOWS\System32\WS2_32.dll
0x00007ff83c500000 - 0x00007ff83c523000 	C:\WINDOWS\SYSTEM32\WINMM.dll
0x00007ff841090000 - 0x00007ff84109a000 	C:\WINDOWS\SYSTEM32\VERSION.dll
0x00007ff83bed0000 - 0x00007ff83befa000 	C:\WINDOWS\SYSTEM32\WINMMBASE.dll
0x00007ff8487a0000 - 0x00007ff8487e9000 	C:\WINDOWS\System32\cfgmgr32.dll
0x0000000066270000 - 0x000000006627f000 	C:\Program Files\Java\jre1.8.0_131\bin\verify.dll
0x0000000066240000 - 0x0000000066269000 	C:\Program Files\Java\jre1.8.0_131\bin\java.dll
0x0000000066220000 - 0x0000000066236000 	C:\Program Files\Java\jre1.8.0_131\bin\zip.dll
0x00007ff84aaa0000 - 0x00007ff84bee0000 	C:\WINDOWS\System32\SHELL32.dll
0x00007ff84a9e0000 - 0x00007ff84aa89000 	C:\WINDOWS\System32\shcore.dll
0x00007ff8488f0000 - 0x00007ff848ffd000 	C:\WINDOWS\System32\windows.storage.dll
0x00007ff84a1e0000 - 0x00007ff84a231000 	C:\WINDOWS\System32\shlwapi.dll
0x00007ff848600000 - 0x00007ff848611000 	C:\WINDOWS\System32\kernel.appcore.dll
0x00007ff8485c0000 - 0x00007ff8485df000 	C:\WINDOWS\System32\profapi.dll
0x00007ff848570000 - 0x00007ff8485bc000 	C:\WINDOWS\System32\powrprof.dll
0x00007ff848560000 - 0x00007ff84856a000 	C:\WINDOWS\System32\FLTLIB.DLL
0x0000000066380000 - 0x0000000066689000 	C:\Program Files\Csound6_x64\bin\_jcsound6.dll
0x000000006fe00000 - 0x0000000070112000 	C:\Program Files\Csound6_x64\bin\csnd6.dll
0x000000006c500000 - 0x000000006d80f000 	C:\Program Files\Csound6_x64\bin\csound64.dll
0x0000000070440000 - 0x00000000705c0000 	C:\Program Files\Csound6_x64\bin\libsndfile-1.dll
0x00007ff83ff90000 - 0x00007ff83ffd6000 	C:\Program Files\Csound6_x64\plugins64\ableton_link_opcodes.dll
0x00007ff843d60000 - 0x00007ff843e0a000 	C:\WINDOWS\SYSTEM32\MSVCP140.dll
0x00007ff847b00000 - 0x00007ff847b38000 	C:\WINDOWS\SYSTEM32\IPHLPAPI.DLL
0x00007ff845f00000 - 0x00007ff845f16000 	C:\WINDOWS\SYSTEM32\VCRUNTIME140.dll
0x0000000064c40000 - 0x0000000064ca9000 	C:\Program Files\Csound6_x64\plugins64\ampmidid.dll
0x0000000067700000 - 0x0000000067901000 	C:\Program Files\Csound6_x64\plugins64\arrayops.dll
0x0000000067d40000 - 0x0000000067dab000 	C:\Program Files\Csound6_x64\plugins64\buchla.dll
0x0000000069380000 - 0x00000000693de000 	C:\Program Files\Csound6_x64\plugins64\cellular.dll
0x0000000065c40000 - 0x0000000065df1000 	C:\Program Files\Csound6_x64\plugins64\chua.dll
0x00000000679c0000 - 0x0000000067a1e000 	C:\Program Files\Csound6_x64\plugins64\cs_date.dll
0x0000000019330000 - 0x00000000194a0000 	C:\Program Files\Csound6_x64\plugins64\doppler.dll
0x000000006b500000 - 0x000000006b56b000 	C:\Program Files\Csound6_x64\plugins64\emugens.dll
0x0000000068740000 - 0x00000000687a9000 	C:\Program Files\Csound6_x64\plugins64\exciter.dll
0x00000000194a0000 - 0x00000000194fe000 	C:\Program Files\Csound6_x64\plugins64\fareygen.dll
0x0000000063fc0000 - 0x0000000064121000 	C:\Program Files\Csound6_x64\plugins64\fluidOpcodes.dll
0x00000000685c0000 - 0x00000000686d9000 	C:\Program Files\Csound6_x64\bin\libglib-2.0-0.dll
0x00007ff849900000 - 0x00007ff849a51000 	C:\WINDOWS\System32\ole32.dll
0x00000000632c0000 - 0x00000000632df000 	C:\Program Files\Csound6_x64\bin\libportaudio-2.dll
0x00007ff833870000 - 0x00007ff8338ff000 	C:\WINDOWS\SYSTEM32\DSOUND.dll
0x000000006fc40000 - 0x000000006fda1000 	C:\Program Files\Csound6_x64\bin\libstdc++-6.dll
0x0000000064940000 - 0x0000000064955000 	C:\Program Files\Csound6_x64\bin\libwinpthread-1.dll
0x0000000061cc0000 - 0x0000000061ce8000 	C:\Program Files\Csound6_x64\bin\libintl-8.dll
0x0000000069140000 - 0x000000006918c000 	C:\Program Files\Csound6_x64\bin\libpcre-1.dll
0x0000000061440000 - 0x000000006145c000 	C:\Program Files\Csound6_x64\bin\libgcc_s_seh-1.dll
0x0000000066000000 - 0x000000006610b000 	C:\Program Files\Csound6_x64\bin\libiconv-2.dll
0x00007ff8467c0000 - 0x00007ff846858000 	C:\WINDOWS\system32\uxtheme.dll
0x00007ff84a430000 - 0x00007ff84a5a5000 	C:\WINDOWS\System32\MSCTF.dll
0x00007ff84c080000 - 0x00007ff84c142000 	C:\WINDOWS\System32\OLEAUT32.dll
0x00007ff834460000 - 0x00007ff8344bf000 	c:\program files\nvidia corporation\nvstreamsrv\nvinject.dll
0x00007ff846a20000 - 0x00007ff846a49000 	C:\WINDOWS\system32\dwmapi.dll
0x0000000019500000 - 0x0000000019585000 	C:\Program Files\Csound6_x64\plugins64\fractalnoise.dll
0x0000000019590000 - 0x00000000195fa000 	C:\Program Files\Csound6_x64\plugins64\framebuffer.dll
0x000000001a020000 - 0x000000001a1e9000 	C:\Program Files\Csound6_x64\plugins64\ftsamplebank.dll
0x0000000069840000 - 0x000000006989e000 	C:\Program Files\Csound6_x64\plugins64\getftargs.dll
0x0000000068ac0000 - 0x0000000068e2b000 	C:\Program Files\Csound6_x64\plugins64\hdf5ops.dll
0x0000000066c80000 - 0x0000000066d50000 	C:\Program Files\Csound6_x64\plugins64\image.dll
0x0000000067300000 - 0x0000000067362000 	C:\Program Files\Csound6_x64\plugins64\ipmidi.dll
0x000000001a1f0000 - 0x000000001a593000 	C:\Program Files\Csound6_x64\plugins64\linear_algebra.dll
0x000000001a5a0000 - 0x000000001a600000 	C:\Program Files\Csound6_x64\plugins64\liveconv.dll
0x000000001a600000 - 0x000000001a7a9000 	C:\Program Files\Csound6_x64\plugins64\LuaCsound.dll
0x0000000066d80000 - 0x0000000066dec000 	C:\Program Files\Csound6_x64\bin\lua51.dll
0x0000000064500000 - 0x00000000646c5000 	C:\Program Files\Csound6_x64\plugins64\mixer.dll
0x0000000067a80000 - 0x0000000067b0f000 	C:\Program Files\Csound6_x64\plugins64\osc.dll
0x000000001a7b0000 - 0x000000001a925000 	C:\Program Files\Csound6_x64\plugins64\padsynth.dll
0x000000006f600000 - 0x000000006f66e000 	C:\Program Files\Csound6_x64\plugins64\platerev.dll
0x000000006a640000 - 0x000000006a68e000 	C:\Program Files\Csound6_x64\plugins64\pmidi.dll
0x000000001a930000 - 0x000000001aac7000 	C:\Program Files\Csound6_x64\plugins64\pvsops.dll
0x000000001aad0000 - 0x000000001ab34000 	C:\Program Files\Csound6_x64\plugins64\quadbezier.dll
0x0000000066e40000 - 0x0000000066ebc000 	C:\Program Files\Csound6_x64\plugins64\rtpa.dll
0x0000000062c40000 - 0x0000000062caa000 	C:\Program Files\Csound6_x64\plugins64\rtwinmm.dll
0x0000000067440000 - 0x00000000674b6000 	C:\Program Files\Csound6_x64\plugins64\scansyn.dll
0x0000000068f80000 - 0x0000000068fe7000 	C:\Program Files\Csound6_x64\plugins64\scugens.dll
0x0000000061ec0000 - 0x0000000061f1e000 	C:\Program Files\Csound6_x64\plugins64\select.dll
0x0000000066ac0000 - 0x0000000066b24000 	C:\Program Files\Csound6_x64\plugins64\serial.dll
0x0000000061780000 - 0x0000000061ae3000 	C:\Program Files\Csound6_x64\plugins64\signalflowgraph.dll
0x000000001ab40000 - 0x000000001aba2000 	C:\Program Files\Csound6_x64\plugins64\stackops.dll
0x000000006f440000 - 0x000000006f5a0000 	C:\Program Files\Csound6_x64\plugins64\stdutil.dll
0x000000001abb0000 - 0x000000001ae0c000 	C:\Program Files\Csound6_x64\plugins64\stkops.dll
0x000000001ae10000 - 0x000000001ae6e000 	C:\Program Files\Csound6_x64\plugins64\system_call.dll
0x000000006e740000 - 0x000000006e9d8000 	C:\Program Files\Csound6_x64\plugins64\virtual.dll
0x000000001ae70000 - 0x000000001b1c4000 	C:\Program Files\Csound6_x64\plugins64\widgets.dll
0x00007ff841da0000 - 0x00007ff841e16000 	C:\WINDOWS\SYSTEM32\MMDevAPI.DLL
0x00007ff848310000 - 0x00007ff848337000 	C:\WINDOWS\SYSTEM32\DEVOBJ.dll
0x00007ff847300000 - 0x00007ff8474b4000 	C:\WINDOWS\SYSTEM32\PROPSYS.dll
0x00007ff834d20000 - 0x00007ff834d64000 	C:\WINDOWS\SYSTEM32\wdmaud.drv
0x00007ff83c9b0000 - 0x00007ff83c9b9000 	C:\WINDOWS\SYSTEM32\ksuser.dll
0x00007ff8377e0000 - 0x00007ff8377ea000 	C:\WINDOWS\SYSTEM32\AVRT.dll
0x00007ff828d90000 - 0x00007ff828ebc000 	C:\WINDOWS\SYSTEM32\AUDIOSES.DLL
0x00007ff845750000 - 0x00007ff84589d000 	C:\WINDOWS\SYSTEM32\wintypes.dll
0x00007ff843f90000 - 0x00007ff843f9d000 	C:\WINDOWS\SYSTEM32\msacm32.drv
0x00007ff842700000 - 0x00007ff84271c000 	C:\WINDOWS\SYSTEM32\MSACM32.dll
0x00007ff843750000 - 0x00007ff84375a000 	C:\WINDOWS\SYSTEM32\midimap.dll
0x00007ff84a940000 - 0x00007ff84a9e0000 	C:\WINDOWS\System32\clbcatq.dll
0x00007ff846550000 - 0x00007ff846719000 	C:\WINDOWS\SYSTEM32\dbghelp.dll

VM Arguments:
jvm_args: -Dfile.encoding=Cp1252 
java_command: main.UI
java_class_path (initial): C:\Program Files\Java\jre1.8.0_131\lib\resources.jar;C:\Program Files\Java\jre1.8.0_131\lib\rt.jar;C:\Program Files\Java\jre1.8.0_131\lib\jsse.jar;C:\Program Files\Java\jre1.8.0_131\lib\jce.jar;C:\Program Files\Java\jre1.8.0_131\lib\charsets.jar;C:\Program Files\Java\jre1.8.0_131\lib\jfr.jar;C:\Program Files\Java\jre1.8.0_131\lib\ext\access-bridge-64.jar;C:\Program Files\Java\jre1.8.0_131\lib\ext\cldrdata.jar;C:\Program Files\Java\jre1.8.0_131\lib\ext\dnsns.jar;C:\Program Files\Java\jre1.8.0_131\lib\ext\jaccess.jar;C:\Program Files\Java\jre1.8.0_131\lib\ext\jfxrt.jar;C:\Program Files\Java\jre1.8.0_131\lib\ext\localedata.jar;C:\Program Files\Java\jre1.8.0_131\lib\ext\nashorn.jar;C:\Program Files\Java\jre1.8.0_131\lib\ext\sunec.jar;C:\Program Files\Java\jre1.8.0_131\lib\ext\sunjce_provider.jar;C:\Program Files\Java\jre1.8.0_131\lib\ext\sunmscapi.jar;C:\Program Files\Java\jre1.8.0_131\lib\ext\sunpkcs11.jar;C:\Program Files\Java\jre1.8.0_131\lib\ext\zipfs.jar;C:\Users\Griffin\Documents\GitHub\composition-tools\Rhythms\bin;C:\Users\Griffin\Documents\GitHub\evolution-manager\EvolutionManager\bin;C:\Program Files\processing-3.4\core\library\core.jar;C:\Users\Griffin\Documents\GitHub\composition-tools\CsoundHelper\bin;C:\Program Files\Csound6_x64\bin\csnd6.jar
Launcher Type: SUN_STANDARD

Environment Variables:
CLASSPATH=C:\users\griffin\documents\ncsu\research
PATH=C:/Program Files/Java/jre1.8.0_131/bin/server;C:/Program Files/Java/jre1.8.0_131/bin;C:/Program Files/Java/jre1.8.0_131/lib/amd64;C:\Program Files (x86)\Common Files\Intel\Shared Libraries\redist\intel64\compiler;C:\Program Files\NVIDIA GPU Computing Toolkit\CUDA\v9.0\bin;C:\Program Files\NVIDIA GPU Computing Toolkit\CUDA\v9.0\libnvvp;C:\Program Files\NVIDIA GPU Computing Toolkit\CUDA\v9.2\bin;C:\Program Files\NVIDIA GPU Computing Toolkit\CUDA\v9.2\libnvvp;C:\ProgramData\Oracle\Java\javapath;C:\Program Files (x86)\Java\jre1.8.0_111\bin;C:\Program Files\MATLAB\R2016b\bin;C:\Program Files\Csound6_x64\bin;C:\WINDOWS\system32;C:\WINDOWS;C:\WINDOWS\System32\Wbem;C:\WINDOWS\System32\WindowsPowerShell\v1.0\;C:\Windows\System32;;C:\Program Files (x86)\NVIDIA Corporation\PhysX\Common;C:\WINDOWS\system32;C:\WINDOWS;C:\WINDOWS\System32\Wbem;C:\WINDOWS\System32\WindowsPowerShell\v1.0\;C:\WINDOWS\System32\OpenSSH\;C:\Users\Griffin\AppData\Local\Microsoft\WindowsApps;C:\Users\Griffin\AppData\Local\GitHubDesktop\bin;%USERPROFILE%\AppData\Local\Microsoft\WindowsApps;;C:\WINDOWS\System32;
USERNAME=Griffin
OS=Windows_NT
PROCESSOR_IDENTIFIER=Intel64 Family 6 Model 60 Stepping 3, GenuineIntel



---------------  S Y S T E M  ---------------

OS: Windows 10.0 , 64 bit Build 17134 (10.0.17134.1)

CPU:total 4 (initial active 4) (4 cores per cpu, 1 threads per core) family 6 model 60 stepping 3, cmov, cx8, fxsr, mmx, sse, sse2, sse3, ssse3, sse4.1, sse4.2, popcnt, avx, avx2, aes, clmul, erms, lzcnt, tsc, tscinvbit, bmi1, bmi2

Memory: 4k page, physical 8336232k(4289096k free), swap 20559388k(13196700k free)

vm_info: Java HotSpot(TM) 64-Bit Server VM (25.131-b11) for windows-amd64 JRE (1.8.0_131-b11), built on Mar 15 2017 01:23:53 by "java_re" with MS VC++ 10.0 (VS2010)

time: Fri Aug 17 00:31:32 2018
elapsed time: 123 seconds (0d 0h 2m 3s)

